TN:
SF:src\polyfills.ts
FNF:0
FNH:0
LF:0
LH:0
BRF:0
BRH:0
end_of_record
TN:
SF:src\test.ts
FNF:0
FNH:0
DA:18,1
DA:23,1
DA:25,1
LF:3
LH:3
BRF:0
BRH:0
end_of_record
TN:
SF:src\app\app.component.ts
FNF:0
FNH:0
DA:8,1
DA:9,1
LF:2
LH:2
BRF:0
BRH:0
end_of_record
TN:
SF:src\app\components\side-navigation\side-navigation.component.ts
FN:14,(anonymous_0)
FN:16,(anonymous_1)
FN:20,(anonymous_2)
FN:31,(anonymous_3)
FNF:4
FNH:1
FNDA:1,(anonymous_0)
FNDA:0,(anonymous_1)
FNDA:0,(anonymous_2)
FNDA:0,(anonymous_3)
DA:9,1
DA:10,1
DA:14,1
DA:17,0
DA:21,0
DA:22,0
DA:23,0
DA:24,0
DA:25,0
DA:26,0
DA:28,0
DA:33,0
DA:34,0
LF:13
LH:3
BRF:0
BRH:0
end_of_record
TN:
SF:src\app\components\utility-navigation\utility-navigation.component.ts
FN:15,(anonymous_0)
FN:16,(anonymous_1)
FN:19,(anonymous_2)
FN:21,(anonymous_3)
FN:26,(anonymous_4)
FNF:5
FNH:0
FNDA:0,(anonymous_0)
FNDA:0,(anonymous_1)
FNDA:0,(anonymous_2)
FNDA:0,(anonymous_3)
FNDA:0,(anonymous_4)
DA:11,1
DA:15,0
DA:16,0
DA:22,0
DA:23,0
DA:27,0
DA:28,0
LF:7
LH:1
BRF:0
BRH:0
end_of_record
TN:
SF:src\app\models\data.ts
FNF:0
FNH:0
DA:1,1
LF:1
LH:1
BRF:0
BRH:0
end_of_record
TN:
SF:src\app\pipes\relative-time-m.pipe.ts
FN:9,(anonymous_0)
FNF:1
FNH:0
FNDA:0,(anonymous_0)
DA:6,1
DA:10,0
DA:11,0
DA:13,0
DA:14,0
DA:35,0
DA:45,0
DA:46,0
DA:47,0
DA:48,0
DA:50,0
DA:53,0
DA:60,0
LF:13
LH:1
BRDA:10,0,0,0
BRDA:10,0,1,0
BRDA:13,1,0,0
BRDA:13,1,1,0
BRDA:47,2,0,0
BRDA:47,2,1,0
BRDA:48,3,0,0
BRDA:48,3,1,0
BRF:8
BRH:0
end_of_record
TN:
SF:src\app\services\auth.service.ts
FN:18,(anonymous_0)
FN:23,(anonymous_1)
FN:27,(anonymous_2)
FN:41,(anonymous_3)
FN:43,(anonymous_4)
FN:68,(anonymous_5)
FNF:6
FNH:0
FNDA:0,(anonymous_0)
FNDA:0,(anonymous_1)
FNDA:0,(anonymous_2)
FNDA:0,(anonymous_3)
FNDA:0,(anonymous_4)
FNDA:0,(anonymous_5)
DA:12,1
DA:16,0
DA:18,0
DA:19,0
DA:20,0
DA:24,0
DA:28,0
DA:29,0
DA:30,0
DA:32,0
DA:33,0
DA:35,0
DA:38,0
DA:42,0
DA:44,0
DA:45,0
DA:46,0
DA:49,0
DA:51,0
DA:57,0
DA:58,0
DA:59,0
DA:62,0
DA:64,0
DA:69,0
DA:70,0
LF:26
LH:1
BRDA:28,0,0,0
BRDA:28,0,1,0
BRDA:32,1,0,0
BRDA:32,1,1,0
BRDA:44,2,0,0
BRDA:44,2,1,0
BRF:6
BRH:0
end_of_record
TN:
SF:src\app\views\animal-profile\animal-profile.component.ts
FN:119,(anonymous_0)
FN:128,(anonymous_1)
FN:139,(anonymous_2)
FN:165,(anonymous_3)
FN:168,(anonymous_4)
FN:176,(anonymous_5)
FN:187,(anonymous_6)
FN:198,(anonymous_7)
FN:204,(anonymous_8)
FN:207,(anonymous_9)
FNF:10
FNH:0
FNDA:0,(anonymous_0)
FNDA:0,(anonymous_1)
FNDA:0,(anonymous_2)
FNDA:0,(anonymous_3)
FNDA:0,(anonymous_4)
FNDA:0,(anonymous_5)
FNDA:0,(anonymous_6)
FNDA:0,(anonymous_7)
FNDA:0,(anonymous_8)
FNDA:0,(anonymous_9)
DA:16,1
DA:24,0
DA:68,0
DA:120,0
DA:121,0
DA:122,0
DA:123,0
DA:124,0
DA:125,0
DA:129,0
DA:130,0
DA:132,0
DA:133,0
DA:135,0
DA:136,0
DA:140,0
DA:141,0
DA:142,0
DA:145,0
DA:147,0
DA:149,0
DA:155,0
DA:161,0
DA:166,0
DA:169,0
DA:170,0
DA:171,0
DA:177,0
DA:187,0
DA:188,0
DA:189,0
DA:193,0
DA:194,0
DA:199,0
DA:200,0
DA:205,0
DA:208,0
LF:37
LH:1
BRDA:189,0,0,0
BRDA:189,0,1,0
BRDA:193,1,0,0
BRDA:193,1,1,0
BRF:4
BRH:0
end_of_record
TN:
SF:src\app\views\animals\animals.component.ts
FN:22,(anonymous_0)
FN:24,(anonymous_1)
FN:33,(anonymous_2)
FN:37,(anonymous_3)
FN:50,(anonymous_4)
FN:59,(anonymous_5)
FN:69,(anonymous_6)
FN:73,(anonymous_7)
FN:85,(anonymous_8)
FN:102,(anonymous_9)
FN:118,(anonymous_10)
FN:127,(anonymous_11)
FN:133,(anonymous_12)
FNF:13
FNH:7
FNDA:20,(anonymous_0)
FNDA:1,(anonymous_1)
FNDA:0,(anonymous_2)
FNDA:0,(anonymous_3)
FNDA:1,(anonymous_4)
FNDA:1,(anonymous_5)
FNDA:0,(anonymous_6)
FNDA:4,(anonymous_7)
FNDA:0,(anonymous_8)
FNDA:2,(anonymous_9)
FNDA:0,(anonymous_10)
FNDA:0,(anonymous_11)
FNDA:2,(anonymous_12)
DA:10,1
DA:15,20
DA:18,20
DA:19,20
DA:22,20
DA:25,1
DA:26,1
DA:27,1
DA:29,0
DA:30,0
DA:34,0
DA:35,0
DA:36,0
DA:37,0
DA:38,0
DA:39,0
DA:40,0
DA:42,0
DA:45,0
DA:51,1
DA:52,1
DA:53,1
DA:55,0
DA:56,0
DA:57,0
DA:60,1
DA:61,1
DA:62,1
DA:64,0
DA:65,0
DA:66,0
DA:70,0
DA:74,4
DA:75,2
DA:76,2
DA:78,2
DA:79,2
DA:80,2
DA:82,0
DA:86,0
DA:87,0
DA:88,0
DA:89,0
DA:98,0
DA:103,2
DA:104,2
DA:119,0
DA:120,0
DA:122,0
DA:123,0
DA:128,0
DA:129,0
DA:130,0
DA:135,2
DA:136,1
DA:137,4
DA:138,10
DA:139,4
DA:140,4
DA:141,4
DA:145,1
DA:147,1
DA:148,4
DA:149,10
DA:150,0
DA:151,0
DA:152,0
DA:156,1
DA:158,2
LF:69
LH:35
BRDA:25,0,0,1
BRDA:25,0,1,0
BRDA:39,1,0,0
BRDA:39,1,1,0
BRDA:40,2,0,0
BRDA:40,2,1,0
BRDA:51,3,0,1
BRDA:51,3,1,0
BRDA:60,4,0,1
BRDA:60,4,1,0
BRDA:74,5,0,2
BRDA:74,5,1,2
BRDA:78,6,0,2
BRDA:78,6,1,0
BRDA:119,7,0,0
BRDA:119,7,1,0
BRDA:135,8,0,1
BRDA:135,8,1,1
BRDA:138,9,0,4
BRDA:138,9,1,6
BRDA:149,10,0,0
BRDA:149,10,1,10
BRF:22
BRH:11
end_of_record
TN:
SF:src\app\views\animals\animal-info-card\animal-info-card.component.ts
FN:22,(anonymous_0)
FN:29,(anonymous_1)
FN:33,(anonymous_2)
FN:45,(anonymous_3)
FN:68,(anonymous_4)
FN:80,(anonymous_5)
FN:85,(anonymous_6)
FN:91,(anonymous_7)
FN:96,(anonymous_8)
FN:121,(anonymous_9)
FN:124,(anonymous_10)
FNF:11
FNH:0
FNDA:0,(anonymous_0)
FNDA:0,(anonymous_1)
FNDA:0,(anonymous_2)
FNDA:0,(anonymous_3)
FNDA:0,(anonymous_4)
FNDA:0,(anonymous_5)
FNDA:0,(anonymous_6)
FNDA:0,(anonymous_7)
FNDA:0,(anonymous_8)
FNDA:0,(anonymous_9)
FNDA:0,(anonymous_10)
DA:15,1
DA:20,0
DA:23,0
DA:24,0
DA:25,0
DA:26,0
DA:27,0
DA:30,0
DA:34,0
DA:35,0
DA:37,0
DA:39,0
DA:47,0
DA:51,0
DA:52,0
DA:53,0
DA:54,0
DA:57,0
DA:68,0
DA:69,0
DA:70,0
DA:72,0
DA:74,0
DA:75,0
DA:81,0
DA:82,0
DA:83,0
DA:86,0
DA:87,0
DA:88,0
DA:92,0
DA:97,0
DA:98,0
DA:99,0
DA:100,0
DA:101,0
DA:102,0
DA:103,0
DA:108,0
DA:109,0
DA:110,0
DA:111,0
DA:112,0
DA:113,0
DA:122,0
DA:125,0
LF:46
LH:1
BRDA:35,0,0,0
BRDA:35,0,1,0
BRDA:52,1,0,0
BRDA:52,1,1,0
BRDA:70,2,0,0
BRDA:70,2,1,0
BRDA:74,3,0,0
BRDA:74,3,1,0
BRDA:97,4,0,0
BRDA:97,4,1,0
BRDA:100,5,0,0
BRDA:100,5,1,0
BRDA:110,6,0,0
BRDA:110,6,1,0
BRF:14
BRH:0
end_of_record
TN:
SF:src\app\views\animals\animal-search-sidenav\animal-search-sidenav.component.ts
FN:20,(anonymous_0)
FN:22,(anonymous_1)
FN:26,(anonymous_2)
FN:29,(anonymous_3)
FN:35,(anonymous_4)
FN:44,(anonymous_5)
FN:50,(anonymous_6)
FN:55,(anonymous_7)
FNF:8
FNH:1
FNDA:1,(anonymous_0)
FNDA:0,(anonymous_1)
FNDA:0,(anonymous_2)
FNDA:0,(anonymous_3)
FNDA:0,(anonymous_4)
FNDA:0,(anonymous_5)
FNDA:0,(anonymous_6)
FNDA:0,(anonymous_7)
DA:10,1
DA:15,1
DA:16,1
DA:20,1
DA:23,0
DA:27,0
DA:30,0
DA:31,0
DA:32,0
DA:36,0
DA:37,0
DA:39,0
DA:40,0
DA:45,0
DA:46,0
DA:47,0
DA:51,0
DA:52,0
DA:56,0
DA:57,0
DA:58,0
DA:59,0
DA:60,0
DA:61,0
DA:62,0
DA:67,0
DA:68,0
DA:69,0
DA:70,0
DA:71,0
DA:72,0
LF:31
LH:4
BRDA:36,0,0,0
BRDA:36,0,1,0
BRDA:46,1,0,0
BRDA:46,1,1,0
BRDA:56,2,0,0
BRDA:56,2,1,0
BRDA:59,3,0,0
BRDA:59,3,1,0
BRDA:69,4,0,0
BRDA:69,4,1,0
BRF:10
BRH:0
end_of_record
TN:
SF:src\app\views\animals\animals-gallery\animals-gallery.component.ts
FN:22,(anonymous_0)
FN:24,(anonymous_1)
FN:31,(anonymous_2)
FN:40,(anonymous_3)
FN:45,(anonymous_4)
FN:51,(anonymous_5)
FN:55,(anonymous_6)
FN:59,(anonymous_7)
FN:67,(anonymous_8)
FN:72,(anonymous_9)
FN:81,(anonymous_10)
FN:86,(anonymous_11)
FN:111,(anonymous_12)
FN:114,(anonymous_13)
FNF:14
FNH:0
FNDA:0,(anonymous_0)
FNDA:0,(anonymous_1)
FNDA:0,(anonymous_2)
FNDA:0,(anonymous_3)
FNDA:0,(anonymous_4)
FNDA:0,(anonymous_5)
FNDA:0,(anonymous_6)
FNDA:0,(anonymous_7)
FNDA:0,(anonymous_8)
FNDA:0,(anonymous_9)
FNDA:0,(anonymous_10)
FNDA:0,(anonymous_11)
FNDA:0,(anonymous_12)
FNDA:0,(anonymous_13)
DA:11,1
DA:15,0
DA:18,0
DA:19,0
DA:22,0
DA:25,0
DA:26,0
DA:27,0
DA:28,0
DA:32,0
DA:33,0
DA:34,0
DA:35,0
DA:41,0
DA:42,0
DA:43,0
DA:46,0
DA:47,0
DA:48,0
DA:52,0
DA:56,0
DA:60,0
DA:61,0
DA:62,0
DA:63,0
DA:68,0
DA:73,0
DA:74,0
DA:76,0
DA:77,0
DA:82,0
DA:83,0
DA:84,0
DA:87,0
DA:88,0
DA:89,0
DA:90,0
DA:91,0
DA:92,0
DA:93,0
DA:98,0
DA:99,0
DA:100,0
DA:101,0
DA:102,0
DA:103,0
DA:112,0
DA:115,0
LF:48
LH:1
BRDA:73,0,0,0
BRDA:73,0,1,0
BRDA:87,1,0,0
BRDA:87,1,1,0
BRDA:90,2,0,0
BRDA:90,2,1,0
BRDA:100,3,0,0
BRDA:100,3,1,0
BRF:8
BRH:0
end_of_record
TN:
SF:src\app\views\animals\animals-gallery\animal-photos\animal-photos.component.ts
FN:105,(anonymous_0)
FN:113,(anonymous_1)
FN:125,(anonymous_2)
FN:133,(anonymous_3)
FN:148,(anonymous_4)
FN:159,(anonymous_5)
FN:170,(anonymous_6)
FN:177,(anonymous_7)
FN:180,(anonymous_8)
FNF:9
FNH:0
FNDA:0,(anonymous_0)
FNDA:0,(anonymous_1)
FNDA:0,(anonymous_2)
FNDA:0,(anonymous_3)
FNDA:0,(anonymous_4)
FNDA:0,(anonymous_5)
FNDA:0,(anonymous_6)
FNDA:0,(anonymous_7)
FNDA:0,(anonymous_8)
DA:15,1
DA:23,0
DA:24,0
DA:106,0
DA:107,0
DA:108,0
DA:109,0
DA:110,0
DA:114,0
DA:115,0
DA:116,0
DA:118,0
DA:119,0
DA:121,0
DA:122,0
DA:126,0
DA:127,0
DA:128,0
DA:129,0
DA:134,0
DA:148,0
DA:149,0
DA:150,0
DA:154,0
DA:160,0
DA:161,0
DA:162,0
DA:163,0
DA:164,0
DA:165,0
DA:167,0
DA:171,0
DA:172,0
DA:173,0
DA:178,0
DA:181,0
LF:36
LH:1
BRDA:150,0,0,0
BRDA:150,0,1,0
BRDA:154,1,0,0
BRDA:154,1,1,0
BRF:4
BRH:0
end_of_record
TN:
SF:src\app\views\animals\animals-gallery\animal-photos\animal-photo-details\animal-photo-details.component.ts
FN:29,(anonymous_0)
FN:34,(anonymous_1)
FN:48,(anonymous_2)
FN:51,(anonymous_3)
FN:56,(anonymous_4)
FN:61,(anonymous_5)
FN:65,(anonymous_6)
FN:71,(anonymous_7)
FN:75,(anonymous_8)
FN:91,(anonymous_9)
FN:107,(anonymous_10)
FNF:11
FNH:0
FNDA:0,(anonymous_0)
FNDA:0,(anonymous_1)
FNDA:0,(anonymous_2)
FNDA:0,(anonymous_3)
FNDA:0,(anonymous_4)
FNDA:0,(anonymous_5)
FNDA:0,(anonymous_6)
FNDA:0,(anonymous_7)
FNDA:0,(anonymous_8)
FNDA:0,(anonymous_9)
FNDA:0,(anonymous_10)
DA:10,1
DA:16,0
DA:30,0
DA:31,0
DA:32,0
DA:36,0
DA:37,0
DA:38,0
DA:39,0
DA:40,0
DA:41,0
DA:42,0
DA:45,0
DA:49,0
DA:53,0
DA:54,0
DA:58,0
DA:59,0
DA:63,0
DA:66,0
DA:67,0
DA:68,0
DA:69,0
DA:72,0
DA:77,0
DA:82,0
DA:83,0
DA:84,0
DA:85,0
DA:87,0
DA:93,0
DA:98,0
DA:99,0
DA:100,0
DA:101,0
DA:103,0
DA:109,0
LF:37
LH:1
BRDA:53,0,0,0
BRDA:53,0,1,0
BRDA:58,1,0,0
BRDA:58,1,1,0
BRDA:77,2,0,0
BRDA:77,2,1,0
BRDA:82,3,0,0
BRDA:82,3,1,0
BRDA:84,4,0,0
BRDA:84,4,1,0
BRDA:93,5,0,0
BRDA:93,5,1,0
BRDA:98,6,0,0
BRDA:98,6,1,0
BRDA:100,7,0,0
BRDA:100,7,1,0
BRF:16
BRH:0
end_of_record
TN:
SF:src\app\views\animals\animals-gallery\animals-gallery-card\animals-gallery-card.component.ts
FN:20,(anonymous_0)
FN:27,(anonymous_1)
FN:32,(anonymous_2)
FN:80,(anonymous_3)
FN:86,(anonymous_4)
FN:98,(anonymous_5)
FN:123,(anonymous_6)
FN:126,(anonymous_7)
FNF:8
FNH:0
FNDA:0,(anonymous_0)
FNDA:0,(anonymous_1)
FNDA:0,(anonymous_2)
FNDA:0,(anonymous_3)
FNDA:0,(anonymous_4)
FNDA:0,(anonymous_5)
FNDA:0,(anonymous_6)
FNDA:0,(anonymous_7)
DA:13,1
DA:18,0
DA:21,0
DA:22,0
DA:23,0
DA:24,0
DA:25,0
DA:28,0
DA:33,0
DA:34,0
DA:36,0
DA:38,0
DA:81,0
DA:82,0
DA:83,0
DA:87,0
DA:88,0
DA:89,0
DA:90,0
DA:91,0
DA:92,0
DA:94,0
DA:99,0
DA:100,0
DA:101,0
DA:102,0
DA:103,0
DA:104,0
DA:105,0
DA:110,0
DA:111,0
DA:112,0
DA:113,0
DA:114,0
DA:115,0
DA:124,0
DA:127,0
LF:37
LH:1
BRDA:34,0,0,0
BRDA:34,0,1,0
BRDA:99,1,0,0
BRDA:99,1,1,0
BRDA:102,2,0,0
BRDA:102,2,1,0
BRDA:112,3,0,0
BRDA:112,3,1,0
BRF:8
BRH:0
end_of_record
TN:
SF:src\app\views\animals\animals-gallery\animals-gallery-toolbar\animals-gallery-toolbar.component.ts
FN:14,(anonymous_0)
FN:16,(anonymous_1)
FN:19,(anonymous_2)
FNF:3
FNH:0
FNDA:0,(anonymous_0)
FNDA:0,(anonymous_1)
FNDA:0,(anonymous_2)
DA:12,1
DA:14,0
DA:20,0
DA:21,0
DA:22,0
DA:23,0
DA:24,0
DA:25,0
DA:27,0
LF:9
LH:1
BRF:0
BRH:0
end_of_record
TN:
SF:src\app\views\animals\edit-animal-info\edit-animal-info.component.ts
FN:20,(anonymous_0)
FN:26,(anonymous_1)
FN:63,(anonymous_2)
FN:96,(anonymous_3)
FN:98,(anonymous_4)
FN:105,(anonymous_5)
FN:107,(anonymous_6)
FN:143,(anonymous_7)
FN:144,(anonymous_8)
FN:152,(anonymous_9)
FN:159,(anonymous_10)
FN:171,(anonymous_11)
FN:175,(anonymous_12)
FN:183,(anonymous_13)
FN:187,(anonymous_14)
FNF:15
FNH:0
FNDA:0,(anonymous_0)
FNDA:0,(anonymous_1)
FNDA:0,(anonymous_2)
FNDA:0,(anonymous_3)
FNDA:0,(anonymous_4)
FNDA:0,(anonymous_5)
FNDA:0,(anonymous_6)
FNDA:0,(anonymous_7)
FNDA:0,(anonymous_8)
FNDA:0,(anonymous_9)
FNDA:0,(anonymous_10)
FNDA:0,(anonymous_11)
FNDA:0,(anonymous_12)
FNDA:0,(anonymous_13)
FNDA:0,(anonymous_14)
DA:12,1
DA:14,0
DA:21,0
DA:22,0
DA:23,0
DA:24,0
DA:28,0
DA:29,0
DA:32,0
DA:34,0
DA:35,0
DA:36,0
DA:37,0
DA:39,0
DA:41,0
DA:42,0
DA:43,0
DA:44,0
DA:46,0
DA:48,0
DA:49,0
DA:50,0
DA:51,0
DA:53,0
DA:55,0
DA:56,0
DA:57,0
DA:58,0
DA:60,0
DA:63,0
DA:64,0
DA:65,0
DA:70,0
DA:93,0
DA:97,0
DA:99,0
DA:100,0
DA:101,0
DA:105,0
DA:110,0
DA:111,0
DA:112,0
DA:113,0
DA:115,0
DA:116,0
DA:118,0
DA:119,0
DA:120,0
DA:121,0
DA:122,0
DA:124,0
DA:143,0
DA:144,0
DA:148,0
DA:153,0
DA:154,0
DA:156,0
DA:160,0
DA:161,0
DA:162,0
DA:163,0
DA:164,0
DA:165,0
DA:172,0
DA:177,0
DA:178,0
DA:179,0
DA:184,0
DA:185,0
DA:188,0
LF:70
LH:1
BRDA:28,0,0,0
BRDA:28,0,1,0
BRDA:35,1,0,0
BRDA:35,1,1,0
BRDA:42,2,0,0
BRDA:42,2,1,0
BRDA:49,3,0,0
BRDA:49,3,1,0
BRDA:56,4,0,0
BRDA:56,4,1,0
BRDA:64,5,0,0
BRDA:64,5,1,0
BRDA:115,6,0,0
BRDA:115,6,1,0
BRDA:136,7,0,0
BRDA:136,7,1,0
BRDA:162,8,0,0
BRDA:162,8,1,0
BRF:18
BRH:0
end_of_record
TN:
SF:src\app\views\login\login.component.ts
FN:22,(anonymous_0)
FN:29,(anonymous_1)
FN:37,(anonymous_2)
FN:39,(anonymous_3)
FN:62,(anonymous_4)
FN:75,(anonymous_5)
FN:83,(anonymous_6)
FN:86,(anonymous_7)
FNF:8
FNH:0
FNDA:0,(anonymous_0)
FNDA:0,(anonymous_1)
FNDA:0,(anonymous_2)
FNDA:0,(anonymous_3)
FNDA:0,(anonymous_4)
FNDA:0,(anonymous_5)
FNDA:0,(anonymous_6)
FNDA:0,(anonymous_7)
DA:13,1
DA:16,0
DA:17,0
DA:19,0
DA:21,0
DA:23,0
DA:24,0
DA:25,0
DA:26,0
DA:27,0
DA:30,0
DA:34,0
DA:37,0
DA:40,0
DA:41,0
DA:43,0
DA:44,0
DA:47,0
DA:48,0
DA:51,0
DA:52,0
DA:53,0
DA:54,0
DA:56,0
DA:57,0
DA:59,0
DA:63,0
DA:65,0
DA:66,0
DA:70,0
DA:71,0
DA:72,0
DA:76,0
DA:77,0
DA:78,0
DA:84,0
DA:87,0
LF:37
LH:1
BRDA:34,0,0,0
BRDA:34,0,1,0
BRDA:43,1,0,0
BRDA:43,1,1,0
BRDA:47,2,0,0
BRDA:47,2,1,0
BRDA:63,3,0,0
BRDA:63,3,1,0
BRF:8
BRH:0
end_of_record
TN:
SF:src\app\views\ranger-permissions\ranger-permissions.component.ts
FN:39,(anonymous_0)
FN:41,(anonymous_1)
FN:46,(anonymous_2)
FN:67,(anonymous_3)
FN:75,(anonymous_4)
FN:80,(anonymous_5)
FN:90,(anonymous_6)
FN:94,(anonymous_7)
FN:119,(anonymous_8)
FN:123,(anonymous_9)
FN:131,(anonymous_10)
FN:136,(anonymous_11)
FN:139,(anonymous_12)
FNF:13
FNH:2
FNDA:8,(anonymous_0)
FNDA:0,(anonymous_1)
FNDA:0,(anonymous_2)
FNDA:0,(anonymous_3)
FNDA:0,(anonymous_4)
FNDA:0,(anonymous_5)
FNDA:0,(anonymous_6)
FNDA:2,(anonymous_7)
FNDA:0,(anonymous_8)
FNDA:0,(anonymous_9)
FNDA:0,(anonymous_10)
FNDA:0,(anonymous_11)
FNDA:0,(anonymous_12)
DA:15,1
DA:31,1
DA:34,8
DA:35,8
DA:36,8
DA:39,8
DA:42,0
DA:43,0
DA:46,0
DA:47,0
DA:48,0
DA:49,0
DA:50,0
DA:52,0
DA:53,0
DA:54,0
DA:55,0
DA:57,0
DA:58,0
DA:59,0
DA:60,0
DA:63,0
DA:65,0
DA:68,0
DA:69,0
DA:70,0
DA:71,0
DA:76,0
DA:77,0
DA:81,0
DA:82,0
DA:83,0
DA:84,0
DA:85,0
DA:87,0
DA:91,0
DA:95,2
DA:96,1
DA:97,4
DA:98,10
DA:99,3
DA:100,3
DA:101,3
DA:106,1
DA:107,4
DA:108,10
DA:109,0
DA:110,0
DA:111,0
DA:116,2
DA:120,0
DA:124,0
DA:125,0
DA:128,0
DA:132,0
DA:137,0
DA:140,0
LF:57
LH:17
BRDA:47,0,0,0
BRDA:47,0,1,0
BRDA:49,1,0,0
BRDA:49,1,1,0
BRDA:52,2,0,0
BRDA:52,2,1,0
BRDA:54,3,0,0
BRDA:54,3,1,0
BRDA:57,4,0,0
BRDA:57,4,1,0
BRDA:59,5,0,0
BRDA:59,5,1,0
BRDA:95,6,0,1
BRDA:95,6,1,1
BRDA:98,7,0,3
BRDA:98,7,1,7
BRDA:108,8,0,0
BRDA:108,8,1,10
BRF:18
BRH:5
end_of_record
TN:
SF:src\app\views\ranger-profile\ranger-profile.component.ts
FN:78,(anonymous_0)
FN:85,(anonymous_1)
FN:95,(anonymous_2)
FN:104,(anonymous_3)
FN:112,(anonymous_4)
FN:118,(anonymous_5)
FN:135,(anonymous_6)
FN:148,(anonymous_7)
FN:163,(anonymous_8)
FN:179,(anonymous_9)
FN:182,(anonymous_10)
FNF:11
FNH:0
FNDA:0,(anonymous_0)
FNDA:0,(anonymous_1)
FNDA:0,(anonymous_2)
FNDA:0,(anonymous_3)
FNDA:0,(anonymous_4)
FNDA:0,(anonymous_5)
FNDA:0,(anonymous_6)
FNDA:0,(anonymous_7)
FNDA:0,(anonymous_8)
FNDA:0,(anonymous_9)
FNDA:0,(anonymous_10)
DA:20,1
DA:25,0
DA:79,0
DA:80,0
DA:81,0
DA:82,0
DA:83,0
DA:86,0
DA:87,0
DA:89,0
DA:90,0
DA:93,0
DA:96,0
DA:97,0
DA:98,0
DA:99,0
DA:102,0
DA:105,0
DA:106,0
DA:107,0
DA:113,0
DA:119,0
DA:121,0
DA:135,0
DA:136,0
DA:137,0
DA:139,0
DA:140,0
DA:142,0
DA:143,0
DA:149,0
DA:150,0
DA:152,0
DA:163,0
DA:164,0
DA:165,0
DA:167,0
DA:169,0
DA:170,0
DA:175,0
DA:180,0
DA:183,0
LF:42
LH:1
BRDA:137,0,0,0
BRDA:137,0,1,0
BRDA:142,1,0,0
BRDA:142,1,1,0
BRDA:165,2,0,0
BRDA:165,2,1,0
BRDA:169,3,0,0
BRDA:169,3,1,0
BRF:8
BRH:0
end_of_record
TN:
SF:src\app\views\rangers\rangers.component.ts
FN:20,(anonymous_0)
FN:22,(anonymous_1)
FN:26,(anonymous_2)
FN:34,(anonymous_3)
FN:38,(anonymous_4)
FN:41,(anonymous_5)
FN:51,(anonymous_6)
FN:54,(anonymous_7)
FN:54,(anonymous_8)
FN:62,(anonymous_9)
FN:65,(anonymous_10)
FN:74,(anonymous_11)
FN:75,(anonymous_12)
FN:79,(anonymous_13)
FN:84,(anonymous_14)
FN:91,(anonymous_15)
FN:96,(anonymous_16)
FNF:17
FNH:3
FNDA:5,(anonymous_0)
FNDA:0,(anonymous_1)
FNDA:0,(anonymous_2)
FNDA:0,(anonymous_3)
FNDA:0,(anonymous_4)
FNDA:0,(anonymous_5)
FNDA:0,(anonymous_6)
FNDA:0,(anonymous_7)
FNDA:0,(anonymous_8)
FNDA:0,(anonymous_9)
FNDA:0,(anonymous_10)
FNDA:0,(anonymous_11)
FNDA:0,(anonymous_12)
FNDA:0,(anonymous_13)
FNDA:0,(anonymous_14)
FNDA:2,(anonymous_15)
FNDA:4,(anonymous_16)
DA:11,1
DA:16,5
DA:20,5
DA:23,0
DA:24,0
DA:27,0
DA:28,0
DA:29,0
DA:30,0
DA:35,0
DA:39,0
DA:42,0
DA:43,0
DA:44,0
DA:45,0
DA:47,0
DA:48,0
DA:49,0
DA:51,0
DA:52,0
DA:54,0
DA:55,0
DA:56,0
DA:58,0
DA:63,0
DA:66,0
DA:67,0
DA:68,0
DA:69,0
DA:71,0
DA:72,0
DA:75,0
DA:80,0
DA:81,0
DA:82,0
DA:85,0
DA:86,0
DA:87,0
DA:92,2
DA:93,2
DA:98,4
DA:99,2
DA:100,10
DA:101,30
DA:102,4
DA:103,4
DA:104,4
DA:108,2
DA:110,2
DA:111,8
DA:112,20
DA:113,0
DA:114,0
DA:115,0
DA:119,2
DA:121,4
DA:122,4
LF:57
LH:19
BRDA:46,0,0,0
BRDA:46,0,1,0
BRDA:46,0,2,0
BRDA:68,1,0,0
BRDA:68,1,1,0
BRDA:71,2,0,0
BRDA:71,2,1,0
BRDA:98,3,0,2
BRDA:98,3,1,2
BRDA:101,4,0,4
BRDA:101,4,1,26
BRDA:112,5,0,0
BRDA:112,5,1,20
BRF:13
BRH:5
end_of_record
TN:
SF:src\app\views\rangers\add-ranger\add-ranger.component.ts
FN:20,(anonymous_0)
FN:22,(anonymous_1)
FN:34,(anonymous_2)
FN:36,(anonymous_3)
FN:52,(anonymous_4)
FN:53,(anonymous_5)
FN:56,(anonymous_6)
FN:61,(anonymous_7)
FN:70,(anonymous_8)
FN:74,(anonymous_9)
FNF:10
FNH:2
FNDA:3,(anonymous_0)
FNDA:0,(anonymous_1)
FNDA:0,(anonymous_2)
FNDA:1,(anonymous_3)
FNDA:0,(anonymous_4)
FNDA:0,(anonymous_5)
FNDA:0,(anonymous_6)
FNDA:0,(anonymous_7)
FNDA:0,(anonymous_8)
FNDA:0,(anonymous_9)
DA:14,1
DA:16,3
DA:17,3
DA:19,3
DA:20,3
DA:23,0
DA:31,0
DA:34,0
DA:37,1
DA:38,0
DA:39,0
DA:40,0
DA:42,0
DA:43,0
DA:44,0
DA:45,0
DA:47,0
DA:52,0
DA:53,0
DA:57,0
DA:64,0
DA:65,0
DA:66,0
DA:71,0
DA:72,0
DA:75,0
LF:26
LH:6
BRDA:37,0,0,1
BRDA:37,0,1,0
BRDA:39,1,0,0
BRDA:39,1,1,0
BRF:4
BRH:1
end_of_record
TN:
SF:src\app\views\rangers\delete-ranger\delete-ranger.component.ts
FN:17,(anonymous_0)
FN:23,(anonymous_1)
FN:28,(anonymous_2)
FN:35,(anonymous_3)
FN:36,(anonymous_4)
FN:39,(anonymous_5)
FN:43,(anonymous_6)
FN:52,(anonymous_7)
FN:56,(anonymous_8)
FNF:9
FNH:3
FNDA:2,(anonymous_0)
FNDA:1,(anonymous_1)
FNDA:1,(anonymous_2)
FNDA:0,(anonymous_3)
FNDA:0,(anonymous_4)
FNDA:0,(anonymous_5)
FNDA:0,(anonymous_6)
FNDA:0,(anonymous_7)
FNDA:0,(anonymous_8)
DA:13,1
DA:18,2
DA:19,2
DA:20,2
DA:21,2
DA:24,1
DA:25,1
DA:29,1
DA:30,0
DA:31,0
DA:32,0
DA:35,0
DA:36,0
DA:40,0
DA:46,0
DA:47,0
DA:48,0
DA:53,0
DA:54,0
DA:57,0
LF:20
LH:8
BRDA:29,0,0,1
BRDA:29,0,1,0
BRF:2
BRH:1
end_of_record
TN:
SF:src\app\views\rangers\edit-ranger-info\edit-ranger-info.component.ts
FN:16,(anonymous_0)
FN:18,(anonymous_1)
FN:28,(anonymous_2)
FN:30,(anonymous_3)
FN:40,(anonymous_4)
FN:41,(anonymous_5)
FN:48,(anonymous_6)
FN:52,(anonymous_7)
FN:61,(anonymous_8)
FN:65,(anonymous_9)
FNF:10
FNH:2
FNDA:3,(anonymous_0)
FNDA:0,(anonymous_1)
FNDA:0,(anonymous_2)
FNDA:1,(anonymous_3)
FNDA:0,(anonymous_4)
FNDA:0,(anonymous_5)
FNDA:0,(anonymous_6)
FNDA:0,(anonymous_7)
FNDA:0,(anonymous_8)
FNDA:0,(anonymous_9)
DA:13,1
DA:16,3
DA:19,0
DA:25,0
DA:28,0
DA:31,1
DA:32,0
DA:36,0
DA:40,0
DA:41,0
DA:45,1
DA:49,0
DA:55,0
DA:56,0
DA:57,0
DA:62,0
DA:63,0
DA:66,0
LF:18
LH:4
BRDA:31,0,0,0
BRDA:31,0,1,1
BRF:2
BRH:1
end_of_record
TN:
SF:src\app\views\rangers\ranger-profile-card\ranger-profile-card.component.ts
FN:24,(anonymous_0)
FN:26,(anonymous_1)
FN:31,(anonymous_2)
FN:43,(anonymous_3)
FN:67,(anonymous_4)
FN:79,(anonymous_5)
FN:96,(anonymous_6)
FN:113,(anonymous_7)
FN:117,(anonymous_8)
FN:121,(anonymous_9)
FN:150,(anonymous_10)
FN:153,(anonymous_11)
FNF:12
FNH:0
FNDA:0,(anonymous_0)
FNDA:0,(anonymous_1)
FNDA:0,(anonymous_2)
FNDA:0,(anonymous_3)
FNDA:0,(anonymous_4)
FNDA:0,(anonymous_5)
FNDA:0,(anonymous_6)
FNDA:0,(anonymous_7)
FNDA:0,(anonymous_8)
FNDA:0,(anonymous_9)
FNDA:0,(anonymous_10)
FNDA:0,(anonymous_11)
DA:16,1
DA:21,0
DA:24,0
DA:27,0
DA:32,0
DA:33,0
DA:35,0
DA:37,0
DA:44,0
DA:47,0
DA:48,0
DA:49,0
DA:50,0
DA:51,0
DA:53,0
DA:67,0
DA:68,0
DA:69,0
DA:71,0
DA:73,0
DA:74,0
DA:80,0
DA:81,0
DA:83,0
DA:85,0
DA:96,0
DA:97,0
DA:98,0
DA:101,0
DA:103,0
DA:104,0
DA:109,0
DA:114,0
DA:118,0
DA:123,0
DA:124,0
DA:125,0
DA:126,0
DA:127,0
DA:128,0
DA:129,0
DA:133,0
DA:135,0
DA:136,0
DA:137,0
DA:138,0
DA:139,0
DA:140,0
DA:144,0
DA:146,0
DA:147,0
DA:151,0
DA:154,0
LF:53
LH:1
BRDA:33,0,0,0
BRDA:33,0,1,0
BRDA:69,1,0,0
BRDA:69,1,1,0
BRDA:73,2,0,0
BRDA:73,2,1,0
BRDA:98,3,0,0
BRDA:98,3,1,0
BRDA:103,4,0,0
BRDA:103,4,1,0
BRDA:123,5,0,0
BRDA:123,5,1,0
BRDA:126,6,0,0
BRDA:126,6,1,0
BRDA:137,7,0,0
BRDA:137,7,1,0
BRF:16
BRH:0
end_of_record
TN:
SF:src\app\views\rangers\ranger-search-sidenav-comp\ranger-search-sidenav-comp.component.ts
FN:22,(anonymous_0)
FN:24,(anonymous_1)
FN:28,(anonymous_2)
FN:32,(anonymous_3)
FN:36,(anonymous_4)
FN:45,(anonymous_5)
FN:51,(anonymous_6)
FN:56,(anonymous_7)
FNF:8
FNH:0
FNDA:0,(anonymous_0)
FNDA:0,(anonymous_1)
FNDA:0,(anonymous_2)
FNDA:0,(anonymous_3)
FNDA:0,(anonymous_4)
FNDA:0,(anonymous_5)
FNDA:0,(anonymous_6)
FNDA:0,(anonymous_7)
DA:11,1
DA:16,0
DA:17,0
DA:22,0
DA:25,0
DA:29,0
DA:33,0
DA:37,0
DA:38,0
DA:40,0
DA:41,0
DA:46,0
DA:47,0
DA:48,0
DA:52,0
DA:53,0
DA:58,0
DA:59,0
DA:60,0
DA:61,0
DA:62,0
DA:63,0
DA:64,0
DA:68,0
DA:71,0
DA:72,0
DA:73,0
DA:74,0
DA:75,0
DA:76,0
DA:80,0
DA:82,0
DA:83,0
LF:33
LH:1
BRDA:37,0,0,0
BRDA:37,0,1,0
BRDA:47,1,0,0
BRDA:47,1,1,0
BRDA:58,2,0,0
BRDA:58,2,1,0
BRDA:61,3,0,0
BRDA:61,3,1,0
BRDA:73,4,0,0
BRDA:73,4,1,0
BRF:10
BRH:0
end_of_record
TN:
SF:src\app\views\rangers\rangers-toolbar\rangers-toolbar.component.ts
FN:24,(anonymous_0)
FN:26,(anonymous_1)
FN:28,(anonymous_2)
FN:38,(anonymous_3)
FN:50,(anonymous_4)
FN:54,(anonymous_5)
FN:63,(anonymous_6)
FN:69,(anonymous_7)
FN:74,(anonymous_8)
FN:105,(anonymous_9)
FN:108,(anonymous_10)
FNF:11
FNH:0
FNDA:0,(anonymous_0)
FNDA:0,(anonymous_1)
FNDA:0,(anonymous_2)
FNDA:0,(anonymous_3)
FNDA:0,(anonymous_4)
FNDA:0,(anonymous_5)
FNDA:0,(anonymous_6)
FNDA:0,(anonymous_7)
FNDA:0,(anonymous_8)
FNDA:0,(anonymous_9)
FNDA:0,(anonymous_10)
DA:13,1
DA:17,0
DA:18,0
DA:22,0
DA:24,0
DA:29,0
DA:31,0
DA:38,0
DA:39,0
DA:40,0
DA:42,0
DA:44,0
DA:45,0
DA:51,0
DA:55,0
DA:56,0
DA:58,0
DA:59,0
DA:64,0
DA:65,0
DA:66,0
DA:70,0
DA:71,0
DA:76,0
DA:77,0
DA:78,0
DA:79,0
DA:80,0
DA:81,0
DA:82,0
DA:86,0
DA:89,0
DA:90,0
DA:91,0
DA:92,0
DA:93,0
DA:94,0
DA:98,0
DA:100,0
DA:101,0
DA:106,0
DA:109,0
LF:42
LH:1
BRDA:40,0,0,0
BRDA:40,0,1,0
BRDA:44,1,0,0
BRDA:44,1,1,0
BRDA:55,2,0,0
BRDA:55,2,1,0
BRDA:65,3,0,0
BRDA:65,3,1,0
BRDA:76,4,0,0
BRDA:76,4,1,0
BRDA:79,5,0,0
BRDA:79,5,1,0
BRDA:91,6,0,0
BRDA:91,6,1,0
BRF:14
BRH:0
end_of_record
TN:
SF:src\app\views\settings\settings.component.ts
FN:12,(anonymous_0)
FN:14,(anonymous_1)
FN:18,(anonymous_2)
FNF:3
FNH:2
FNDA:2,(anonymous_0)
FNDA:0,(anonymous_1)
FNDA:2,(anonymous_2)
DA:8,1
DA:15,0
DA:19,2
LF:3
LH:2
BRF:0
BRH:0
end_of_record
TN:
SF:src\app\views\track-identifications\track-identifications.component.ts
FN:24,(anonymous_0)
FN:26,(anonymous_1)
FN:31,(anonymous_2)
FN:40,(anonymous_3)
FN:67,(anonymous_4)
FN:68,(anonymous_5)
FN:80,(anonymous_6)
FN:84,(anonymous_7)
FN:87,(anonymous_8)
FN:104,(anonymous_9)
FN:108,(anonymous_10)
FN:120,(anonymous_11)
FN:132,(anonymous_12)
FN:137,(anonymous_13)
FN:143,(anonymous_14)
FN:147,(anonymous_15)
FNF:16
FNH:0
FNDA:0,(anonymous_0)
FNDA:0,(anonymous_1)
FNDA:0,(anonymous_2)
FNDA:0,(anonymous_3)
FNDA:0,(anonymous_4)
FNDA:0,(anonymous_5)
FNDA:0,(anonymous_6)
FNDA:0,(anonymous_7)
FNDA:0,(anonymous_8)
FNDA:0,(anonymous_9)
FNDA:0,(anonymous_10)
FNDA:0,(anonymous_11)
FNDA:0,(anonymous_12)
FNDA:0,(anonymous_13)
FNDA:0,(anonymous_14)
FNDA:0,(anonymous_15)
DA:13,1
DA:18,0
DA:21,0
DA:24,0
DA:27,0
DA:28,0
DA:29,0
DA:32,0
DA:33,0
DA:34,0
DA:35,0
DA:36,0
DA:41,0
DA:49,0
DA:50,0
DA:57,0
DA:64,0
DA:68,0
DA:69,0
DA:70,0
DA:71,0
DA:72,0
DA:73,0
DA:74,0
DA:75,0
DA:76,0
DA:81,0
DA:85,0
DA:88,0
DA:89,0
DA:90,0
DA:91,0
DA:93,0
DA:94,0
DA:95,0
DA:98,0
DA:105,0
DA:110,0
DA:111,0
DA:112,0
DA:115,0
DA:116,0
DA:117,0
DA:122,0
DA:123,0
DA:124,0
DA:127,0
DA:128,0
DA:129,0
DA:133,0
DA:134,0
DA:138,0
DA:139,0
DA:144,0
DA:145,0
DA:148,0
DA:149,0
LF:57
LH:1
BRDA:70,0,0,0
BRDA:70,0,1,0
BRDA:71,1,0,0
BRDA:71,1,1,0
BRDA:72,2,0,0
BRDA:72,2,1,0
BRDA:73,3,0,0
BRDA:73,3,1,0
BRDA:74,4,0,0
BRDA:74,4,1,0
BRDA:92,5,0,0
BRDA:92,5,1,0
BRF:12
BRH:0
end_of_record
TN:
SF:src\app\views\track-identifications\track-identifications-sidenav\track-identifications-sidenav.component.ts
FN:30,(anonymous_0)
FN:21,(anonymous_1)
FN:32,(anonymous_2)
FN:36,(anonymous_3)
FN:41,(anonymous_4)
FN:48,(anonymous_5)
FN:51,(anonymous_6)
FNF:7
FNH:0
FNDA:0,(anonymous_0)
FNDA:0,(anonymous_1)
FNDA:0,(anonymous_2)
FNDA:0,(anonymous_3)
FNDA:0,(anonymous_4)
FNDA:0,(anonymous_5)
FNDA:0,(anonymous_6)
DA:11,1
DA:18,0
DA:19,0
DA:22,0
DA:23,0
DA:25,0
DA:27,0
DA:30,0
DA:33,0
DA:37,0
DA:38,0
DA:39,0
DA:42,0
DA:43,0
DA:44,0
DA:49,0
DA:52,0
LF:17
LH:1
BRDA:23,0,0,0
BRDA:23,0,1,0
BRF:2
BRH:0
end_of_record
TN:
SF:src\app\views\track-identifications\track-identifications-toolbar\track-identifications-toolbar.component.ts
FN:18,(anonymous_0)
FN:20,(anonymous_1)
FN:23,(anonymous_2)
FNF:3
FNH:0
FNDA:0,(anonymous_0)
FNDA:0,(anonymous_1)
FNDA:0,(anonymous_2)
DA:12,1
DA:16,0
DA:18,0
DA:24,0
LF:4
LH:1
BRF:0
BRH:0
end_of_record
