<?xml version="1.0" encoding="UTF-8"?>
<coverage generated="1592232564888" clover="3.2.0">
  <project timestamp="1592232564888" name="All files">
    <metrics statements="167" coveredstatements="58" conditionals="48" coveredconditionals="9" methods="38" coveredmethods="12" elements="253" coveredelements="79" complexity="0" loc="167" ncloc="167" packages="1" files="2" classes="2"/>
    <file name="helper.js" path="C:\Users\Henco\Google Drive\TUKS\git\Animal-Track-Recognition\301 03\schema\helper.js">
      <metrics statements="6" coveredstatements="1" conditionals="0" coveredconditionals="0" methods="1" coveredmethods="0"/>
      <line num="2" count="0" type="stmt"/>
      <line num="3" count="0" type="stmt"/>
      <line num="5" count="0" type="stmt"/>
      <line num="6" count="0" type="stmt"/>
      <line num="8" count="0" type="stmt"/>
      <line num="10" count="1" type="stmt"/>
    </file>
    <file name="schema.js" path="C:\Users\Henco\Google Drive\TUKS\git\Animal-Track-Recognition\301 03\schema\schema.js">
      <metrics statements="161" coveredstatements="57" conditionals="48" coveredconditionals="9" methods="37" coveredmethods="12"/>
      <line num="1" count="1" type="stmt"/>
      <line num="2" count="1" type="stmt"/>
      <line num="3" count="1" type="stmt"/>
      <line num="13" count="1" type="stmt"/>
      <line num="19" count="1" type="stmt"/>
      <line num="21" count="1" type="stmt"/>
      <line num="22" count="1" type="stmt"/>
      <line num="23" count="1" type="stmt"/>
      <line num="25" count="1" type="stmt"/>
      <line num="30" count="1" type="stmt"/>
      <line num="31" count="1" type="stmt"/>
      <line num="32" count="1" type="stmt"/>
      <line num="33" count="1" type="stmt"/>
      <line num="34" count="1" type="stmt"/>
      <line num="38" count="1" type="stmt"/>
      <line num="40" count="1" type="stmt"/>
      <line num="50" count="1" type="stmt"/>
      <line num="75" count="1" type="stmt"/>
      <line num="77" count="1" type="stmt"/>
      <line num="96" count="1" type="stmt"/>
      <line num="190" count="1" type="stmt"/>
      <line num="192" count="1" type="stmt"/>
      <line num="202" count="0" type="stmt"/>
      <line num="215" count="1" type="stmt"/>
      <line num="306" count="1" type="stmt"/>
      <line num="308" count="1" type="stmt"/>
      <line num="318" count="0" type="stmt"/>
      <line num="319" count="0" type="stmt"/>
      <line num="320" count="0" type="stmt"/>
      <line num="322" count="0" type="stmt"/>
      <line num="326" count="0" type="stmt"/>
      <line num="329" count="0" type="stmt"/>
      <line num="347" count="0" type="stmt"/>
      <line num="348" count="0" type="stmt"/>
      <line num="349" count="0" type="stmt"/>
      <line num="351" count="0" type="stmt"/>
      <line num="355" count="0" type="stmt"/>
      <line num="358" count="0" type="stmt"/>
      <line num="376" count="0" type="stmt"/>
      <line num="377" count="0" type="stmt"/>
      <line num="378" count="0" type="stmt"/>
      <line num="380" count="0" type="stmt"/>
      <line num="384" count="0" type="stmt"/>
      <line num="387" count="0" type="stmt"/>
      <line num="392" count="1" type="stmt"/>
      <line num="394" count="1" type="stmt"/>
      <line num="405" count="1" type="stmt"/>
      <line num="407" count="1" type="stmt"/>
      <line num="414" count="1" type="stmt"/>
      <line num="454" count="1" type="stmt"/>
      <line num="456" count="1" type="stmt"/>
      <line num="463" count="0" type="stmt"/>
      <line num="471" count="0" type="stmt"/>
      <line num="486" count="1" type="stmt"/>
      <line num="497" count="1" type="stmt"/>
      <line num="499" count="1" type="stmt"/>
      <line num="509" count="1" type="stmt"/>
      <line num="529" count="1" type="stmt"/>
      <line num="531" count="1" type="stmt"/>
      <line num="551" count="1" type="stmt"/>
      <line num="566" count="2" type="stmt"/>
      <line num="570" count="2" type="cond" truecount="1" falsecount="1"/>
      <line num="571" count="0" type="stmt"/>
      <line num="572" count="2" type="cond" truecount="2" falsecount="0"/>
      <line num="573" count="1" type="stmt"/>
      <line num="574" count="1" type="stmt"/>
      <line num="609" count="0" type="stmt"/>
      <line num="612" count="0" type="cond" truecount="0" falsecount="2"/>
      <line num="613" count="0" type="stmt"/>
      <line num="614" count="0" type="stmt"/>
      <line num="615" count="0" type="stmt"/>
      <line num="616" count="0" type="stmt"/>
      <line num="617" count="0" type="stmt"/>
      <line num="618" count="0" type="stmt"/>
      <line num="619" count="0" type="stmt"/>
      <line num="621" count="0" type="cond" truecount="0" falsecount="2"/>
      <line num="622" count="0" type="stmt"/>
      <line num="623" count="0" type="stmt"/>
      <line num="625" count="0" type="stmt"/>
      <line num="636" count="0" type="stmt"/>
      <line num="639" count="0" type="cond" truecount="0" falsecount="2"/>
      <line num="640" count="0" type="stmt"/>
      <line num="641" count="0" type="stmt"/>
      <line num="644" count="0" type="stmt"/>
      <line num="670" count="1" type="stmt"/>
      <line num="673" count="1" type="cond" truecount="1" falsecount="1"/>
      <line num="675" count="1" type="stmt"/>
      <line num="676" count="1" type="cond" truecount="1" falsecount="1"/>
      <line num="677" count="0" type="stmt"/>
      <line num="680" count="1" type="cond" truecount="1" falsecount="1"/>
      <line num="681" count="0" type="stmt"/>
      <line num="684" count="1" type="cond" truecount="1" falsecount="1"/>
      <line num="685" count="0" type="stmt"/>
      <line num="688" count="1" type="cond" truecount="1" falsecount="1"/>
      <line num="689" count="0" type="stmt"/>
      <line num="692" count="1" type="cond" truecount="1" falsecount="1"/>
      <line num="693" count="0" type="stmt"/>
      <line num="696" count="1" type="stmt"/>
      <line num="698" count="0" type="stmt"/>
      <line num="709" count="0" type="stmt"/>
      <line num="712" count="0" type="cond" truecount="0" falsecount="2"/>
      <line num="713" count="0" type="stmt"/>
      <line num="714" count="0" type="stmt"/>
      <line num="716" count="0" type="stmt"/>
      <line num="727" count="0" type="stmt"/>
      <line num="730" count="0" type="cond" truecount="0" falsecount="2"/>
      <line num="731" count="0" type="stmt"/>
      <line num="732" count="0" type="stmt"/>
      <line num="734" count="0" type="stmt"/>
      <line num="745" count="0" type="stmt"/>
      <line num="748" count="0" type="cond" truecount="0" falsecount="2"/>
      <line num="749" count="0" type="stmt"/>
      <line num="751" count="0" type="stmt"/>
      <line num="753" count="0" type="stmt"/>
      <line num="767" count="0" type="stmt"/>
      <line num="768" count="0" type="cond" truecount="0" falsecount="4"/>
      <line num="769" count="0" type="stmt"/>
      <line num="770" count="0" type="stmt"/>
      <line num="772" count="0" type="stmt"/>
      <line num="774" count="0" type="cond" truecount="0" falsecount="2"/>
      <line num="775" count="0" type="cond" truecount="0" falsecount="2"/>
      <line num="776" count="0" type="stmt"/>
      <line num="777" count="0" type="stmt"/>
      <line num="778" count="0" type="stmt"/>
      <line num="779" count="0" type="stmt"/>
      <line num="780" count="0" type="stmt"/>
      <line num="781" count="0" type="stmt"/>
      <line num="782" count="0" type="stmt"/>
      <line num="785" count="0" type="cond" truecount="0" falsecount="2"/>
      <line num="786" count="0" type="cond" truecount="0" falsecount="2"/>
      <line num="787" count="0" type="stmt"/>
      <line num="788" count="0" type="stmt"/>
      <line num="789" count="0" type="stmt"/>
      <line num="790" count="0" type="stmt"/>
      <line num="791" count="0" type="stmt"/>
      <line num="798" count="0" type="stmt"/>
      <line num="804" count="1" type="stmt"/>
      <line num="835" count="0" type="stmt"/>
      <line num="836" count="0" type="cond" truecount="0" falsecount="2"/>
      <line num="840" count="0" type="cond" truecount="0" falsecount="2"/>
      <line num="841" count="0" type="stmt"/>
      <line num="842" count="0" type="stmt"/>
      <line num="843" count="0" type="stmt"/>
      <line num="856" count="0" type="stmt"/>
      <line num="857" count="0" type="cond" truecount="0" falsecount="2"/>
      <line num="858" count="0" type="stmt"/>
      <line num="861" count="0" type="stmt"/>
      <line num="863" count="0" type="stmt"/>
      <line num="883" count="0" type="cond" truecount="0" falsecount="2"/>
      <line num="884" count="0" type="stmt"/>
      <line num="886" count="0" type="stmt"/>
      <line num="891" count="0" type="stmt"/>
      <line num="893" count="0" type="stmt"/>
      <line num="916" count="0" type="stmt"/>
      <line num="924" count="0" type="stmt"/>
      <line num="926" count="0" type="stmt"/>
      <line num="934" count="1" type="stmt"/>
      <line num="940" count="1" type="stmt"/>
      <line num="942" count="0" type="stmt"/>
      <line num="943" count="0" type="stmt"/>
      <line num="947" count="1" type="stmt"/>
    </file>
  </project>
</coverage>
