TN:
SF:schema\helper.js
FN:1,makeid
FNF:1
FNH:0
FNDA:0,makeid
DA:2,0
DA:3,0
DA:5,0
DA:6,0
DA:8,0
DA:10,1
LF:6
LH:1
BRF:0
BRH:0
end_of_record
TN:
SF:schema\schema.js
FN:40,(anonymous_0)
FN:77,(anonymous_1)
FN:192,(anonymous_2)
FN:201,(anonymous_3)
FN:308,(anonymous_4)
FN:317,(anonymous_5)
FN:320,(anonymous_6)
FN:346,(anonymous_7)
FN:349,(anonymous_8)
FN:375,(anonymous_9)
FN:378,(anonymous_10)
FN:394,(anonymous_11)
FN:407,(anonymous_12)
FN:456,(anonymous_13)
FN:462,(anonymous_14)
FN:470,(anonymous_15)
FN:499,(anonymous_16)
FN:531,(anonymous_17)
FN:564,(anonymous_18)
FN:608,(anonymous_19)
FN:615,(anonymous_20)
FN:621,(anonymous_21)
FN:635,(anonymous_22)
FN:669,(anonymous_23)
FN:708,(anonymous_24)
FN:726,(anonymous_25)
FN:744,(anonymous_26)
FN:766,(anonymous_27)
FN:772,(anonymous_28)
FN:778,(anonymous_29)
FN:789,(anonymous_30)
FN:834,(anonymous_31)
FN:882,(anonymous_32)
FN:915,(anonymous_33)
FN:941,(anonymous_34)
FN:942,(anonymous_35)
FN:946,(anonymous_36)
FNF:37
FNH:12
FNDA:1,(anonymous_0)
FNDA:1,(anonymous_1)
FNDA:1,(anonymous_2)
FNDA:0,(anonymous_3)
FNDA:1,(anonymous_4)
FNDA:0,(anonymous_5)
FNDA:0,(anonymous_6)
FNDA:0,(anonymous_7)
FNDA:0,(anonymous_8)
FNDA:0,(anonymous_9)
FNDA:0,(anonymous_10)
FNDA:1,(anonymous_11)
FNDA:1,(anonymous_12)
FNDA:1,(anonymous_13)
FNDA:0,(anonymous_14)
FNDA:0,(anonymous_15)
FNDA:1,(anonymous_16)
FNDA:1,(anonymous_17)
FNDA:2,(anonymous_18)
FNDA:0,(anonymous_19)
FNDA:0,(anonymous_20)
FNDA:0,(anonymous_21)
FNDA:0,(anonymous_22)
FNDA:1,(anonymous_23)
FNDA:0,(anonymous_24)
FNDA:0,(anonymous_25)
FNDA:0,(anonymous_26)
FNDA:0,(anonymous_27)
FNDA:0,(anonymous_28)
FNDA:0,(anonymous_29)
FNDA:0,(anonymous_30)
FNDA:0,(anonymous_31)
FNDA:0,(anonymous_32)
FNDA:0,(anonymous_33)
FNDA:0,(anonymous_34)
FNDA:0,(anonymous_35)
FNDA:1,(anonymous_36)
DA:1,1
DA:2,1
DA:3,1
DA:13,1
DA:19,1
DA:21,1
DA:22,1
DA:23,1
DA:25,1
DA:30,1
DA:31,1
DA:32,1
DA:33,1
DA:34,1
DA:38,1
DA:40,1
DA:50,1
DA:75,1
DA:77,1
DA:96,1
DA:190,1
DA:192,1
DA:202,0
DA:215,1
DA:306,1
DA:308,1
DA:318,0
DA:319,0
DA:320,0
DA:322,0
DA:326,0
DA:329,0
DA:347,0
DA:348,0
DA:349,0
DA:351,0
DA:355,0
DA:358,0
DA:376,0
DA:377,0
DA:378,0
DA:380,0
DA:384,0
DA:387,0
DA:392,1
DA:394,1
DA:405,1
DA:407,1
DA:414,1
DA:454,1
DA:456,1
DA:463,0
DA:471,0
DA:486,1
DA:497,1
DA:499,1
DA:509,1
DA:529,1
DA:531,1
DA:551,1
DA:566,2
DA:570,2
DA:571,0
DA:572,2
DA:573,1
DA:574,1
DA:609,0
DA:612,0
DA:613,0
DA:614,0
DA:615,0
DA:616,0
DA:617,0
DA:618,0
DA:619,0
DA:621,0
DA:622,0
DA:623,0
DA:625,0
DA:636,0
DA:639,0
DA:640,0
DA:641,0
DA:644,0
DA:670,1
DA:673,1
DA:675,1
DA:676,1
DA:677,0
DA:680,1
DA:681,0
DA:684,1
DA:685,0
DA:688,1
DA:689,0
DA:692,1
DA:693,0
DA:696,1
DA:698,0
DA:709,0
DA:712,0
DA:713,0
DA:714,0
DA:716,0
DA:727,0
DA:730,0
DA:731,0
DA:732,0
DA:734,0
DA:745,0
DA:748,0
DA:749,0
DA:751,0
DA:753,0
DA:767,0
DA:768,0
DA:769,0
DA:770,0
DA:772,0
DA:774,0
DA:775,0
DA:776,0
DA:777,0
DA:778,0
DA:779,0
DA:780,0
DA:781,0
DA:782,0
DA:785,0
DA:786,0
DA:787,0
DA:788,0
DA:789,0
DA:790,0
DA:791,0
DA:798,0
DA:804,1
DA:835,0
DA:836,0
DA:840,0
DA:841,0
DA:842,0
DA:843,0
DA:856,0
DA:857,0
DA:858,0
DA:861,0
DA:863,0
DA:883,0
DA:884,0
DA:886,0
DA:891,0
DA:893,0
DA:916,0
DA:924,0
DA:926,0
DA:934,1
DA:940,1
DA:942,0
DA:943,0
DA:947,1
LF:161
LH:57
BRDA:570,0,0,0
BRDA:570,0,1,2
BRDA:572,1,0,1
BRDA:572,1,1,1
BRDA:612,2,0,0
BRDA:612,2,1,0
BRDA:621,3,0,0
BRDA:621,3,1,0
BRDA:639,4,0,0
BRDA:639,4,1,0
BRDA:673,5,0,1
BRDA:673,5,1,0
BRDA:676,6,0,0
BRDA:676,6,1,1
BRDA:680,7,0,0
BRDA:680,7,1,1
BRDA:684,8,0,0
BRDA:684,8,1,1
BRDA:688,9,0,0
BRDA:688,9,1,1
BRDA:692,10,0,0
BRDA:692,10,1,1
BRDA:712,11,0,0
BRDA:712,11,1,0
BRDA:730,12,0,0
BRDA:730,12,1,0
BRDA:748,13,0,0
BRDA:748,13,1,0
BRDA:768,14,0,0
BRDA:768,14,1,0
BRDA:768,15,0,0
BRDA:768,15,1,0
BRDA:774,16,0,0
BRDA:774,16,1,0
BRDA:775,17,0,0
BRDA:775,17,1,0
BRDA:785,18,0,0
BRDA:785,18,1,0
BRDA:786,19,0,0
BRDA:786,19,1,0
BRDA:836,20,0,0
BRDA:836,20,1,0
BRDA:840,21,0,0
BRDA:840,21,1,0
BRDA:857,22,0,0
BRDA:857,22,1,0
BRDA:883,23,0,0
BRDA:883,23,1,0
BRF:48
BRH:9
end_of_record
