{"C:\\Users\\Henco\\Google Drive\\TUKS\\git\\Animal-Track-Recognition\\301 03\\schema\\helper.js": {"path":"C:\\Users\\Henco\\Google Drive\\TUKS\\git\\Animal-Track-Recognition\\301 03\\schema\\helper.js","statementMap":{"0":{"start":{"line":2,"column":15},"end":{"line":2,"column":17}},"1":{"start":{"line":3,"column":19},"end":{"line":3,"column":83}},"2":{"start":{"line":5,"column":4},"end":{"line":6,"column":77}},"3":{"start":{"line":5,"column":17},"end":{"line":5,"column":18}},"4":{"start":{"line":6,"column":8},"end":{"line":6,"column":77}},"5":{"start":{"line":8,"column":4},"end":{"line":8,"column":16}},"6":{"start":{"line":10,"column":0},"end":{"line":10,"column":22}}},"fnMap":{"0":{"name":"makeid","decl":{"start":{"line":1,"column":9},"end":{"line":1,"column":15}},"loc":{"start":{"line":1,"column":21},"end":{"line":9,"column":1}},"line":1}},"branchMap":{},"s":{"0":0,"1":0,"2":0,"3":0,"4":0,"5":0,"6":1},"f":{"0":0},"b":{},"_coverageSchema":"1a1c01bbd47fc00a2c39e90264f33305004495a9","hash":"2b1efcd9d638aa12e6bb33f857661b13fc5e297f"}
,"C:\\Users\\Henco\\Google Drive\\TUKS\\git\\Animal-Track-Recognition\\301 03\\schema\\schema.js": {"path":"C:\\Users\\Henco\\Google Drive\\TUKS\\git\\Animal-Track-Recognition\\301 03\\schema\\schema.js","statementMap":{"0":{"start":{"line":1,"column":16},"end":{"line":1,"column":34}},"1":{"start":{"line":2,"column":14},"end":{"line":2,"column":33}},"2":{"start":{"line":3,"column":10},"end":{"line":3,"column":27}},"3":{"start":{"line":13,"column":4},"end":{"line":13,"column":11}},"4":{"start":{"line":19,"column":14},"end":{"line":19,"column":39}},"5":{"start":{"line":21,"column":21},"end":{"line":21,"column":61}},"6":{"start":{"line":22,"column":21},"end":{"line":22,"column":38}},"7":{"start":{"line":23,"column":15},"end":{"line":23,"column":34}},"8":{"start":{"line":25,"column":0},"end":{"line":28,"column":3}},"9":{"start":{"line":30,"column":9},"end":{"line":30,"column":26}},"10":{"start":{"line":31,"column":12},"end":{"line":31,"column":34}},"11":{"start":{"line":32,"column":17},"end":{"line":32,"column":44}},"12":{"start":{"line":33,"column":13},"end":{"line":33,"column":36}},"13":{"start":{"line":34,"column":14},"end":{"line":34,"column":38}},"14":{"start":{"line":38,"column":17},"end":{"line":48,"column":2}},"15":{"start":{"line":40,"column":19},"end":{"line":47,"column":5}},"16":{"start":{"line":50,"column":16},"end":{"line":71,"column":1}},"17":{"start":{"line":75,"column":17},"end":{"line":94,"column":2}},"18":{"start":{"line":77,"column":19},"end":{"line":93,"column":5}},"19":{"start":{"line":96,"column":18},"end":{"line":186,"column":2}},"20":{"start":{"line":190,"column":21},"end":{"line":212,"column":2}},"21":{"start":{"line":192,"column":19},"end":{"line":211,"column":5}},"22":{"start":{"line":202,"column":16},"end":{"line":204,"column":18}},"23":{"start":{"line":215,"column":17},"end":{"line":305,"column":2}},"24":{"start":{"line":306,"column":19},"end":{"line":391,"column":2}},"25":{"start":{"line":308,"column":19},"end":{"line":390,"column":5}},"26":{"start":{"line":318,"column":24},"end":{"line":318,"column":26}},"27":{"start":{"line":319,"column":24},"end":{"line":319,"column":39}},"28":{"start":{"line":320,"column":16},"end":{"line":328,"column":18}},"29":{"start":{"line":322,"column":28},"end":{"line":324,"column":22}},"30":{"start":{"line":326,"column":20},"end":{"line":326,"column":29}},"31":{"start":{"line":329,"column":16},"end":{"line":329,"column":24}},"32":{"start":{"line":347,"column":24},"end":{"line":347,"column":26}},"33":{"start":{"line":348,"column":24},"end":{"line":348,"column":39}},"34":{"start":{"line":349,"column":16},"end":{"line":357,"column":18}},"35":{"start":{"line":351,"column":28},"end":{"line":353,"column":22}},"36":{"start":{"line":355,"column":20},"end":{"line":355,"column":29}},"37":{"start":{"line":358,"column":16},"end":{"line":358,"column":24}},"38":{"start":{"line":376,"column":24},"end":{"line":376,"column":26}},"39":{"start":{"line":377,"column":24},"end":{"line":377,"column":39}},"40":{"start":{"line":378,"column":16},"end":{"line":386,"column":18}},"41":{"start":{"line":380,"column":28},"end":{"line":382,"column":22}},"42":{"start":{"line":384,"column":20},"end":{"line":384,"column":29}},"43":{"start":{"line":387,"column":16},"end":{"line":387,"column":24}},"44":{"start":{"line":392,"column":22},"end":{"line":403,"column":2}},"45":{"start":{"line":394,"column":19},"end":{"line":402,"column":5}},"46":{"start":{"line":405,"column":22},"end":{"line":412,"column":2}},"47":{"start":{"line":407,"column":19},"end":{"line":411,"column":5}},"48":{"start":{"line":414,"column":17},"end":{"line":452,"column":1}},"49":{"start":{"line":454,"column":19},"end":{"line":485,"column":2}},"50":{"start":{"line":456,"column":19},"end":{"line":483,"column":5}},"51":{"start":{"line":463,"column":16},"end":{"line":465,"column":18}},"52":{"start":{"line":471,"column":16},"end":{"line":474,"column":18}},"53":{"start":{"line":486,"column":16},"end":{"line":495,"column":2}},"54":{"start":{"line":497,"column":18},"end":{"line":507,"column":2}},"55":{"start":{"line":499,"column":19},"end":{"line":506,"column":5}},"56":{"start":{"line":509,"column":18},"end":{"line":527,"column":2}},"57":{"start":{"line":529,"column":20},"end":{"line":548,"column":2}},"58":{"start":{"line":531,"column":19},"end":{"line":547,"column":5}},"59":{"start":{"line":551,"column":18},"end":{"line":802,"column":2}},"60":{"start":{"line":566,"column":24},"end":{"line":569,"column":18}},"61":{"start":{"line":570,"column":16},"end":{"line":574,"column":32}},"62":{"start":{"line":571,"column":20},"end":{"line":571,"column":31}},"63":{"start":{"line":572,"column":21},"end":{"line":574,"column":32}},"64":{"start":{"line":573,"column":20},"end":{"line":573,"column":28}},"65":{"start":{"line":574,"column":21},"end":{"line":574,"column":32}},"66":{"start":{"line":609,"column":16},"end":{"line":611,"column":18}},"67":{"start":{"line":612,"column":16},"end":{"line":624,"column":17}},"68":{"start":{"line":613,"column":37},"end":{"line":613,"column":47}},"69":{"start":{"line":614,"column":28},"end":{"line":614,"column":30}},"70":{"start":{"line":615,"column":20},"end":{"line":620,"column":22}},"71":{"start":{"line":616,"column":32},"end":{"line":616,"column":34}},"72":{"start":{"line":617,"column":24},"end":{"line":617,"column":39}},"73":{"start":{"line":618,"column":24},"end":{"line":618,"column":53}},"74":{"start":{"line":619,"column":24},"end":{"line":619,"column":33}},"75":{"start":{"line":621,"column":20},"end":{"line":621,"column":76}},"76":{"start":{"line":621,"column":37},"end":{"line":621,"column":75}},"77":{"start":{"line":622,"column":20},"end":{"line":622,"column":34}},"78":{"start":{"line":623,"column":20},"end":{"line":623,"column":29}},"79":{"start":{"line":625,"column":16},"end":{"line":625,"column":28}},"80":{"start":{"line":636,"column":16},"end":{"line":638,"column":18}},"81":{"start":{"line":639,"column":16},"end":{"line":642,"column":17}},"82":{"start":{"line":640,"column":37},"end":{"line":640,"column":47}},"83":{"start":{"line":641,"column":20},"end":{"line":641,"column":36}},"84":{"start":{"line":644,"column":16},"end":{"line":644,"column":28}},"85":{"start":{"line":670,"column":16},"end":{"line":672,"column":18}},"86":{"start":{"line":673,"column":16},"end":{"line":697,"column":17}},"87":{"start":{"line":675,"column":35},"end":{"line":675,"column":44}},"88":{"start":{"line":676,"column":20},"end":{"line":679,"column":26}},"89":{"start":{"line":677,"column":24},"end":{"line":679,"column":26}},"90":{"start":{"line":680,"column":20},"end":{"line":683,"column":26}},"91":{"start":{"line":681,"column":24},"end":{"line":683,"column":26}},"92":{"start":{"line":684,"column":20},"end":{"line":687,"column":26}},"93":{"start":{"line":685,"column":24},"end":{"line":687,"column":26}},"94":{"start":{"line":688,"column":20},"end":{"line":691,"column":26}},"95":{"start":{"line":689,"column":24},"end":{"line":691,"column":26}},"96":{"start":{"line":692,"column":20},"end":{"line":695,"column":26}},"97":{"start":{"line":693,"column":24},"end":{"line":695,"column":26}},"98":{"start":{"line":696,"column":20},"end":{"line":696,"column":36}},"99":{"start":{"line":698,"column":16},"end":{"line":698,"column":28}},"100":{"start":{"line":709,"column":16},"end":{"line":711,"column":18}},"101":{"start":{"line":712,"column":16},"end":{"line":715,"column":17}},"102":{"start":{"line":713,"column":37},"end":{"line":713,"column":47}},"103":{"start":{"line":714,"column":20},"end":{"line":714,"column":36}},"104":{"start":{"line":716,"column":16},"end":{"line":716,"column":28}},"105":{"start":{"line":727,"column":16},"end":{"line":729,"column":18}},"106":{"start":{"line":730,"column":16},"end":{"line":733,"column":17}},"107":{"start":{"line":731,"column":37},"end":{"line":731,"column":46}},"108":{"start":{"line":732,"column":20},"end":{"line":732,"column":36}},"109":{"start":{"line":734,"column":16},"end":{"line":734,"column":28}},"110":{"start":{"line":745,"column":16},"end":{"line":747,"column":18}},"111":{"start":{"line":748,"column":16},"end":{"line":752,"column":17}},"112":{"start":{"line":749,"column":37},"end":{"line":749,"column":48}},"113":{"start":{"line":751,"column":20},"end":{"line":751,"column":36}},"114":{"start":{"line":753,"column":16},"end":{"line":753,"column":28}},"115":{"start":{"line":767,"column":24},"end":{"line":767,"column":26}},"116":{"start":{"line":768,"column":16},"end":{"line":771,"column":17}},"117":{"start":{"line":769,"column":28},"end":{"line":769,"column":39}},"118":{"start":{"line":770,"column":20},"end":{"line":770,"column":28}},"119":{"start":{"line":772,"column":16},"end":{"line":797,"column":18}},"120":{"start":{"line":774,"column":20},"end":{"line":784,"column":25}},"121":{"start":{"line":775,"column":24},"end":{"line":784,"column":25}},"122":{"start":{"line":776,"column":36},"end":{"line":776,"column":48}},"123":{"start":{"line":777,"column":28},"end":{"line":777,"column":42}},"124":{"start":{"line":778,"column":28},"end":{"line":783,"column":30}},"125":{"start":{"line":779,"column":32},"end":{"line":779,"column":46}},"126":{"start":{"line":780,"column":39},"end":{"line":780,"column":79}},"127":{"start":{"line":781,"column":32},"end":{"line":781,"column":46}},"128":{"start":{"line":782,"column":32},"end":{"line":782,"column":41}},"129":{"start":{"line":785,"column":20},"end":{"line":794,"column":21}},"130":{"start":{"line":786,"column":24},"end":{"line":793,"column":25}},"131":{"start":{"line":787,"column":36},"end":{"line":787,"column":48}},"132":{"start":{"line":788,"column":28},"end":{"line":788,"column":42}},"133":{"start":{"line":789,"column":28},"end":{"line":792,"column":30}},"134":{"start":{"line":790,"column":39},"end":{"line":790,"column":79}},"135":{"start":{"line":791,"column":32},"end":{"line":791,"column":41}},"136":{"start":{"line":798,"column":16},"end":{"line":798,"column":24}},"137":{"start":{"line":804,"column":17},"end":{"line":931,"column":2}},"138":{"start":{"line":835,"column":26},"end":{"line":835,"column":47}},"139":{"start":{"line":836,"column":16},"end":{"line":838,"column":17}},"140":{"start":{"line":840,"column":16},"end":{"line":841,"column":34}},"141":{"start":{"line":841,"column":20},"end":{"line":841,"column":34}},"142":{"start":{"line":842,"column":16},"end":{"line":842,"column":32}},"143":{"start":{"line":843,"column":32},"end":{"line":854,"column":17}},"144":{"start":{"line":856,"column":16},"end":{"line":856,"column":42}},"145":{"start":{"line":857,"column":16},"end":{"line":862,"column":17}},"146":{"start":{"line":858,"column":20},"end":{"line":860,"column":22}},"147":{"start":{"line":861,"column":20},"end":{"line":861,"column":38}},"148":{"start":{"line":863,"column":16},"end":{"line":865,"column":18}},"149":{"start":{"line":883,"column":16},"end":{"line":884,"column":39}},"150":{"start":{"line":884,"column":20},"end":{"line":884,"column":39}},"151":{"start":{"line":886,"column":33},"end":{"line":890,"column":17}},"152":{"start":{"line":891,"column":16},"end":{"line":891,"column":44}},"153":{"start":{"line":893,"column":16},"end":{"line":893,"column":33}},"154":{"start":{"line":916,"column":30},"end":{"line":923,"column":17}},"155":{"start":{"line":924,"column":16},"end":{"line":924,"column":39}},"156":{"start":{"line":926,"column":16},"end":{"line":926,"column":30}},"157":{"start":{"line":934,"column":0},"end":{"line":938,"column":3}},"158":{"start":{"line":940,"column":0},"end":{"line":948,"column":7}},"159":{"start":{"line":942,"column":8},"end":{"line":944,"column":11}},"160":{"start":{"line":943,"column":12},"end":{"line":943,"column":50}},"161":{"start":{"line":947,"column":8},"end":{"line":947,"column":52}}},"fnMap":{"0":{"name":"(anonymous_0)","decl":{"start":{"line":40,"column":12},"end":{"line":40,"column":13}},"loc":{"start":{"line":40,"column":19},"end":{"line":47,"column":5}},"line":40},"1":{"name":"(anonymous_1)","decl":{"start":{"line":77,"column":12},"end":{"line":77,"column":13}},"loc":{"start":{"line":77,"column":19},"end":{"line":93,"column":5}},"line":77},"2":{"name":"(anonymous_2)","decl":{"start":{"line":192,"column":12},"end":{"line":192,"column":13}},"loc":{"start":{"line":192,"column":19},"end":{"line":211,"column":5}},"line":192},"3":{"name":"(anonymous_3)","decl":{"start":{"line":201,"column":12},"end":{"line":201,"column":13}},"loc":{"start":{"line":201,"column":34},"end":{"line":205,"column":13}},"line":201},"4":{"name":"(anonymous_4)","decl":{"start":{"line":308,"column":12},"end":{"line":308,"column":13}},"loc":{"start":{"line":308,"column":19},"end":{"line":390,"column":5}},"line":308},"5":{"name":"(anonymous_5)","decl":{"start":{"line":317,"column":12},"end":{"line":317,"column":13}},"loc":{"start":{"line":317,"column":34},"end":{"line":330,"column":13}},"line":317},"6":{"name":"(anonymous_6)","decl":{"start":{"line":320,"column":26},"end":{"line":320,"column":27}},"loc":{"start":{"line":320,"column":31},"end":{"line":328,"column":17}},"line":320},"7":{"name":"(anonymous_7)","decl":{"start":{"line":346,"column":12},"end":{"line":346,"column":13}},"loc":{"start":{"line":346,"column":34},"end":{"line":359,"column":13}},"line":346},"8":{"name":"(anonymous_8)","decl":{"start":{"line":349,"column":26},"end":{"line":349,"column":27}},"loc":{"start":{"line":349,"column":31},"end":{"line":357,"column":17}},"line":349},"9":{"name":"(anonymous_9)","decl":{"start":{"line":375,"column":12},"end":{"line":375,"column":13}},"loc":{"start":{"line":375,"column":34},"end":{"line":388,"column":13}},"line":375},"10":{"name":"(anonymous_10)","decl":{"start":{"line":378,"column":26},"end":{"line":378,"column":27}},"loc":{"start":{"line":378,"column":31},"end":{"line":386,"column":17}},"line":378},"11":{"name":"(anonymous_11)","decl":{"start":{"line":394,"column":12},"end":{"line":394,"column":13}},"loc":{"start":{"line":394,"column":19},"end":{"line":402,"column":5}},"line":394},"12":{"name":"(anonymous_12)","decl":{"start":{"line":407,"column":12},"end":{"line":407,"column":13}},"loc":{"start":{"line":407,"column":19},"end":{"line":411,"column":5}},"line":407},"13":{"name":"(anonymous_13)","decl":{"start":{"line":456,"column":12},"end":{"line":456,"column":13}},"loc":{"start":{"line":456,"column":19},"end":{"line":483,"column":5}},"line":456},"14":{"name":"(anonymous_14)","decl":{"start":{"line":462,"column":12},"end":{"line":462,"column":13}},"loc":{"start":{"line":462,"column":34},"end":{"line":466,"column":13}},"line":462},"15":{"name":"(anonymous_15)","decl":{"start":{"line":470,"column":12},"end":{"line":470,"column":13}},"loc":{"start":{"line":470,"column":34},"end":{"line":475,"column":13}},"line":470},"16":{"name":"(anonymous_16)","decl":{"start":{"line":499,"column":12},"end":{"line":499,"column":13}},"loc":{"start":{"line":499,"column":19},"end":{"line":506,"column":5}},"line":499},"17":{"name":"(anonymous_17)","decl":{"start":{"line":531,"column":12},"end":{"line":531,"column":13}},"loc":{"start":{"line":531,"column":19},"end":{"line":547,"column":5}},"line":531},"18":{"name":"(anonymous_18)","decl":{"start":{"line":564,"column":12},"end":{"line":564,"column":13}},"loc":{"start":{"line":564,"column":34},"end":{"line":595,"column":13}},"line":564},"19":{"name":"(anonymous_19)","decl":{"start":{"line":608,"column":12},"end":{"line":608,"column":13}},"loc":{"start":{"line":608,"column":34},"end":{"line":626,"column":13}},"line":608},"20":{"name":"(anonymous_20)","decl":{"start":{"line":615,"column":37},"end":{"line":615,"column":38}},"loc":{"start":{"line":615,"column":44},"end":{"line":620,"column":21}},"line":615},"21":{"name":"(anonymous_21)","decl":{"start":{"line":621,"column":27},"end":{"line":621,"column":28}},"loc":{"start":{"line":621,"column":37},"end":{"line":621,"column":75}},"line":621},"22":{"name":"(anonymous_22)","decl":{"start":{"line":635,"column":12},"end":{"line":635,"column":13}},"loc":{"start":{"line":635,"column":34},"end":{"line":645,"column":13}},"line":635},"23":{"name":"(anonymous_23)","decl":{"start":{"line":669,"column":12},"end":{"line":669,"column":13}},"loc":{"start":{"line":669,"column":34},"end":{"line":699,"column":13}},"line":669},"24":{"name":"(anonymous_24)","decl":{"start":{"line":708,"column":12},"end":{"line":708,"column":13}},"loc":{"start":{"line":708,"column":34},"end":{"line":717,"column":13}},"line":708},"25":{"name":"(anonymous_25)","decl":{"start":{"line":726,"column":12},"end":{"line":726,"column":13}},"loc":{"start":{"line":726,"column":34},"end":{"line":735,"column":13}},"line":726},"26":{"name":"(anonymous_26)","decl":{"start":{"line":744,"column":12},"end":{"line":744,"column":13}},"loc":{"start":{"line":744,"column":34},"end":{"line":754,"column":13}},"line":744},"27":{"name":"(anonymous_27)","decl":{"start":{"line":766,"column":12},"end":{"line":766,"column":13}},"loc":{"start":{"line":766,"column":34},"end":{"line":799,"column":13}},"line":766},"28":{"name":"(anonymous_28)","decl":{"start":{"line":772,"column":35},"end":{"line":772,"column":36}},"loc":{"start":{"line":772,"column":42},"end":{"line":797,"column":17}},"line":772},"29":{"name":"(anonymous_29)","decl":{"start":{"line":778,"column":38},"end":{"line":778,"column":39}},"loc":{"start":{"line":778,"column":43},"end":{"line":783,"column":29}},"line":778},"30":{"name":"(anonymous_30)","decl":{"start":{"line":789,"column":38},"end":{"line":789,"column":39}},"loc":{"start":{"line":789,"column":43},"end":{"line":792,"column":29}},"line":789},"31":{"name":"(anonymous_31)","decl":{"start":{"line":834,"column":12},"end":{"line":834,"column":13}},"loc":{"start":{"line":834,"column":34},"end":{"line":866,"column":13}},"line":834},"32":{"name":"(anonymous_32)","decl":{"start":{"line":882,"column":12},"end":{"line":882,"column":13}},"loc":{"start":{"line":882,"column":34},"end":{"line":894,"column":13}},"line":882},"33":{"name":"(anonymous_33)","decl":{"start":{"line":915,"column":12},"end":{"line":915,"column":13}},"loc":{"start":{"line":915,"column":34},"end":{"line":927,"column":13}},"line":915},"34":{"name":"(anonymous_34)","decl":{"start":{"line":941,"column":10},"end":{"line":941,"column":11}},"loc":{"start":{"line":941,"column":24},"end":{"line":945,"column":5}},"line":941},"35":{"name":"(anonymous_35)","decl":{"start":{"line":942,"column":25},"end":{"line":942,"column":26}},"loc":{"start":{"line":942,"column":34},"end":{"line":944,"column":9}},"line":942},"36":{"name":"(anonymous_36)","decl":{"start":{"line":946,"column":11},"end":{"line":946,"column":12}},"loc":{"start":{"line":946,"column":20},"end":{"line":948,"column":5}},"line":946}},"branchMap":{"0":{"loc":{"start":{"line":570,"column":16},"end":{"line":574,"column":32}},"type":"if","locations":[{"start":{"line":570,"column":16},"end":{"line":574,"column":32}},{"start":{"line":570,"column":16},"end":{"line":574,"column":32}}],"line":570},"1":{"loc":{"start":{"line":572,"column":21},"end":{"line":574,"column":32}},"type":"if","locations":[{"start":{"line":572,"column":21},"end":{"line":574,"column":32}},{"start":{"line":572,"column":21},"end":{"line":574,"column":32}}],"line":572},"2":{"loc":{"start":{"line":612,"column":16},"end":{"line":624,"column":17}},"type":"if","locations":[{"start":{"line":612,"column":16},"end":{"line":624,"column":17}},{"start":{"line":612,"column":16},"end":{"line":624,"column":17}}],"line":612},"3":{"loc":{"start":{"line":621,"column":37},"end":{"line":621,"column":75}},"type":"cond-expr","locations":[{"start":{"line":621,"column":69},"end":{"line":621,"column":70}},{"start":{"line":621,"column":73},"end":{"line":621,"column":75}}],"line":621},"4":{"loc":{"start":{"line":639,"column":16},"end":{"line":642,"column":17}},"type":"if","locations":[{"start":{"line":639,"column":16},"end":{"line":642,"column":17}},{"start":{"line":639,"column":16},"end":{"line":642,"column":17}}],"line":639},"5":{"loc":{"start":{"line":673,"column":16},"end":{"line":697,"column":17}},"type":"if","locations":[{"start":{"line":673,"column":16},"end":{"line":697,"column":17}},{"start":{"line":673,"column":16},"end":{"line":697,"column":17}}],"line":673},"6":{"loc":{"start":{"line":676,"column":20},"end":{"line":679,"column":26}},"type":"if","locations":[{"start":{"line":676,"column":20},"end":{"line":679,"column":26}},{"start":{"line":676,"column":20},"end":{"line":679,"column":26}}],"line":676},"7":{"loc":{"start":{"line":680,"column":20},"end":{"line":683,"column":26}},"type":"if","locations":[{"start":{"line":680,"column":20},"end":{"line":683,"column":26}},{"start":{"line":680,"column":20},"end":{"line":683,"column":26}}],"line":680},"8":{"loc":{"start":{"line":684,"column":20},"end":{"line":687,"column":26}},"type":"if","locations":[{"start":{"line":684,"column":20},"end":{"line":687,"column":26}},{"start":{"line":684,"column":20},"end":{"line":687,"column":26}}],"line":684},"9":{"loc":{"start":{"line":688,"column":20},"end":{"line":691,"column":26}},"type":"if","locations":[{"start":{"line":688,"column":20},"end":{"line":691,"column":26}},{"start":{"line":688,"column":20},"end":{"line":691,"column":26}}],"line":688},"10":{"loc":{"start":{"line":692,"column":20},"end":{"line":695,"column":26}},"type":"if","locations":[{"start":{"line":692,"column":20},"end":{"line":695,"column":26}},{"start":{"line":692,"column":20},"end":{"line":695,"column":26}}],"line":692},"11":{"loc":{"start":{"line":712,"column":16},"end":{"line":715,"column":17}},"type":"if","locations":[{"start":{"line":712,"column":16},"end":{"line":715,"column":17}},{"start":{"line":712,"column":16},"end":{"line":715,"column":17}}],"line":712},"12":{"loc":{"start":{"line":730,"column":16},"end":{"line":733,"column":17}},"type":"if","locations":[{"start":{"line":730,"column":16},"end":{"line":733,"column":17}},{"start":{"line":730,"column":16},"end":{"line":733,"column":17}}],"line":730},"13":{"loc":{"start":{"line":748,"column":16},"end":{"line":752,"column":17}},"type":"if","locations":[{"start":{"line":748,"column":16},"end":{"line":752,"column":17}},{"start":{"line":748,"column":16},"end":{"line":752,"column":17}}],"line":748},"14":{"loc":{"start":{"line":768,"column":16},"end":{"line":771,"column":17}},"type":"if","locations":[{"start":{"line":768,"column":16},"end":{"line":771,"column":17}},{"start":{"line":768,"column":16},"end":{"line":771,"column":17}}],"line":768},"15":{"loc":{"start":{"line":768,"column":20},"end":{"line":768,"column":85}},"type":"binary-expr","locations":[{"start":{"line":768,"column":20},"end":{"line":768,"column":52}},{"start":{"line":768,"column":56},"end":{"line":768,"column":85}}],"line":768},"16":{"loc":{"start":{"line":774,"column":20},"end":{"line":784,"column":25}},"type":"if","locations":[{"start":{"line":774,"column":20},"end":{"line":784,"column":25}},{"start":{"line":774,"column":20},"end":{"line":784,"column":25}}],"line":774},"17":{"loc":{"start":{"line":775,"column":24},"end":{"line":784,"column":25}},"type":"if","locations":[{"start":{"line":775,"column":24},"end":{"line":784,"column":25}},{"start":{"line":775,"column":24},"end":{"line":784,"column":25}}],"line":775},"18":{"loc":{"start":{"line":785,"column":20},"end":{"line":794,"column":21}},"type":"if","locations":[{"start":{"line":785,"column":20},"end":{"line":794,"column":21}},{"start":{"line":785,"column":20},"end":{"line":794,"column":21}}],"line":785},"19":{"loc":{"start":{"line":786,"column":24},"end":{"line":793,"column":25}},"type":"if","locations":[{"start":{"line":786,"column":24},"end":{"line":793,"column":25}},{"start":{"line":786,"column":24},"end":{"line":793,"column":25}}],"line":786},"20":{"loc":{"start":{"line":836,"column":16},"end":{"line":838,"column":17}},"type":"if","locations":[{"start":{"line":836,"column":16},"end":{"line":838,"column":17}},{"start":{"line":836,"column":16},"end":{"line":838,"column":17}}],"line":836},"21":{"loc":{"start":{"line":840,"column":16},"end":{"line":841,"column":34}},"type":"if","locations":[{"start":{"line":840,"column":16},"end":{"line":841,"column":34}},{"start":{"line":840,"column":16},"end":{"line":841,"column":34}}],"line":840},"22":{"loc":{"start":{"line":857,"column":16},"end":{"line":862,"column":17}},"type":"if","locations":[{"start":{"line":857,"column":16},"end":{"line":862,"column":17}},{"start":{"line":857,"column":16},"end":{"line":862,"column":17}}],"line":857},"23":{"loc":{"start":{"line":883,"column":16},"end":{"line":884,"column":39}},"type":"if","locations":[{"start":{"line":883,"column":16},"end":{"line":884,"column":39}},{"start":{"line":883,"column":16},"end":{"line":884,"column":39}}],"line":883}},"s":{"0":1,"1":1,"2":1,"3":1,"4":1,"5":1,"6":1,"7":1,"8":1,"9":1,"10":1,"11":1,"12":1,"13":1,"14":1,"15":1,"16":1,"17":1,"18":1,"19":1,"20":1,"21":1,"22":0,"23":1,"24":1,"25":1,"26":0,"27":0,"28":0,"29":0,"30":0,"31":0,"32":0,"33":0,"34":0,"35":0,"36":0,"37":0,"38":0,"39":0,"40":0,"41":0,"42":0,"43":0,"44":1,"45":1,"46":1,"47":1,"48":1,"49":1,"50":1,"51":0,"52":0,"53":1,"54":1,"55":1,"56":1,"57":1,"58":1,"59":1,"60":2,"61":2,"62":0,"63":2,"64":1,"65":1,"66":0,"67":0,"68":0,"69":0,"70":0,"71":0,"72":0,"73":0,"74":0,"75":0,"76":0,"77":0,"78":0,"79":0,"80":0,"81":0,"82":0,"83":0,"84":0,"85":1,"86":1,"87":1,"88":1,"89":0,"90":1,"91":0,"92":1,"93":0,"94":1,"95":0,"96":1,"97":0,"98":1,"99":0,"100":0,"101":0,"102":0,"103":0,"104":0,"105":0,"106":0,"107":0,"108":0,"109":0,"110":0,"111":0,"112":0,"113":0,"114":0,"115":0,"116":0,"117":0,"118":0,"119":0,"120":0,"121":0,"122":0,"123":0,"124":0,"125":0,"126":0,"127":0,"128":0,"129":0,"130":0,"131":0,"132":0,"133":0,"134":0,"135":0,"136":0,"137":1,"138":0,"139":0,"140":0,"141":0,"142":0,"143":0,"144":0,"145":0,"146":0,"147":0,"148":0,"149":0,"150":0,"151":0,"152":0,"153":0,"154":0,"155":0,"156":0,"157":1,"158":1,"159":0,"160":0,"161":1},"f":{"0":1,"1":1,"2":1,"3":0,"4":1,"5":0,"6":0,"7":0,"8":0,"9":0,"10":0,"11":1,"12":1,"13":1,"14":0,"15":0,"16":1,"17":1,"18":2,"19":0,"20":0,"21":0,"22":0,"23":1,"24":0,"25":0,"26":0,"27":0,"28":0,"29":0,"30":0,"31":0,"32":0,"33":0,"34":0,"35":0,"36":1},"b":{"0":[0,2],"1":[1,1],"2":[0,0],"3":[0,0],"4":[0,0],"5":[1,0],"6":[0,1],"7":[0,1],"8":[0,1],"9":[0,1],"10":[0,1],"11":[0,0],"12":[0,0],"13":[0,0],"14":[0,0],"15":[0,0],"16":[0,0],"17":[0,0],"18":[0,0],"19":[0,0],"20":[0,0],"21":[0,0],"22":[0,0],"23":[0,0]},"_coverageSchema":"1a1c01bbd47fc00a2c39e90264f33305004495a9","hash":"ba88cc87633021af8b9998c020f71c81d420a06d"}
}
