SF:lib\app\locator.dart
DA:5,3
DA:7,1
DA:8,2
LF:3
LH:3
end_of_record
SF:lib\services\api\mock_api.dart
DA:10,0
DA:11,0
DA:14,0
DA:15,0
DA:32,0
DA:49,0
DA:66,0
DA:67,0
DA:68,0
DA:70,0
DA:71,0
DA:72,0
DA:89,0
DA:106,0
DA:123,0
DA:124,0
DA:125,0
DA:127,0
DA:128,0
DA:129,0
DA:146,0
DA:163,0
DA:180,0
DA:181,0
DA:182,0
DA:188,0
DA:189,0
DA:190,0
DA:195,0
DA:200,0
DA:205,0
DA:210,0
DA:215,0
DA:220,0
DA:225,0
DA:231,0
DA:232,0
DA:233,0
DA:234,0
DA:235,0
DA:236,0
DA:237,0
DA:238,0
DA:243,1
DA:244,1
DA:245,1
DA:246,1
DA:247,1
DA:250,1
DA:251,0
DA:252,0
DA:253,0
DA:254,0
DA:256,0
DA:257,0
DA:258,0
DA:259,0
DA:261,0
DA:262,0
DA:263,0
DA:264,0
DA:267,1
DA:268,0
DA:269,0
DA:270,0
DA:271,0
DA:273,0
DA:274,0
DA:275,0
DA:276,0
DA:278,0
DA:279,0
DA:280,0
DA:281,0
DA:284,1
DA:285,0
DA:286,0
DA:287,0
DA:288,0
DA:290,0
DA:291,0
DA:292,0
DA:293,0
DA:295,0
DA:296,0
DA:297,0
DA:299,1
DA:300,1
DA:301,1
DA:302,1
DA:303,1
DA:305,1
DA:306,1
DA:307,1
DA:308,1
DA:310,1
DA:311,1
DA:312,1
DA:314,0
DA:315,0
DA:316,0
DA:317,0
DA:318,0
DA:320,0
DA:321,0
DA:322,0
DA:324,0
DA:325,0
DA:326,0
DA:328,0
DA:329,0
DA:330,0
DA:331,0
DA:332,0
DA:334,0
DA:335,0
DA:336,0
DA:338,0
DA:341,0
DA:342,0
DA:343,0
DA:344,0
DA:345,0
DA:347,0
DA:349,0
DA:352,0
DA:353,0
DA:354,0
DA:355,0
DA:356,0
DA:358,0
DA:360,0
DA:363,0
DA:364,0
DA:365,0
DA:366,0
DA:367,0
DA:369,0
DA:371,0
DA:375,0
DA:376,0
DA:377,0
DA:378,0
DA:380,0
DA:382,0
DA:385,1
DA:386,1
DA:387,1
DA:388,1
DA:392,0
DA:393,0
DA:405,0
DA:417,0
DA:429,0
DA:441,0
DA:453,0
DA:465,0
DA:466,0
DA:467,0
DA:468,0
DA:469,0
DA:470,0
DA:471,0
DA:472,0
DA:473,0
DA:474,0
DA:475,0
DA:476,0
DA:477,0
DA:478,0
DA:479,0
DA:480,0
DA:481,0
DA:482,0
DA:483,0
DA:484,0
DA:485,0
DA:486,0
DA:488,0
DA:489,0
DA:490,0
DA:491,0
DA:492,0
DA:493,0
DA:500,0
DA:501,0
DA:502,0
DA:503,0
DA:504,0
DA:505,0
DA:506,0
DA:507,0
DA:508,0
DA:509,0
DA:510,0
DA:511,0
DA:512,0
DA:513,0
DA:514,0
DA:515,0
DA:516,0
DA:518,0
DA:519,0
DA:520,0
DA:521,0
DA:524,0
DA:529,0
DA:530,0
DA:542,0
DA:554,0
DA:566,0
DA:578,0
DA:590,0
DA:602,0
DA:603,0
DA:604,0
DA:605,0
DA:606,0
DA:607,0
DA:608,0
DA:614,1
DA:616,1
DA:631,1
DA:632,1
DA:633,1
DA:634,1
DA:656,1
DA:675,1
DA:677,2
DA:678,0
DA:679,0
DA:680,0
DA:681,0
DA:685,1
DA:686,1
DA:697,1
DA:708,1
DA:719,1
DA:730,1
DA:741,1
DA:752,1
DA:753,1
DA:754,1
DA:755,1
DA:756,1
DA:757,1
DA:758,1
DA:764,1
DA:766,1
DA:767,1
DA:773,1
DA:779,1
DA:785,1
DA:791,1
DA:798,1
DA:799,1
DA:800,1
DA:801,1
DA:802,1
DA:807,0
DA:808,0
DA:809,0
DA:810,0
DA:811,0
DA:813,0
DA:817,0
DA:818,0
DA:819,0
DA:820,0
DA:821,0
DA:827,1
DA:831,0
DA:837,1
DA:838,1
DA:850,1
DA:852,1
DA:855,0
DA:858,0
DA:861,0
DA:865,0
DA:868,0
DA:871,0
DA:875,0
DA:876,0
DA:877,0
DA:890,0
DA:903,0
DA:915,0
DA:916,0
DA:917,0
DA:918,0
DA:919,0
LF:292
LH:64
end_of_record
SF:lib\services\datamodels\api_models.dart
DA:12,0
DA:27,0
DA:33,0
DA:50,0
DA:64,0
DA:65,0
DA:66,0
DA:67,0
DA:68,0
DA:69,0
DA:70,0
DA:71,0
DA:72,0
DA:73,0
DA:74,0
DA:76,0
DA:77,0
DA:78,0
DA:79,0
DA:87,1
DA:101,1
DA:113,1
DA:130,1
DA:143,0
DA:145,0
DA:146,0
DA:147,0
DA:148,0
DA:149,0
DA:150,0
DA:151,0
DA:158,1
DA:177,1
DA:193,0
DA:194,0
DA:195,0
DA:196,0
DA:197,0
DA:198,0
DA:199,0
DA:200,0
DA:201,0
DA:204,0
DA:205,0
DA:206,0
DA:207,0
DA:219,0
LF:47
LH:6
end_of_record
SF:lib\ui\views\animals\animal_view.dart
DA:9,2
DA:11,1
DA:13,1
DA:14,1
DA:16,1
DA:17,2
DA:18,1
DA:19,1
DA:20,1
DA:21,0
DA:22,0
DA:23,0
DA:25,0
DA:28,0
DA:29,0
DA:32,0
DA:33,0
DA:36,1
DA:37,0
DA:38,0
DA:39,0
DA:40,0
DA:41,0
DA:45,0
DA:46,0
DA:47,0
DA:48,0
DA:49,0
DA:50,0
DA:52,0
DA:53,0
DA:54,0
DA:56,0
DA:58,0
DA:62,0
DA:63,0
DA:64,0
DA:65,0
DA:66,0
DA:67,0
DA:70,0
DA:74,0
DA:76,1
DA:79,2
DA:86,0
DA:88,0
DA:90,0
DA:92,0
DA:93,0
DA:95,0
DA:96,0
DA:97,0
DA:99,0
DA:101,0
DA:104,0
DA:105,0
DA:106,0
DA:108,0
DA:109,0
DA:110,0
DA:111,0
DA:113,0
DA:114,0
DA:115,0
DA:117,0
DA:118,0
DA:120,0
DA:121,0
DA:122,0
DA:136,0
DA:138,0
DA:140,0
DA:141,0
DA:142,0
DA:143,0
DA:144,0
DA:145,0
DA:146,0
DA:147,0
DA:148,0
DA:157,0
DA:158,0
DA:159,0
DA:160,0
DA:165,0
DA:166,0
DA:167,0
DA:168,0
DA:169,0
DA:171,0
DA:172,0
DA:173,0
DA:175,0
DA:177,0
DA:181,0
DA:182,0
DA:184,0
DA:185,0
DA:187,0
DA:188,0
DA:190,0
DA:191,0
DA:192,0
DA:193,0
DA:194,0
DA:195,0
DA:196,0
DA:197,0
DA:200,0
DA:203,0
DA:213,0
DA:214,0
DA:216,0
DA:217,0
DA:219,0
DA:220,0
DA:223,0
DA:224,0
DA:225,0
DA:226,0
DA:234,0
DA:235,0
DA:237,0
DA:238,0
DA:239,0
DA:240,0
DA:245,0
DA:254,0
DA:256,0
DA:257,0
DA:261,0
DA:262,0
DA:264,0
DA:266,0
DA:267,0
DA:268,0
DA:269,0
DA:271,0
DA:272,0
DA:273,0
DA:274,0
DA:275,0
DA:277,0
DA:278,0
DA:279,0
DA:280,0
DA:284,0
DA:286,0
DA:289,0
DA:290,0
DA:292,0
DA:293,0
DA:294,0
DA:295,0
DA:296,0
DA:298,0
DA:299,0
DA:301,0
DA:303,0
DA:304,0
DA:310,0
DA:312,0
DA:313,0
DA:314,0
DA:315,0
DA:316,0
DA:318,0
DA:319,0
DA:321,0
DA:323,0
DA:324,0
DA:334,0
DA:335,0
DA:336,0
DA:337,0
DA:339,0
DA:340,0
DA:341,0
DA:342,0
DA:344,0
DA:346,0
DA:347,0
DA:349,0
DA:356,0
DA:358,0
DA:359,0
DA:360,0
DA:361,0
DA:363,0
DA:365,0
DA:366,0
DA:379,0
DA:380,0
DA:381,0
DA:382,0
DA:384,0
DA:385,0
DA:386,0
DA:387,0
DA:389,0
DA:391,0
DA:392,0
DA:394,0
DA:401,0
DA:403,0
DA:404,0
DA:405,0
DA:406,0
DA:408,0
DA:410,0
DA:411,0
DA:424,0
DA:425,0
DA:428,0
DA:429,0
DA:431,0
DA:432,0
DA:433,0
DA:434,0
DA:435,0
DA:436,0
DA:438,0
DA:444,0
DA:446,0
DA:447,0
DA:448,0
DA:449,0
DA:450,0
DA:451,0
DA:453,0
DA:465,0
DA:466,0
DA:467,0
DA:468,0
DA:472,0
DA:473,0
DA:474,0
DA:477,0
DA:481,0
DA:482,0
DA:483,0
DA:484,0
DA:490,0
DA:491,0
DA:493,0
LF:245
LH:12
end_of_record
SF:lib\ui\views\confirmed\confirmed_view.dart
DA:12,1
DA:14,1
DA:16,1
DA:17,2
DA:18,1
DA:19,1
DA:20,1
DA:21,0
DA:22,0
DA:24,0
DA:28,0
DA:31,1
DA:32,2
DA:33,2
DA:34,3
DA:35,1
DA:37,1
DA:38,0
DA:39,0
DA:40,0
DA:44,1
DA:45,1
DA:46,1
DA:47,2
DA:48,1
DA:49,2
DA:55,1
DA:59,2
DA:64,1
DA:65,1
DA:66,1
DA:67,1
DA:68,1
DA:69,2
DA:77,2
DA:79,1
DA:81,1
DA:82,1
DA:85,1
DA:86,1
DA:90,1
DA:92,1
DA:93,1
DA:94,1
DA:95,0
DA:96,0
DA:98,1
DA:99,1
DA:108,2
DA:110,1
DA:112,2
DA:114,1
DA:115,1
DA:119,1
DA:120,1
DA:121,1
DA:122,1
DA:123,1
DA:126,1
DA:127,1
DA:129,1
DA:130,1
DA:131,1
DA:132,2
DA:133,1
DA:136,1
DA:138,1
DA:139,3
DA:140,1
DA:141,2
DA:143,1
DA:146,1
DA:148,3
DA:151,1
DA:152,1
DA:153,1
DA:154,1
DA:155,1
DA:158,1
DA:159,1
DA:160,1
DA:161,1
DA:162,1
DA:163,1
DA:164,1
DA:166,1
DA:172,1
DA:173,1
DA:174,1
DA:175,1
DA:176,3
DA:179,1
DA:180,1
DA:181,1
DA:182,1
DA:184,1
DA:188,1
DA:190,1
DA:195,1
DA:197,1
DA:201,1
DA:203,1
DA:217,2
DA:219,1
DA:221,1
DA:222,1
DA:223,1
DA:224,1
DA:225,3
DA:226,1
DA:228,1
DA:229,2
DA:230,2
DA:231,2
DA:232,2
DA:244,1
DA:245,1
DA:247,0
DA:249,0
DA:250,0
DA:251,0
DA:252,0
DA:254,0
DA:256,0
DA:259,0
DA:260,0
DA:261,0
DA:263,0
DA:265,0
DA:266,0
DA:267,0
DA:268,0
DA:269,0
DA:270,0
DA:271,0
DA:272,0
DA:273,0
DA:277,0
DA:286,1
DA:288,1
DA:290,1
DA:292,1
DA:293,1
DA:294,1
DA:295,1
DA:297,1
DA:298,1
DA:299,1
DA:300,1
DA:301,1
DA:302,1
DA:303,0
DA:316,1
DA:318,1
DA:320,1
DA:322,1
DA:323,0
DA:324,0
DA:326,0
DA:328,0
DA:330,0
DA:332,0
DA:334,0
DA:337,1
DA:339,1
DA:344,1
DA:346,1
DA:350,1
DA:351,1
DA:352,1
DA:353,1
DA:355,2
DA:357,1
DA:358,1
DA:360,1
DA:361,2
DA:363,1
DA:364,1
DA:366,1
DA:367,2
DA:369,1
DA:370,1
DA:372,1
DA:373,3
DA:378,0
DA:379,0
DA:380,0
DA:381,0
DA:382,0
DA:384,0
DA:388,1
DA:395,1
DA:397,1
DA:399,1
DA:401,1
DA:404,1
DA:407,2
DA:408,1
DA:409,1
DA:410,3
DA:411,3
DA:412,3
DA:413,3
DA:420,1
DA:421,1
DA:423,1
DA:425,1
DA:426,1
DA:427,1
DA:431,1
DA:438,1
DA:440,1
DA:442,1
DA:443,1
DA:444,1
DA:446,1
DA:449,2
DA:450,1
DA:452,2
DA:453,1
DA:455,1
DA:458,2
DA:460,1
DA:462,2
DA:463,2
DA:464,2
DA:466,1
DA:468,2
DA:469,2
DA:470,2
DA:472,1
DA:474,1
DA:476,1
DA:477,1
DA:479,1
DA:481,2
DA:486,1
DA:487,1
DA:489,1
DA:490,1
DA:491,1
DA:493,1
DA:496,1
DA:500,1
DA:501,1
DA:503,1
DA:504,1
DA:505,1
DA:507,1
DA:510,1
DA:514,1
DA:515,1
DA:517,1
DA:518,1
DA:519,1
DA:521,1
DA:522,1
DA:523,1
DA:532,1
DA:533,1
DA:534,1
DA:535,1
DA:536,1
DA:537,1
DA:539,1
DA:543,1
DA:544,1
DA:545,3
DA:546,2
DA:551,1
DA:552,1
DA:553,1
DA:554,1
DA:555,1
DA:557,1
DA:560,1
DA:564,1
DA:565,1
DA:567,1
DA:569,1
DA:570,1
DA:572,1
DA:574,1
DA:579,1
DA:580,1
DA:582,1
DA:583,1
DA:584,1
DA:586,1
DA:588,1
DA:596,2
DA:598,0
DA:600,0
DA:601,0
DA:604,0
DA:605,0
DA:606,0
DA:607,0
DA:608,0
DA:609,0
DA:610,0
DA:611,0
DA:612,0
DA:613,0
DA:614,0
DA:617,0
DA:618,0
DA:620,0
DA:621,0
DA:623,0
LF:310
LH:247
end_of_record
SF:lib\ui\views\forgot\forget_view.dart
DA:9,2
DA:11,1
DA:13,1
DA:14,2
DA:15,1
DA:16,1
DA:18,1
DA:19,1
DA:20,1
DA:21,1
DA:22,1
DA:24,1
DA:25,1
DA:26,1
DA:27,1
DA:29,1
DA:30,1
DA:31,1
DA:32,1
DA:34,1
DA:35,1
DA:36,1
DA:37,1
DA:38,1
DA:42,2
DA:48,1
DA:50,1
DA:52,1
DA:54,1
DA:55,1
DA:57,1
DA:59,1
DA:61,1
DA:62,1
DA:63,2
DA:64,1
DA:65,1
DA:66,2
DA:67,1
DA:68,1
DA:69,1
DA:70,2
DA:72,1
DA:76,1
DA:77,1
DA:78,2
DA:80,1
DA:83,1
DA:84,0
DA:85,1
DA:94,1
DA:96,1
DA:98,1
DA:100,1
DA:101,1
DA:103,1
DA:105,1
DA:106,1
DA:108,1
DA:109,1
DA:110,2
DA:111,1
DA:112,1
DA:113,2
DA:114,1
DA:115,1
DA:116,1
DA:117,2
DA:119,1
DA:123,1
DA:124,1
DA:125,2
DA:127,1
DA:128,1
DA:129,1
DA:130,0
DA:131,0
DA:136,1
DA:137,0
DA:138,1
DA:147,1
DA:149,1
DA:151,1
DA:153,1
DA:154,1
DA:156,1
DA:158,1
DA:159,1
DA:161,1
DA:162,1
DA:163,2
DA:164,1
DA:165,1
DA:166,2
DA:167,1
DA:168,1
DA:169,1
DA:170,0
DA:171,0
DA:174,1
DA:175,1
DA:176,1
DA:177,2
DA:179,1
DA:183,1
DA:184,1
DA:185,2
DA:189,1
DA:190,0
DA:191,1
DA:200,2
DA:202,1
DA:204,1
DA:205,1
DA:212,1
DA:213,1
DA:214,1
DA:216,2
DA:217,1
DA:218,0
DA:219,0
LF:121
LH:112
end_of_record
SF:lib\ui\views\gallery\gallery_view.dart
DA:11,1
DA:13,1
DA:15,1
DA:16,1
DA:17,1
DA:18,2
DA:19,1
DA:20,1
DA:21,1
DA:22,0
DA:23,0
DA:24,0
DA:26,0
DA:29,0
DA:31,0
DA:34,1
DA:35,1
DA:36,1
DA:37,0
DA:38,0
DA:39,0
DA:43,1
DA:44,2
DA:45,1
DA:46,1
DA:47,1
DA:50,3
DA:51,2
DA:52,1
DA:53,2
DA:57,1
DA:58,1
DA:59,1
DA:60,1
DA:61,1
DA:62,4
DA:65,1
DA:69,0
DA:71,1
DA:75,2
DA:81,1
DA:82,1
DA:83,2
DA:84,3
DA:89,1
DA:90,1
DA:92,3
DA:93,1
DA:95,1
DA:96,1
DA:97,1
DA:98,2
DA:102,1
DA:113,2
DA:115,1
DA:117,1
DA:118,1
DA:119,1
DA:120,1
DA:121,1
DA:122,2
DA:123,0
DA:124,0
DA:132,2
DA:134,0
DA:136,0
DA:138,0
DA:139,0
DA:141,0
DA:142,0
DA:143,0
DA:145,0
DA:147,0
DA:150,0
DA:151,0
DA:152,0
DA:154,0
DA:155,0
DA:156,0
DA:157,0
DA:159,0
DA:160,0
DA:161,0
DA:163,0
DA:164,0
DA:166,0
DA:167,0
DA:168,0
LF:88
LH:52
end_of_record
SF:lib\ui\views\home\home_view.dart
DA:10,2
DA:12,1
DA:14,1
DA:15,1
DA:17,1
DA:18,2
DA:19,1
DA:20,1
DA:21,1
DA:22,0
DA:23,0
DA:24,0
DA:25,0
DA:27,0
DA:30,0
DA:31,0
DA:34,0
DA:35,0
DA:36,0
DA:37,0
DA:38,0
DA:40,0
DA:41,0
DA:42,0
DA:43,0
DA:45,0
DA:51,0
DA:53,1
DA:56,2
DA:63,0
DA:65,0
DA:67,0
DA:68,0
DA:69,0
DA:70,0
DA:71,0
DA:72,0
DA:73,0
DA:74,0
DA:75,0
DA:84,0
DA:86,0
DA:88,0
DA:89,0
DA:90,0
DA:91,0
DA:94,0
DA:95,0
DA:96,0
DA:97,0
DA:98,0
DA:100,0
DA:101,0
DA:102,0
DA:103,0
DA:104,0
DA:105,0
DA:107,0
DA:109,0
DA:112,0
DA:113,0
DA:114,0
DA:116,0
DA:117,0
DA:118,0
DA:120,0
DA:121,0
DA:123,0
DA:124,0
DA:125,0
DA:126,0
DA:127,0
DA:128,0
DA:131,0
DA:132,0
DA:134,0
DA:135,0
DA:136,0
DA:138,0
DA:140,0
DA:142,0
DA:144,0
DA:145,0
DA:146,0
DA:150,0
DA:152,0
DA:155,0
DA:156,0
DA:171,2
DA:173,1
DA:175,1
DA:177,1
DA:178,1
DA:180,1
DA:181,1
DA:182,1
DA:184,1
DA:186,1
DA:189,1
DA:190,1
DA:191,1
DA:193,0
DA:194,1
DA:195,1
DA:196,1
DA:198,0
DA:199,1
DA:200,1
DA:202,1
DA:203,0
DA:205,0
DA:206,0
DA:207,0
LF:113
LH:30
end_of_record
SF:lib\ui\views\home\home_viewmodel.dart
DA:13,1
DA:14,3
LF:2
LH:2
end_of_record
SF:lib\ui\views\identification\identification_view.dart
DA:13,1
DA:18,1
DA:20,1
DA:21,2
DA:22,2
DA:23,1
DA:24,1
DA:25,0
DA:26,0
DA:27,0
DA:28,0
DA:32,0
DA:33,0
DA:34,0
DA:35,0
DA:36,0
DA:41,1
DA:42,0
DA:43,0
DA:44,0
DA:45,0
DA:46,0
DA:50,0
DA:51,0
DA:52,0
DA:53,0
DA:54,0
DA:55,0
DA:56,0
DA:57,0
DA:61,0
DA:62,0
DA:66,0
DA:67,0
DA:72,0
DA:74,1
DA:77,2
DA:84,0
DA:86,0
DA:88,0
DA:89,0
DA:90,0
DA:91,0
DA:92,0
DA:93,0
DA:94,0
DA:95,0
DA:102,0
DA:104,0
DA:106,0
DA:108,0
DA:109,0
DA:113,0
DA:114,0
DA:115,0
DA:116,0
DA:117,0
DA:118,0
DA:119,0
DA:121,0
DA:122,0
DA:123,0
DA:124,0
DA:125,0
DA:126,0
DA:127,0
DA:128,0
DA:129,0
DA:135,0
DA:136,0
DA:137,0
DA:138,0
DA:139,0
DA:141,0
DA:142,0
DA:146,0
DA:147,0
DA:148,0
DA:149,0
DA:150,0
DA:151,0
DA:152,0
DA:153,0
DA:154,0
DA:157,0
DA:162,0
DA:163,0
DA:164,0
DA:165,0
DA:166,0
DA:167,0
DA:168,0
DA:172,0
DA:173,0
DA:174,0
DA:175,0
DA:178,0
DA:179,0
DA:181,0
DA:182,0
DA:185,0
DA:187,0
DA:190,0
DA:191,0
DA:193,0
DA:196,0
DA:198,0
DA:201,0
DA:215,0
DA:217,0
DA:219,0
DA:220,0
DA:222,0
DA:223,0
DA:225,0
DA:226,0
DA:229,0
DA:232,0
DA:233,0
DA:234,0
DA:235,0
DA:236,0
DA:237,0
DA:238,0
DA:248,0
DA:250,0
DA:252,0
DA:253,0
DA:254,0
DA:257,0
DA:258,0
DA:259,0
DA:261,0
DA:262,0
DA:263,0
DA:265,0
DA:287,0
DA:289,0
DA:291,0
DA:293,0
DA:295,0
DA:297,0
DA:301,0
DA:302,0
DA:303,0
DA:304,0
DA:305,0
DA:306,0
DA:315,0
DA:317,0
DA:319,0
DA:320,0
DA:321,0
DA:322,0
DA:324,0
DA:326,0
DA:329,0
DA:330,0
DA:331,0
DA:333,0
DA:335,0
DA:336,0
DA:337,0
DA:338,0
DA:341,0
DA:350,0
DA:351,0
DA:353,0
DA:355,0
DA:356,0
DA:357,0
DA:358,0
DA:359,0
DA:361,0
DA:363,0
DA:366,0
DA:367,0
DA:368,0
DA:370,0
DA:372,0
DA:373,0
DA:374,0
DA:375,0
DA:379,0
DA:388,0
DA:389,0
DA:391,0
DA:393,0
DA:394,0
DA:395,0
DA:396,0
DA:398,0
DA:400,0
DA:403,0
DA:404,0
DA:405,0
DA:407,0
DA:409,0
DA:410,0
DA:411,0
DA:412,0
DA:416,0
DA:424,0
DA:426,0
DA:428,0
DA:429,0
DA:430,0
DA:431,0
DA:433,0
DA:435,0
DA:436,0
DA:438,0
DA:440,0
DA:441,0
DA:442,0
DA:452,0
DA:454,0
DA:456,0
DA:457,0
DA:458,0
DA:459,0
DA:461,0
DA:463,0
DA:464,0
DA:466,0
DA:468,0
DA:469,0
DA:470,0
DA:481,0
DA:483,0
DA:485,0
DA:486,0
DA:488,0
DA:489,0
DA:490,0
DA:492,0
DA:496,0
DA:497,0
DA:499,0
DA:500,0
DA:501,0
DA:503,0
DA:504,0
DA:505,0
DA:506,0
DA:508,0
DA:509,0
DA:510,0
DA:512,0
DA:513,0
DA:514,0
DA:518,0
DA:520,0
DA:521,0
DA:522,0
DA:524,0
DA:525,0
DA:526,0
DA:527,0
DA:529,0
DA:530,0
DA:531,0
DA:533,0
DA:534,0
DA:535,0
DA:539,0
DA:540,0
DA:547,0
DA:549,0
DA:551,0
DA:553,0
DA:554,0
DA:555,0
DA:559,0
DA:560,0
DA:561,0
DA:562,0
DA:563,0
DA:567,0
DA:570,0
DA:572,0
DA:573,0
DA:574,0
DA:575,0
DA:576,0
DA:577,0
DA:579,0
DA:581,0
DA:582,0
DA:585,0
DA:589,0
DA:590,0
DA:591,0
DA:593,0
DA:595,0
DA:596,0
DA:597,0
DA:598,0
DA:599,0
DA:601,0
DA:603,0
DA:605,0
DA:606,0
DA:609,0
DA:622,0
DA:624,0
DA:627,0
DA:628,0
DA:629,0
DA:630,0
DA:632,0
DA:635,0
DA:639,0
DA:640,0
DA:644,0
DA:646,0
DA:647,0
DA:648,0
DA:654,0
DA:655,0
DA:657,0
DA:660,0
DA:664,0
DA:665,0
DA:669,0
DA:671,0
DA:672,0
DA:673,0
DA:679,0
DA:680,0
DA:682,0
DA:685,0
DA:689,0
DA:690,0
DA:694,0
DA:696,0
DA:697,0
DA:698,0
DA:704,0
DA:705,0
DA:707,0
DA:710,0
DA:714,0
DA:716,0
DA:717,0
DA:718,0
DA:724,0
DA:725,0
DA:727,0
DA:730,0
DA:734,0
DA:736,0
DA:737,0
DA:738,0
DA:749,0
DA:750,0
DA:753,0
DA:754,0
DA:755,0
DA:757,0
DA:758,0
DA:759,0
DA:761,0
DA:762,0
DA:763,0
DA:769,0
DA:770,0
DA:771,0
DA:773,0
DA:776,0
DA:777,0
DA:780,0
DA:783,0
DA:784,0
DA:785,0
DA:787,0
DA:789,0
DA:793,0
DA:794,0
DA:795,0
DA:797,0
DA:806,0
DA:807,0
DA:809,0
DA:810,0
DA:811,0
DA:814,0
DA:815,0
DA:817,0
DA:818,0
DA:819,0
DA:823,0
DA:824,0
DA:826,0
DA:827,0
DA:828,0
DA:832,0
DA:833,0
DA:835,0
DA:836,0
DA:837,0
DA:839,0
DA:842,0
DA:848,0
DA:849,0
DA:850,0
DA:851,0
DA:853,0
DA:854,0
DA:855,0
DA:857,0
DA:858,0
DA:859,0
DA:870,0
DA:871,0
DA:872,0
DA:874,0
DA:875,0
DA:876,0
DA:878,0
DA:879,0
DA:880,0
DA:887,0
DA:889,0
DA:890,0
DA:891,0
DA:893,0
DA:894,0
DA:895,0
DA:904,0
DA:923,0
DA:924,0
DA:925,0
DA:926,0
DA:927,0
DA:928,0
DA:929,0
DA:932,0
DA:936,0
DA:937,0
DA:939,0
DA:941,0
DA:944,0
DA:946,0
DA:948,0
DA:956,0
DA:957,0
DA:958,0
DA:961,0
DA:962,0
DA:966,0
DA:967,0
DA:968,0
DA:969,0
DA:970,0
DA:971,0
DA:972,0
DA:974,0
DA:975,0
DA:980,0
DA:981,0
DA:983,0
DA:984,0
DA:985,0
DA:987,0
DA:990,0
DA:994,0
DA:995,0
DA:997,0
DA:999,0
DA:1000,0
DA:1001,0
DA:1006,0
DA:1013,0
DA:1014,0
DA:1016,0
DA:1017,0
DA:1021,0
DA:1022,0
DA:1024,0
DA:1025,0
DA:1029,0
DA:1030,0
DA:1032,0
DA:1033,0
DA:1036,0
DA:1037,0
DA:1039,0
DA:1040,0
DA:1044,0
DA:1045,0
DA:1047,0
DA:1048,0
DA:1051,0
DA:1052,0
DA:1054,0
DA:1055,0
LF:497
LH:10
end_of_record
SF:lib\ui\views\identification\identification_viewmodel.dart
DA:22,0
DA:23,0
DA:25,0
DA:26,0
DA:27,0
DA:31,0
DA:33,1
DA:36,3
DA:42,0
DA:43,0
DA:44,0
DA:45,0
DA:50,0
DA:53,0
DA:56,0
DA:59,0
DA:61,0
DA:62,0
DA:63,0
DA:66,1
DA:67,1
DA:68,0
DA:69,1
DA:70,2
DA:72,1
DA:73,2
DA:74,0
DA:75,0
DA:77,1
DA:78,1
DA:88,0
DA:91,0
DA:94,0
DA:97,0
DA:99,0
DA:100,0
DA:101,0
DA:104,1
DA:105,1
DA:106,0
DA:107,1
DA:108,3
DA:109,2
DA:110,0
DA:111,0
DA:113,1
DA:114,1
DA:123,0
DA:126,0
DA:129,0
DA:132,0
DA:134,0
DA:135,0
DA:136,0
DA:139,1
DA:140,1
DA:141,0
DA:142,1
DA:143,3
DA:144,2
DA:145,0
DA:146,0
DA:148,1
DA:149,1
DA:158,0
DA:160,0
DA:161,0
DA:162,0
DA:165,0
DA:166,0
DA:167,0
DA:168,0
DA:169,0
DA:170,0
DA:178,0
DA:180,0
DA:181,0
DA:182,0
DA:185,0
DA:186,0
DA:187,0
DA:188,0
DA:189,0
DA:190,0
DA:195,0
DA:196,0
DA:199,0
DA:200,0
DA:201,0
DA:202,0
DA:203,0
DA:206,0
DA:207,0
DA:210,1
DA:211,2
DA:212,3
DA:213,0
DA:214,0
DA:215,0
DA:216,0
DA:217,0
DA:218,0
DA:219,0
DA:220,0
DA:221,0
DA:222,0
DA:227,0
DA:228,0
DA:229,0
DA:230,0
DA:231,0
DA:235,0
DA:237,0
DA:238,0
DA:239,0
DA:240,0
LF:116
LH:27
end_of_record
SF:lib\ui\views\information\information_view.dart
DA:12,0
DA:16,1
DA:18,1
DA:20,1
DA:21,1
DA:22,1
DA:23,2
DA:24,3
DA:25,1
DA:26,3
DA:27,1
DA:28,0
DA:30,1
DA:31,0
DA:32,0
DA:33,0
DA:34,0
DA:35,0
DA:36,0
DA:37,0
DA:41,0
DA:42,0
DA:43,0
DA:44,0
DA:45,0
DA:46,0
DA:48,0
DA:53,0
DA:55,1
DA:59,2
DA:65,0
DA:67,0
DA:69,0
DA:70,0
DA:71,0
DA:72,0
DA:73,0
DA:81,0
DA:83,0
DA:90,0
DA:92,0
DA:93,0
DA:94,0
DA:97,0
DA:98,0
DA:99,0
DA:100,0
DA:101,0
DA:104,0
DA:105,0
DA:106,0
DA:107,0
DA:112,0
DA:114,0
DA:115,0
DA:116,0
DA:119,0
DA:120,0
DA:122,0
DA:123,0
DA:124,0
DA:127,0
DA:137,0
DA:139,0
DA:141,0
DA:142,0
DA:146,0
DA:147,0
DA:148,0
DA:149,0
DA:150,0
DA:153,0
DA:154,0
DA:156,0
DA:157,0
DA:158,0
DA:159,0
DA:160,0
DA:161,0
DA:162,0
DA:163,0
DA:164,0
DA:165,0
DA:166,0
DA:167,0
DA:168,0
DA:169,0
DA:171,0
DA:172,0
DA:175,0
DA:176,0
DA:177,0
DA:188,0
DA:190,0
DA:192,0
DA:193,0
DA:195,0
DA:197,0
DA:198,0
DA:203,0
DA:204,0
DA:205,0
DA:206,0
DA:207,0
DA:208,0
DA:211,0
DA:212,0
DA:213,0
DA:214,0
DA:215,0
DA:216,0
DA:217,0
DA:218,0
DA:219,0
DA:231,0
DA:232,0
DA:234,0
DA:236,0
DA:237,0
DA:238,0
DA:239,0
DA:242,0
DA:244,0
DA:246,0
DA:247,0
DA:248,0
DA:257,0
DA:258,0
DA:260,0
DA:262,0
DA:263,0
DA:264,0
DA:270,0
DA:271,0
DA:273,0
DA:275,0
DA:276,0
DA:277,0
DA:278,0
DA:279,0
DA:280,0
DA:281,0
DA:283,0
DA:284,0
DA:286,0
DA:290,0
DA:291,0
DA:294,0
DA:295,0
DA:296,0
DA:298,0
DA:299,0
DA:301,0
DA:305,0
DA:306,0
DA:315,0
DA:316,0
DA:318,0
DA:320,0
DA:321,0
DA:322,0
DA:323,0
DA:324,0
DA:325,0
DA:326,0
DA:328,0
DA:329,0
DA:331,0
DA:335,0
DA:336,0
DA:339,0
DA:340,0
DA:341,0
DA:343,0
DA:344,0
DA:346,0
DA:350,0
DA:351,0
DA:360,0
DA:361,0
DA:363,0
DA:365,0
DA:366,0
DA:367,0
DA:369,0
DA:370,0
DA:371,0
DA:372,0
DA:373,0
DA:374,0
DA:377,0
DA:378,0
DA:379,0
DA:380,0
DA:382,0
DA:383,0
DA:393,0
DA:394,0
DA:396,0
DA:397,0
DA:398,0
DA:400,0
DA:401,0
DA:402,0
DA:403,0
DA:404,0
DA:405,0
DA:408,0
DA:409,0
DA:410,0
DA:411,0
DA:413,0
DA:414,0
DA:424,0
DA:426,0
DA:427,0
DA:428,0
DA:429,0
DA:430,0
DA:431,0
DA:432,0
DA:438,0
DA:439,0
DA:440,0
DA:441,0
DA:443,0
DA:444,0
DA:445,0
DA:446,0
DA:452,0
DA:453,0
DA:454,0
DA:458,0
DA:459,0
DA:460,0
DA:463,0
DA:464,0
DA:468,0
DA:470,0
DA:471,0
DA:472,0
DA:473,0
DA:474,0
DA:476,0
DA:477,0
DA:482,0
DA:483,0
DA:484,0
DA:485,0
DA:486,0
DA:487,0
DA:488,0
DA:489,0
DA:490,0
DA:491,0
DA:503,0
DA:507,0
DA:508,0
DA:509,0
DA:510,0
DA:511,0
DA:512,0
DA:518,0
DA:526,0
LF:264
LH:13
end_of_record
SF:lib\ui\views\login\login_view.dart
DA:9,2
DA:11,1
DA:13,1
DA:14,2
DA:15,1
DA:17,1
DA:18,1
DA:20,1
DA:21,1
DA:22,1
DA:23,1
DA:24,1
DA:26,1
DA:27,1
DA:28,1
DA:29,1
DA:31,1
DA:32,1
DA:33,1
DA:38,2
DA:44,2
DA:46,1
DA:48,1
DA:49,1
DA:56,1
DA:57,1
DA:58,1
DA:59,1
DA:61,2
DA:62,1
DA:63,0
DA:64,0
DA:71,1
DA:73,1
DA:75,1
DA:77,1
DA:78,1
DA:79,1
DA:81,1
DA:83,1
DA:85,1
DA:86,1
DA:87,2
DA:88,1
DA:89,1
DA:90,2
DA:91,1
DA:92,1
DA:93,1
DA:94,2
DA:96,1
DA:100,1
DA:101,1
DA:102,2
DA:104,1
DA:107,1
DA:108,0
DA:109,1
DA:118,1
DA:120,1
DA:122,1
DA:124,1
DA:125,1
DA:126,1
DA:128,1
DA:130,1
DA:131,1
DA:133,1
DA:134,1
DA:135,2
DA:136,1
DA:137,1
DA:138,2
DA:139,1
DA:140,1
DA:141,1
DA:142,0
DA:143,0
DA:146,1
DA:147,1
DA:148,1
DA:149,2
DA:151,1
DA:155,1
DA:156,1
DA:157,2
DA:161,1
DA:162,0
DA:163,1
DA:172,1
DA:174,1
DA:176,1
DA:178,1
DA:179,0
DA:180,0
DA:182,1
DA:183,1
DA:185,1
DA:190,1
DA:191,1
DA:194,1
DA:198,1
LF:102
LH:94
end_of_record
SF:lib\ui\views\notconfirmed\notconfirmed_view.dart
DA:10,2
DA:12,1
DA:14,1
DA:15,2
DA:16,2
DA:17,1
DA:18,1
DA:19,0
DA:20,0
DA:22,0
DA:26,0
DA:29,1
DA:30,1
DA:31,1
DA:32,0
DA:33,0
DA:34,0
DA:38,1
DA:39,1
DA:40,1
DA:41,2
DA:42,1
DA:43,1
DA:47,0
DA:49,1
DA:53,2
DA:58,1
DA:59,1
DA:60,1
DA:61,1
DA:62,2
DA:70,2
DA:72,1
DA:74,1
DA:75,1
DA:78,1
DA:79,1
DA:83,1
DA:85,1
DA:86,1
DA:87,1
DA:88,0
DA:89,0
DA:91,1
DA:92,1
DA:102,1
DA:103,1
DA:105,1
DA:107,1
DA:108,1
DA:109,1
DA:110,1
DA:112,1
DA:114,1
DA:117,1
DA:118,1
DA:119,1
DA:121,1
DA:123,1
DA:124,2
DA:125,0
DA:126,0
DA:127,0
DA:128,0
DA:129,0
DA:130,0
DA:135,2
DA:143,1
DA:145,1
DA:147,1
DA:149,1
DA:150,1
DA:151,1
DA:152,1
DA:154,1
DA:155,1
DA:156,1
DA:157,1
DA:158,1
DA:159,1
DA:160,0
DA:167,2
DA:169,1
DA:171,1
DA:172,1
DA:176,1
DA:177,1
DA:178,1
DA:179,1
DA:180,1
DA:183,1
DA:184,1
DA:186,1
DA:187,1
DA:188,1
DA:189,2
DA:190,1
DA:193,1
DA:195,1
DA:197,1
DA:200,2
DA:203,1
DA:204,1
DA:205,1
DA:206,1
DA:208,1
DA:213,1
DA:215,1
DA:219,1
DA:221,1
DA:233,3
DA:234,1
DA:235,1
DA:236,1
DA:238,1
DA:239,1
DA:244,1
DA:245,1
DA:246,1
DA:247,1
DA:248,1
DA:250,1
DA:253,1
DA:257,1
DA:258,1
DA:260,1
DA:262,1
DA:263,1
DA:265,1
DA:267,1
LF:130
LH:113
end_of_record
SF:lib\ui\views\profile\profile_view.dart
DA:12,2
DA:14,1
DA:16,1
DA:17,2
DA:18,1
DA:19,1
DA:20,1
DA:21,0
DA:22,0
DA:23,0
DA:25,0
DA:26,0
DA:27,0
DA:30,0
DA:33,1
DA:34,0
DA:35,0
DA:36,0
DA:37,0
DA:39,0
DA:41,0
DA:42,0
DA:43,0
DA:44,0
DA:45,0
DA:49,0
DA:50,0
DA:51,0
DA:53,0
DA:54,0
DA:55,0
DA:58,0
DA:59,0
DA:60,0
DA:61,0
DA:63,0
DA:64,0
DA:65,0
DA:66,0
DA:68,0
DA:75,0
DA:77,1
DA:80,2
DA:89,0
DA:90,0
DA:92,0
DA:94,0
DA:95,0
DA:96,0
DA:97,0
DA:99,0
DA:101,0
DA:104,0
DA:105,0
DA:106,0
DA:107,0
DA:108,0
DA:111,0
DA:114,0
DA:124,0
DA:126,0
DA:128,0
DA:129,0
DA:130,0
DA:131,0
DA:132,0
DA:133,0
DA:134,0
DA:135,0
DA:136,0
DA:147,0
DA:148,0
DA:150,0
DA:151,0
DA:152,0
DA:153,0
DA:154,0
DA:157,0
DA:158,0
DA:160,0
DA:161,0
DA:162,0
DA:163,0
DA:164,0
DA:166,0
DA:167,0
DA:168,0
DA:171,0
DA:172,0
DA:174,0
DA:176,0
DA:178,0
DA:181,0
DA:182,0
DA:183,0
DA:185,0
DA:186,0
DA:187,0
DA:189,0
DA:190,0
DA:192,0
DA:193,0
DA:194,0
DA:195,0
DA:196,0
DA:197,0
DA:200,0
DA:201,0
DA:203,0
DA:204,0
DA:205,0
DA:207,0
DA:209,0
DA:211,0
DA:213,0
DA:215,0
DA:218,0
DA:220,0
DA:223,0
DA:224,0
DA:234,0
DA:244,0
DA:249,0
DA:252,0
DA:255,0
DA:260,0
DA:265,0
DA:269,0
DA:276,0
DA:278,0
DA:280,0
DA:282,0
DA:283,0
DA:285,0
DA:286,0
DA:287,0
DA:289,0
DA:291,0
DA:294,0
DA:295,0
DA:296,0
DA:298,0
DA:299,0
DA:300,0
DA:301,0
DA:303,0
DA:304,0
DA:305,0
DA:307,0
DA:308,0
DA:310,0
DA:311,0
DA:312,0
DA:321,0
DA:322,0
DA:323,0
DA:324,0
DA:326,0
DA:328,0
DA:329,0
DA:330,0
DA:332,0
DA:335,0
DA:336,0
DA:337,0
DA:341,0
DA:342,0
DA:344,0
DA:350,0
DA:351,0
DA:352,0
DA:353,0
DA:354,0
DA:357,0
DA:359,0
DA:360,0
DA:362,0
DA:364,0
DA:365,0
DA:367,0
DA:368,0
DA:369,0
DA:371,0
DA:373,0
DA:378,0
DA:380,0
DA:382,0
DA:385,0
DA:387,0
DA:388,0
DA:389,0
DA:391,0
DA:393,0
DA:394,0
DA:396,0
DA:398,0
DA:405,0
DA:406,0
DA:407,0
DA:408,0
DA:409,0
DA:412,0
DA:414,0
DA:415,0
DA:417,0
DA:419,0
DA:420,0
DA:422,0
DA:423,0
DA:427,0
DA:428,0
DA:430,0
DA:432,0
DA:433,0
DA:435,0
DA:437,0
DA:440,0
DA:442,0
DA:448,0
DA:453,0
DA:455,0
DA:457,0
DA:458,0
DA:460,0
DA:461,0
DA:465,0
DA:466,0
DA:468,0
DA:470,0
DA:471,0
DA:473,0
DA:475,0
DA:478,0
DA:480,0
DA:485,0
DA:486,0
DA:490,0
DA:492,0
DA:493,0
DA:494,0
DA:496,0
DA:497,0
DA:501,0
DA:502,0
DA:504,0
DA:506,0
DA:507,0
DA:509,0
DA:511,0
DA:514,0
DA:516,0
DA:521,0
DA:522,0
DA:531,0
DA:532,0
DA:533,0
DA:535,0
DA:536,0
DA:537,0
DA:538,0
DA:539,0
DA:543,0
DA:547,0
DA:549,0
DA:550,0
DA:551,0
DA:552,0
DA:553,0
DA:557,0
LF:269
LH:10
end_of_record
SF:lib\ui\views\search\search_view.dart
DA:8,0
DA:9,0
DA:12,2
DA:14,1
DA:16,1
DA:17,2
DA:18,1
DA:19,1
DA:20,1
DA:21,0
DA:22,0
DA:23,0
DA:25,0
DA:26,0
DA:27,0
DA:30,0
DA:31,0
DA:32,0
DA:35,0
DA:38,1
DA:39,0
DA:40,0
DA:41,0
DA:42,0
DA:43,0
DA:44,0
DA:45,0
DA:46,0
DA:50,0
DA:51,0
DA:53,0
DA:54,0
DA:55,0
DA:57,0
DA:58,0
DA:59,0
DA:64,0
DA:65,0
DA:66,0
DA:69,0
DA:70,0
DA:71,0
DA:72,0
DA:73,0
DA:74,0
DA:75,0
DA:76,0
DA:77,0
DA:79,0
DA:80,0
DA:81,0
DA:88,1
DA:91,2
DA:98,0
DA:100,0
DA:102,0
DA:103,0
DA:105,0
DA:106,0
DA:107,0
DA:108,0
DA:110,0
DA:112,0
DA:114,0
DA:115,0
DA:116,0
DA:117,0
DA:118,0
DA:119,0
DA:120,0
DA:121,0
DA:122,0
DA:123,0
DA:124,0
DA:125,0
DA:126,0
DA:127,0
DA:128,0
DA:142,0
DA:143,0
DA:145,0
DA:147,0
DA:148,0
DA:149,0
DA:150,0
DA:151,0
DA:152,0
DA:153,0
DA:154,0
DA:155,0
DA:157,0
DA:166,0
DA:168,0
DA:170,0
DA:171,0
DA:172,0
DA:173,0
DA:174,0
DA:175,0
DA:176,0
DA:177,0
DA:179,0
DA:180,0
DA:182,0
DA:183,0
DA:185,0
DA:187,0
DA:189,0
DA:190,0
DA:191,0
DA:192,0
DA:196,0
DA:206,0
DA:207,0
DA:211,0
DA:212,0
DA:213,0
DA:214,0
DA:215,0
DA:220,0
DA:224,0
DA:225,0
DA:227,0
DA:229,0
DA:230,0
DA:235,0
DA:239,0
DA:242,0
DA:247,0
DA:248,0
DA:249,0
DA:250,0
DA:251,0
DA:252,0
DA:253,0
DA:255,0
DA:256,0
DA:257,0
DA:258,0
DA:259,0
DA:260,0
DA:261,0
DA:263,0
DA:265,0
DA:267,0
DA:268,0
DA:269,0
DA:270,0
DA:277,0
DA:278,0
DA:282,0
DA:283,0
DA:284,0
DA:289,0
DA:296,0
DA:297,0
DA:298,0
DA:299,0
DA:300,0
DA:301,0
LF:160
LH:10
end_of_record
SF:lib\ui\views\upload\upload_view.dart
DA:12,2
DA:14,1
DA:16,1
DA:17,1
DA:18,1
DA:19,2
DA:20,0
DA:21,0
DA:22,0
DA:26,1
DA:27,1
DA:28,1
DA:30,1
DA:31,1
DA:33,1
DA:37,1
DA:38,1
DA:39,1
DA:40,1
DA:42,1
DA:43,0
DA:44,0
DA:46,1
DA:51,1
DA:55,2
DA:61,2
DA:63,1
DA:65,1
DA:66,1
DA:67,1
DA:68,2
DA:69,1
DA:70,1
DA:71,1
DA:72,1
DA:73,1
DA:74,1
DA:85,2
DA:87,1
DA:89,1
DA:90,1
DA:91,1
DA:92,1
DA:93,1
DA:94,2
DA:95,0
DA:96,0
DA:97,0
DA:106,2
DA:108,0
DA:110,0
DA:112,0
DA:113,0
DA:115,0
DA:116,0
DA:117,0
DA:119,0
DA:121,0
DA:124,0
DA:125,0
DA:126,0
DA:128,0
DA:129,0
DA:130,0
DA:131,0
DA:133,0
DA:134,0
DA:135,0
DA:137,0
DA:138,0
DA:140,0
DA:141,0
DA:142,0
DA:152,0
DA:154,0
DA:155,0
DA:157,0
DA:159,0
DA:160,0
DA:161,0
DA:163,0
DA:164,0
DA:165,0
DA:176,1
DA:178,1
DA:179,1
DA:181,2
DA:182,1
DA:183,1
DA:184,1
DA:185,1
DA:186,1
DA:187,2
DA:188,2
DA:189,2
DA:193,0
DA:194,0
DA:197,0
DA:198,0
DA:199,0
DA:200,0
DA:201,0
DA:202,0
DA:203,0
DA:204,0
DA:208,0
DA:209,0
DA:217,2
DA:219,1
DA:221,2
DA:222,1
DA:223,1
DA:224,1
DA:225,1
DA:226,1
DA:227,2
DA:228,2
DA:229,2
DA:233,0
DA:234,0
DA:237,0
DA:238,0
DA:239,0
DA:240,0
DA:241,0
DA:242,0
DA:243,0
DA:244,0
DA:248,0
DA:249,0
DA:256,1
DA:258,1
DA:260,1
DA:262,1
DA:263,1
DA:264,1
DA:266,1
DA:267,1
DA:270,1
DA:271,1
DA:272,2
DA:273,1
DA:274,1
DA:275,2
DA:277,1
DA:278,1
DA:287,1
DA:289,1
DA:290,1
DA:292,1
DA:293,1
DA:295,1
DA:296,1
DA:297,1
DA:298,1
DA:300,1
DA:302,1
DA:307,1
DA:308,1
DA:309,2
DA:310,1
DA:311,1
DA:312,2
DA:314,1
DA:315,0
DA:316,0
DA:318,0
DA:319,0
DA:320,0
DA:323,0
DA:326,0
DA:327,0
DA:328,0
DA:330,0
DA:331,0
DA:337,0
DA:346,1
DA:348,1
DA:350,1
DA:352,1
DA:353,1
DA:354,1
DA:356,1
DA:357,1
DA:360,1
DA:361,1
DA:362,2
DA:363,1
DA:364,1
DA:365,2
DA:367,1
DA:368,1
DA:377,1
DA:379,1
DA:381,1
DA:383,1
DA:384,1
DA:385,1
DA:387,1
DA:388,1
DA:391,1
DA:392,1
DA:393,2
DA:394,1
DA:395,1
DA:396,2
DA:398,1
DA:399,1
DA:408,2
DA:409,1
DA:411,1
DA:412,1
DA:414,1
DA:415,1
DA:416,1
DA:418,1
DA:419,1
DA:420,1
DA:421,1
DA:422,1
DA:423,1
DA:424,1
DA:425,1
DA:433,1
DA:435,1
DA:436,1
DA:438,1
DA:440,1
DA:441,1
DA:442,1
DA:443,1
DA:445,1
DA:446,1
DA:447,1
DA:448,1
DA:450,1
DA:451,1
DA:452,1
DA:453,1
DA:455,1
DA:456,1
DA:457,1
DA:458,1
DA:460,1
DA:467,2
DA:469,0
DA:471,0
DA:472,0
DA:479,0
DA:480,0
DA:483,0
DA:484,0
DA:485,0
DA:486,0
DA:493,3
DA:495,1
DA:496,1
DA:497,1
DA:500,1
DA:501,1
DA:502,1
DA:504,1
DA:507,3
DA:508,1
DA:511,1
DA:512,1
DA:513,1
DA:515,1
DA:516,1
DA:517,1
DA:519,1
DA:520,2
DA:521,2
DA:526,3
DA:527,1
DA:528,1
DA:529,2
DA:534,3
DA:535,1
DA:536,1
DA:537,2
DA:542,3
DA:543,1
DA:546,1
DA:547,1
DA:548,1
DA:550,1
DA:551,1
DA:552,1
DA:553,1
DA:554,2
DA:555,2
DA:560,3
DA:563,1
DA:564,1
DA:565,1
DA:567,1
DA:568,1
DA:569,1
DA:570,1
DA:571,2
DA:572,2
DA:573,2
DA:578,3
DA:579,1
DA:584,1
DA:587,3
DA:589,1
DA:590,1
DA:591,1
DA:593,1
LF:311
LH:224
end_of_record
SF:lib\ui\views\userconfirmed\user_confirmed_view.dart
DA:13,1
DA:15,1
DA:17,1
DA:18,2
DA:19,2
DA:20,1
DA:21,1
DA:22,0
DA:23,0
DA:25,0
DA:29,0
DA:32,1
DA:33,2
DA:34,2
DA:35,1
DA:37,1
DA:38,0
DA:39,0
DA:40,0
DA:44,1
DA:45,1
DA:46,1
DA:47,2
DA:48,1
DA:49,2
DA:55,1
DA:59,2
DA:64,1
DA:65,1
DA:66,1
DA:67,1
DA:68,2
DA:76,2
DA:78,1
DA:80,1
DA:81,1
DA:84,1
DA:85,1
DA:89,1
DA:91,1
DA:92,1
DA:93,1
DA:94,0
DA:95,0
DA:97,1
DA:98,1
DA:107,2
DA:109,1
DA:111,2
DA:113,1
DA:114,1
DA:118,1
DA:119,1
DA:120,1
DA:121,1
DA:122,1
DA:125,1
DA:126,1
DA:128,1
DA:129,1
DA:130,1
DA:131,2
DA:132,1
DA:135,1
DA:137,1
DA:138,2
DA:139,1
DA:142,1
DA:144,3
DA:147,1
DA:148,1
DA:149,1
DA:150,1
DA:151,1
DA:154,1
DA:155,1
DA:156,1
DA:157,1
DA:158,3
DA:161,1
DA:162,1
DA:163,1
DA:164,1
DA:166,1
DA:170,1
DA:172,1
DA:177,1
DA:179,1
DA:183,1
DA:185,1
DA:199,2
DA:201,1
DA:203,1
DA:204,1
DA:205,1
DA:206,1
DA:207,3
DA:208,1
DA:210,1
DA:211,2
DA:212,2
DA:213,2
DA:214,2
DA:226,1
DA:227,1
DA:229,0
DA:231,0
DA:232,0
DA:233,0
DA:234,0
DA:236,0
DA:238,0
DA:241,0
DA:242,0
DA:243,0
DA:245,0
DA:247,0
DA:248,0
DA:249,0
DA:250,0
DA:251,0
DA:252,0
DA:253,0
DA:254,0
DA:255,0
DA:259,0
DA:268,1
DA:270,1
DA:272,1
DA:274,1
DA:275,1
DA:276,1
DA:277,1
DA:279,1
DA:280,1
DA:281,1
DA:282,1
DA:283,1
DA:284,1
DA:285,0
DA:291,1
DA:292,1
DA:294,1
DA:295,1
DA:296,1
DA:297,1
DA:301,1
DA:308,1
DA:310,1
DA:312,1
DA:313,1
DA:314,1
DA:316,1
DA:319,2
DA:320,1
DA:322,2
DA:323,1
DA:325,1
DA:328,2
DA:330,1
DA:332,2
DA:333,2
DA:334,2
DA:336,1
DA:338,2
DA:339,2
DA:340,2
DA:342,1
DA:344,1
DA:346,1
DA:351,0
DA:352,0
DA:354,0
DA:355,0
DA:356,0
DA:358,0
DA:361,0
DA:365,1
DA:366,1
DA:368,1
DA:369,1
DA:370,1
DA:372,1
DA:375,1
DA:379,0
DA:380,0
DA:382,0
DA:383,0
DA:384,0
DA:386,0
DA:387,0
DA:388,0
DA:397,1
DA:398,1
DA:399,1
DA:400,1
DA:401,1
DA:402,1
DA:404,1
DA:408,1
DA:409,1
DA:410,2
DA:411,2
DA:416,1
DA:417,1
DA:418,1
DA:419,1
DA:420,1
DA:422,1
DA:425,1
DA:429,1
DA:430,1
DA:432,1
DA:434,1
DA:435,1
DA:437,1
DA:439,1
DA:444,1
DA:445,1
DA:447,1
DA:448,1
DA:449,1
DA:451,1
DA:453,1
DA:461,2
DA:463,1
DA:465,1
DA:466,1
DA:469,4
DA:470,1
DA:471,1
DA:472,1
DA:473,5
DA:474,3
DA:475,1
DA:476,1
DA:477,1
DA:478,0
DA:481,0
DA:482,0
DA:484,0
DA:485,0
DA:487,0
LF:243
LH:191
end_of_record
SF:lib\app\locator.iconfig.dart
DA:13,1
DA:14,1
DA:15,1
DA:16,0
DA:17,3
DA:18,3
DA:19,1
DA:20,2
DA:21,1
DA:22,0
DA:26,0
DA:27,0
DA:28,1
DA:29,1
DA:30,0
DA:31,0
LF:16
LH:10
end_of_record
SF:lib\app\router.gr.dart
DA:63,0
DA:64,0
DA:81,0
DA:82,0
DA:208,0
DA:215,0
DA:221,0
DA:227,0
DA:234,0
DA:240,0
DA:248,0
DA:254,0
LF:12
LH:0
end_of_record
SF:lib\ui\views\achievements\achievements_view.dart
DA:10,0
DA:12,0
DA:14,0
DA:15,0
DA:16,0
DA:17,0
DA:18,0
DA:19,0
DA:20,0
DA:21,0
DA:23,0
DA:26,0
DA:27,0
DA:30,0
DA:33,0
DA:34,0
DA:35,0
DA:36,0
DA:37,0
DA:38,0
DA:42,0
DA:43,0
DA:44,0
DA:46,0
DA:49,0
DA:50,0
DA:53,0
DA:54,0
DA:55,0
DA:56,0
DA:57,0
DA:58,0
DA:62,0
DA:64,0
DA:67,0
DA:74,0
DA:76,0
DA:78,0
DA:79,0
DA:80,0
DA:81,0
DA:83,0
DA:85,0
DA:86,0
DA:87,0
DA:88,0
DA:96,0
DA:97,0
DA:98,0
DA:99,0
DA:100,0
DA:104,0
DA:113,0
DA:115,0
DA:117,0
DA:119,0
DA:120,0
DA:122,0
DA:123,0
DA:124,0
DA:126,0
DA:128,0
DA:131,0
DA:132,0
DA:133,0
DA:135,0
DA:136,0
DA:137,0
DA:138,0
DA:140,0
DA:141,0
DA:142,0
DA:143,0
DA:145,0
DA:146,0
DA:147,0
DA:149,0
DA:150,0
DA:152,0
DA:153,0
DA:154,0
DA:166,0
DA:168,0
DA:170,0
DA:171,0
DA:172,0
DA:173,0
DA:174,0
DA:175,0
DA:176,0
DA:177,0
DA:178,0
LF:92
LH:0
end_of_record
SF:lib\services\verification_exception.dart
DA:4,0
DA:6,0
DA:7,0
LF:3
LH:0
end_of_record
SF:lib\services\util.dart
DA:18,0
DA:19,0
DA:24,0
DA:25,0
DA:26,0
DA:30,0
DA:31,0
DA:33,0
DA:34,0
DA:36,0
DA:37,0
DA:38,0
DA:40,0
DA:42,0
DA:44,0
DA:45,0
DA:47,0
DA:48,0
DA:49,0
DA:50,0
DA:52,0
DA:53,0
DA:60,0
DA:62,0
DA:63,0
DA:70,0
DA:72,0
DA:74,0
DA:75,0
DA:77,0
DA:80,0
DA:82,0
DA:85,0
DA:87,0
DA:89,0
DA:91,0
DA:95,0
DA:97,0
DA:98,0
DA:99,0
DA:100,0
DA:101,0
DA:102,0
DA:104,0
DA:108,0
DA:109,0
DA:111,0
DA:113,0
DA:115,0
DA:116,0
DA:117,0
DA:126,0
DA:128,0
DA:129,0
DA:133,0
DA:134,0
DA:135,0
DA:137,0
DA:138,0
DA:140,0
DA:141,0
DA:142,0
DA:145,0
DA:147,0
DA:149,0
DA:150,0
DA:154,0
DA:156,0
DA:158,0
DA:160,0
DA:161,0
DA:163,0
DA:166,0
DA:168,0
DA:170,0
DA:171,0
DA:178,0
DA:180,0
DA:182,0
DA:184,0
DA:185,0
DA:186,0
DA:189,0
DA:191,0
DA:193,0
DA:194,0
DA:201,0
DA:203,0
DA:205,0
DA:207,0
DA:208,0
DA:209,0
DA:212,0
DA:214,0
DA:216,0
DA:217,0
DA:222,0
DA:223,0
DA:226,0
DA:227,0
DA:230,0
DA:231,0
DA:234,0
DA:235,0
DA:238,0
DA:239,0
DA:242,0
DA:243,0
DA:246,0
DA:247,0
DA:248,0
DA:249,0
DA:252,0
DA:253,0
DA:254,0
DA:255,0
DA:258,0
DA:259,0
DA:260,0
DA:263,0
DA:264,0
DA:265,0
DA:270,3
DA:273,1
DA:274,1
DA:276,1
DA:277,1
DA:278,1
DA:286,0
DA:300,0
DA:314,0
DA:315,0
DA:316,0
DA:318,0
DA:319,0
DA:321,0
DA:322,0
DA:323,0
DA:324,0
DA:326,0
DA:331,0
DA:333,0
DA:334,0
DA:336,0
DA:337,0
DA:338,0
DA:339,0
DA:341,0
DA:348,0
DA:349,0
DA:352,1
DA:353,1
DA:354,1
DA:356,1
DA:357,1
DA:358,1
DA:359,1
DA:364,1
DA:365,1
DA:368,3
DA:372,0
DA:373,0
DA:374,0
DA:376,0
DA:380,0
DA:381,0
DA:382,0
DA:386,0
DA:390,0
DA:392,0
DA:396,0
DA:397,0
DA:398,0
DA:402,0
DA:408,0
DA:410,0
DA:412,0
DA:415,0
DA:416,0
DA:417,0
DA:419,0
DA:420,0
DA:421,0
DA:423,0
DA:425,0
DA:427,0
DA:429,0
DA:431,0
DA:435,0
DA:437,0
DA:438,0
DA:439,0
DA:441,0
DA:443,0
DA:445,0
DA:447,0
DA:449,0
DA:455,0
DA:457,0
DA:458,0
DA:459,0
DA:461,0
DA:463,0
DA:465,0
DA:467,0
DA:469,0
DA:473,0
DA:475,0
DA:476,0
DA:477,0
DA:479,0
DA:481,0
DA:483,0
DA:485,0
DA:487,0
DA:496,0
DA:497,0
DA:498,0
DA:499,0
DA:500,0
DA:505,1
DA:506,1
DA:507,3
DA:510,1
DA:511,1
DA:514,1
DA:526,0
DA:527,0
DA:530,0
DA:539,0
DA:540,0
DA:543,0
DA:552,0
DA:553,0
DA:556,0
DA:565,0
DA:566,0
DA:569,0
DA:578,0
DA:579,0
DA:582,0
DA:591,0
DA:592,0
DA:595,0
DA:604,0
DA:605,0
DA:608,0
DA:617,0
DA:618,0
DA:621,0
DA:630,0
DA:631,0
DA:634,0
DA:643,0
DA:644,0
DA:647,0
DA:656,0
DA:657,0
DA:660,0
DA:669,0
DA:670,0
DA:673,0
DA:682,1
DA:683,1
DA:686,1
DA:695,0
DA:696,0
DA:699,0
DA:708,0
DA:709,0
DA:712,0
DA:721,0
DA:722,0
DA:725,0
DA:734,0
DA:735,0
DA:738,0
DA:747,0
DA:748,0
DA:751,0
DA:764,0
DA:765,0
DA:768,0
DA:777,0
DA:778,0
DA:781,0
DA:790,0
DA:791,0
DA:794,0
DA:803,0
DA:804,0
DA:807,0
DA:816,0
DA:817,0
DA:820,0
DA:829,0
DA:830,0
DA:833,0
DA:842,0
DA:843,0
DA:846,0
DA:855,0
DA:856,0
DA:859,0
DA:868,0
DA:869,0
DA:872,0
DA:881,0
DA:882,0
DA:885,0
DA:894,0
DA:895,0
DA:898,0
DA:907,0
DA:908,0
DA:911,0
DA:920,0
DA:921,0
DA:924,0
DA:933,1
DA:934,1
DA:937,1
DA:946,0
DA:947,0
DA:950,0
DA:959,0
DA:960,0
DA:963,0
DA:972,0
DA:973,0
DA:976,0
DA:985,0
DA:986,0
DA:989,0
DA:1002,1
DA:1003,1
DA:1006,1
DA:1015,0
DA:1016,0
DA:1019,0
DA:1028,0
DA:1029,0
DA:1032,0
DA:1041,0
DA:1042,0
DA:1045,0
DA:1054,0
DA:1055,0
DA:1058,0
DA:1067,0
DA:1068,0
DA:1071,0
DA:1080,0
DA:1081,0
DA:1084,0
DA:1093,1
DA:1094,1
DA:1097,1
DA:1106,0
DA:1107,0
DA:1110,0
DA:1119,0
DA:1120,0
DA:1123,0
DA:1132,0
DA:1133,0
DA:1136,0
DA:1145,0
DA:1146,0
DA:1149,0
DA:1158,0
DA:1159,0
DA:1162,0
DA:1171,0
DA:1172,0
DA:1175,0
DA:1184,0
DA:1185,0
DA:1188,0
DA:1197,0
DA:1198,0
DA:1201,0
DA:1210,0
DA:1211,0
DA:1214,0
DA:1223,0
DA:1224,0
DA:1227,0
DA:1240,0
DA:1241,0
DA:1244,0
DA:1253,0
DA:1254,0
DA:1257,0
DA:1266,0
DA:1267,0
DA:1270,0
DA:1279,0
DA:1280,0
DA:1283,0
DA:1292,0
DA:1293,0
DA:1296,0
DA:1305,0
DA:1306,0
DA:1309,0
DA:1318,1
DA:1319,1
DA:1322,1
DA:1331,0
DA:1332,0
DA:1335,0
DA:1344,0
DA:1345,0
DA:1348,0
DA:1357,0
DA:1358,0
DA:1361,0
DA:1370,0
DA:1371,0
DA:1374,0
DA:1383,0
DA:1384,0
DA:1387,0
DA:1396,0
DA:1397,0
DA:1400,0
DA:1409,0
DA:1410,0
DA:1413,0
DA:1422,0
DA:1423,0
DA:1426,0
DA:1435,0
DA:1436,0
DA:1439,0
DA:1448,0
DA:1449,0
DA:1452,0
DA:1461,0
DA:1462,0
DA:1465,0
DA:1478,0
DA:1479,0
DA:1482,0
DA:1491,0
DA:1492,0
DA:1495,0
DA:1504,0
DA:1505,0
DA:1508,0
DA:1517,0
DA:1518,0
DA:1521,0
DA:1530,0
DA:1531,0
DA:1534,0
DA:1543,0
DA:1544,0
DA:1547,0
DA:1556,1
DA:1557,1
DA:1560,1
DA:1569,0
DA:1570,0
DA:1573,0
DA:1582,0
DA:1583,0
DA:1586,0
DA:1595,0
DA:1596,0
DA:1599,0
DA:1608,0
DA:1609,0
DA:1612,0
DA:1621,0
DA:1622,0
DA:1625,0
DA:1634,0
DA:1635,0
DA:1638,0
DA:1647,0
DA:1648,0
DA:1651,0
DA:1660,0
DA:1661,0
DA:1664,0
DA:1673,0
DA:1674,0
DA:1677,0
DA:1686,0
DA:1687,0
DA:1690,0
DA:1699,0
DA:1700,0
DA:1703,0
DA:1716,0
DA:1717,0
DA:1720,0
DA:1729,0
DA:1730,0
DA:1733,0
DA:1742,0
DA:1743,0
DA:1746,0
DA:1755,1
DA:1756,1
DA:1759,1
DA:1768,0
DA:1769,0
DA:1772,0
DA:1781,0
DA:1782,0
DA:1785,0
DA:1794,1
DA:1795,1
DA:1798,1
DA:1807,0
DA:1808,0
DA:1811,0
DA:1820,0
DA:1821,0
DA:1824,0
DA:1833,1
DA:1834,1
DA:1837,1
DA:1846,0
DA:1847,0
DA:1850,0
DA:1859,1
DA:1860,1
DA:1863,1
DA:1872,0
DA:1873,0
DA:1876,0
DA:1885,1
DA:1886,1
DA:1889,1
DA:1898,0
DA:1899,0
DA:1902,0
DA:1911,0
DA:1912,0
DA:1915,0
DA:1924,0
DA:1925,0
DA:1928,0
DA:1937,0
DA:1938,0
DA:1941,0
LF:550
LH:55
end_of_record
SF:lib\ui\views\achievements\achievements_viewmodel.dart
DA:10,0
DA:11,0
LF:2
LH:0
end_of_record
SF:lib\ui\views\animals\animal_viewmodel.dart
DA:13,1
DA:14,3
DA:15,0
DA:16,0
DA:17,0
DA:20,0
DA:21,0
DA:23,0
DA:24,0
DA:26,0
DA:27,0
DA:35,0
LF:12
LH:2
end_of_record
SF:lib\ui\widgets\bottom_navigation\bottom_nav.dart
DA:11,1
DA:15,1
DA:17,1
DA:23,1
DA:28,1
DA:30,0
DA:31,0
DA:32,0
DA:34,0
DA:35,0
DA:37,0
DA:38,0
DA:40,0
DA:41,0
DA:43,0
DA:44,0
DA:51,0
DA:52,0
DA:53,0
DA:55,0
DA:56,0
DA:58,0
DA:59,0
DA:61,0
DA:62,0
DA:64,0
DA:65,0
DA:72,1
DA:73,2
DA:74,1
DA:75,1
DA:76,0
DA:78,1
DA:79,2
DA:80,0
DA:81,0
DA:83,0
DA:84,0
DA:85,0
DA:86,0
DA:88,0
DA:89,0
DA:90,0
DA:92,0
DA:93,0
DA:94,0
DA:98,0
DA:103,0
DA:107,1
DA:108,1
DA:110,1
DA:111,1
DA:112,1
DA:113,1
DA:115,1
DA:116,1
DA:117,1
DA:119,1
DA:120,1
DA:121,1
DA:123,1
DA:124,1
DA:125,1
DA:129,1
DA:136,1
DA:141,1
LF:66
LH:29
end_of_record
SF:lib\ui\views\confirmed\confirmed_viewmodel.dart
DA:16,2
DA:17,0
DA:18,2
DA:19,2
DA:24,1
DA:25,1
DA:28,1
DA:29,1
DA:32,1
DA:33,3
DA:36,0
DA:38,0
DA:39,0
DA:42,0
DA:43,0
DA:46,0
DA:47,0
DA:50,1
DA:51,3
DA:52,1
DA:56,0
DA:57,0
DA:58,0
DA:59,0
DA:60,0
DA:61,0
DA:67,1
LF:27
LH:13
end_of_record
SF:lib\ui\views\forgot\forget_viewmodel.dart
DA:10,0
DA:13,0
DA:16,0
DA:19,0
DA:22,0
DA:25,0
DA:28,2
DA:31,2
DA:34,2
DA:37,0
DA:40,0
DA:43,0
DA:46,0
DA:49,2
DA:52,2
DA:54,0
DA:55,0
DA:56,0
DA:57,0
DA:59,0
DA:61,0
DA:64,0
DA:65,0
DA:66,0
DA:67,0
DA:69,0
DA:71,0
DA:74,0
DA:75,0
DA:76,0
DA:77,0
DA:79,0
DA:82,0
DA:85,0
DA:86,0
DA:87,0
DA:90,0
DA:91,0
DA:92,0
DA:95,0
DA:96,0
DA:97,0
DA:98,0
DA:99,0
DA:100,0
DA:101,0
DA:102,0
DA:103,0
DA:104,0
DA:105,0
DA:106,0
DA:107,0
DA:108,0
DA:109,0
DA:110,0
DA:111,0
DA:112,0
DA:113,0
DA:115,0
DA:119,0
DA:120,0
DA:121,0
DA:122,0
DA:123,0
DA:124,0
DA:125,0
DA:126,0
DA:128,0
DA:129,0
DA:130,0
DA:135,0
DA:136,0
DA:137,0
DA:138,0
DA:140,0
DA:144,0
DA:145,0
DA:146,0
DA:147,0
DA:148,0
DA:149,0
DA:150,0
DA:151,0
DA:153,0
LF:84
LH:5
end_of_record
SF:lib\ui\views\gallery\gallery_viewmodel.dart
DA:7,1
DA:8,1
DA:9,1
DA:10,1
DA:13,2
DA:14,1
DA:16,4
DA:17,2
DA:18,4
DA:20,2
DA:27,1
LF:11
LH:11
end_of_record
SF:lib\ui\views\information\information_viewmodel.dart
DA:11,0
DA:13,0
DA:14,0
DA:17,1
DA:18,3
DA:19,0
LF:6
LH:2
end_of_record
SF:lib\ui\views\login\login_viewmodel.dart
DA:10,0
DA:13,0
DA:16,2
DA:19,2
DA:22,0
DA:25,2
DA:28,0
DA:31,0
DA:34,0
DA:36,0
DA:37,0
DA:38,0
DA:39,0
DA:41,0
DA:43,0
DA:46,0
DA:47,0
DA:48,0
DA:49,0
DA:51,0
DA:53,0
DA:56,0
DA:57,0
DA:58,0
DA:61,0
DA:62,0
DA:65,0
DA:66,0
DA:67,0
DA:68,0
DA:70,0
DA:74,0
DA:75,0
DA:76,0
DA:77,0
DA:78,0
DA:79,0
DA:81,0
DA:82,0
DA:83,0
DA:89,0
DA:90,0
DA:91,0
DA:93,0
DA:94,0
DA:95,0
DA:96,0
DA:97,0
DA:98,0
DA:99,0
DA:101,0
LF:51
LH:3
end_of_record
SF:lib\ui\views\notconfirmed\notconfirmed_viewmodel.dart
DA:9,1
DA:10,1
DA:11,2
DA:15,0
DA:17,0
DA:18,0
DA:19,0
LF:7
LH:3
end_of_record
SF:lib\ui\views\profile\profile_viewmodel.dart
DA:11,1
DA:12,3
DA:13,0
DA:14,0
DA:15,0
DA:27,0
LF:6
LH:2
end_of_record
SF:lib\ui\views\search\search_viewmodel.dart
DA:11,1
DA:12,3
DA:13,0
DA:15,0
DA:16,0
DA:17,0
DA:18,0
DA:19,0
DA:21,0
DA:22,0
DA:24,0
DA:25,0
DA:27,0
DA:29,0
DA:30,0
DA:31,0
DA:33,0
DA:34,0
DA:36,0
DA:37,0
DA:38,0
DA:39,0
DA:45,0
DA:46,0
DA:48,0
DA:49,0
DA:50,0
DA:52,0
DA:53,0
DA:55,0
DA:56,0
DA:57,0
DA:58,0
DA:64,0
DA:65,0
DA:66,0
DA:68,0
DA:82,0
LF:38
LH:2
end_of_record
SF:lib\ui\views\upload\upload_viewmodel.dart
DA:15,0
DA:17,0
DA:20,0
DA:23,0
DA:26,2
DA:29,2
DA:32,0
DA:35,0
DA:38,0
DA:42,0
DA:43,0
DA:44,0
DA:45,0
DA:47,0
DA:51,0
DA:52,0
DA:53,0
DA:56,0
DA:57,0
DA:60,0
DA:61,0
DA:64,0
DA:65,0
DA:68,0
DA:70,0
DA:71,0
DA:73,0
DA:74,0
DA:75,0
DA:76,0
DA:77,0
DA:78,0
DA:79,0
DA:84,0
DA:86,0
DA:87,0
DA:89,0
DA:90,0
DA:91,0
DA:92,0
DA:93,0
DA:94,0
DA:95,0
DA:101,0
DA:102,0
DA:103,0
DA:106,0
DA:107,0
DA:108,0
DA:111,0
DA:112,0
DA:113,0
DA:116,0
LF:53
LH:2
end_of_record
SF:lib\ui\views\userconfirmed\user_confirmed_viewmodel.dart
DA:16,2
DA:17,2
DA:18,2
DA:19,0
DA:23,1
DA:24,1
DA:27,0
DA:28,0
DA:31,1
DA:32,1
DA:35,0
DA:37,0
DA:38,0
DA:41,0
DA:42,0
DA:45,0
DA:46,0
DA:49,1
DA:50,1
DA:57,1
LF:20
LH:10
end_of_record
