SF:lib\app\locator.dart
DA:5,3
DA:7,1
DA:8,2
LF:3
LH:3
end_of_record
SF:lib\ui\views\animals\animal_view.dart
DA:8,2
DA:10,1
DA:12,1
DA:13,1
DA:15,1
DA:16,2
DA:17,1
DA:19,1
DA:20,1
DA:21,0
DA:23,1
DA:24,1
DA:25,0
DA:26,0
DA:27,0
DA:31,1
DA:32,2
DA:33,1
DA:34,1
DA:38,1
DA:39,1
DA:40,1
DA:41,1
DA:43,1
DA:44,2
DA:48,1
DA:49,1
DA:50,1
DA:51,1
DA:52,1
DA:53,4
DA:56,1
DA:61,1
DA:64,2
DA:74,2
DA:76,1
DA:78,1
DA:79,1
DA:80,1
DA:81,1
DA:82,1
DA:83,2
DA:84,0
DA:85,0
DA:86,0
DA:95,1
DA:96,1
DA:97,2
DA:98,3
DA:103,1
DA:104,1
DA:105,1
DA:106,1
DA:107,1
DA:109,1
DA:110,1
DA:111,1
DA:113,1
DA:114,1
DA:115,1
DA:116,1
DA:120,1
DA:121,1
DA:123,2
DA:124,1
DA:126,3
DA:127,1
DA:129,1
DA:130,2
DA:131,2
DA:132,2
DA:133,2
DA:134,2
DA:135,2
DA:136,2
DA:138,1
DA:140,3
DA:141,1
DA:143,3
DA:144,1
DA:146,3
DA:147,2
DA:156,2
DA:157,1
DA:159,1
DA:161,1
DA:162,1
DA:165,2
DA:166,1
DA:167,0
DA:168,0
DA:176,1
DA:177,1
DA:179,1
DA:180,1
DA:181,1
DA:182,1
DA:186,1
DA:195,1
DA:197,1
DA:198,1
DA:202,2
DA:203,1
DA:205,1
DA:207,1
DA:208,1
DA:209,1
DA:210,1
DA:212,1
DA:213,1
DA:214,1
DA:215,1
DA:216,1
DA:218,1
DA:219,1
DA:220,1
DA:221,1
DA:225,1
DA:226,1
DA:229,1
DA:230,1
DA:232,1
DA:233,1
DA:234,1
DA:235,1
DA:236,1
DA:238,1
DA:239,1
DA:241,1
DA:243,1
DA:244,1
DA:250,1
DA:252,1
DA:253,1
DA:254,1
DA:255,1
DA:256,1
DA:258,1
DA:259,1
DA:261,1
DA:263,1
DA:264,1
DA:274,1
DA:275,1
DA:276,1
DA:277,1
DA:279,1
DA:280,1
DA:281,1
DA:283,1
DA:284,2
DA:286,1
DA:288,1
DA:289,1
DA:291,1
DA:298,1
DA:300,1
DA:301,1
DA:302,1
DA:304,1
DA:305,2
DA:307,1
DA:309,1
DA:310,1
DA:323,1
DA:324,1
DA:325,1
DA:326,1
DA:328,1
DA:329,1
DA:330,1
DA:332,1
DA:333,2
DA:335,1
DA:337,1
DA:338,1
DA:340,1
DA:347,1
DA:349,1
DA:350,1
DA:351,1
DA:353,1
DA:354,2
DA:356,1
DA:358,1
DA:359,1
DA:372,1
DA:373,1
DA:376,1
DA:377,1
DA:379,1
DA:380,1
DA:381,1
DA:382,1
DA:383,1
DA:385,1
DA:387,1
DA:389,1
DA:395,1
DA:397,1
DA:398,1
DA:399,1
DA:400,1
DA:401,1
DA:403,1
DA:405,1
DA:407,1
DA:419,1
DA:420,1
DA:421,1
DA:422,3
DA:426,1
DA:427,1
DA:428,1
DA:429,3
DA:433,1
DA:434,1
DA:435,1
DA:436,3
DA:444,1
DA:445,1
DA:448,1
DA:456,0
DA:457,0
DA:460,0
DA:468,1
DA:469,1
DA:472,1
DA:480,1
DA:481,1
DA:484,1
DA:492,0
DA:493,0
DA:496,0
DA:506,1
DA:507,1
DA:509,1
LF:237
LH:222
end_of_record
SF:lib\ui\views\home\home_view.dart
DA:8,2
DA:10,1
DA:12,1
DA:13,1
DA:15,1
DA:16,2
DA:17,1
DA:18,1
DA:19,1
DA:20,0
DA:22,1
DA:23,1
DA:24,1
DA:27,1
DA:28,1
DA:29,1
DA:30,1
DA:33,1
DA:34,1
DA:35,1
DA:36,2
DA:38,1
DA:39,1
DA:40,0
DA:41,0
DA:43,1
DA:50,2
DA:53,2
DA:61,2
DA:63,1
DA:65,1
DA:66,1
DA:67,1
DA:68,1
DA:69,1
DA:70,2
DA:71,0
DA:72,0
DA:73,0
DA:83,2
DA:85,1
DA:87,1
DA:88,2
DA:89,1
DA:90,1
DA:91,0
DA:92,0
DA:94,1
DA:95,1
DA:96,1
DA:98,1
DA:100,1
DA:103,1
DA:104,1
DA:105,1
DA:107,1
DA:108,1
DA:109,1
DA:111,4
DA:112,1
DA:114,1
DA:115,3
DA:116,3
DA:117,3
DA:118,3
DA:119,3
DA:122,1
DA:123,1
DA:125,1
DA:126,1
DA:127,1
DA:129,1
DA:131,1
DA:133,1
DA:135,1
DA:136,4
DA:139,1
DA:141,1
DA:143,1
DA:145,4
DA:158,1
DA:159,1
DA:161,1
DA:165,1
DA:166,1
DA:167,1
DA:171,1
DA:177,1
DA:179,1
DA:181,1
DA:184,1
DA:185,1
DA:186,1
DA:188,1
DA:189,1
DA:190,1
DA:192,1
DA:194,1
DA:196,1
DA:198,1
DA:200,1
DA:204,1
DA:206,1
DA:207,1
DA:208,1
DA:210,1
DA:212,1
DA:214,1
DA:216,1
DA:218,1
DA:222,1
DA:224,1
DA:225,1
DA:226,1
DA:228,1
DA:230,1
DA:232,1
DA:234,1
DA:236,1
DA:240,1
DA:242,1
DA:243,1
DA:244,1
DA:246,1
DA:248,1
DA:250,1
DA:252,1
DA:254,1
DA:263,1
DA:264,1
DA:265,1
DA:266,1
DA:268,1
DA:270,1
DA:272,1
DA:279,1
DA:280,1
DA:283,1
DA:291,1
DA:292,1
DA:295,1
DA:303,1
DA:304,1
DA:307,1
DA:315,0
DA:316,0
DA:319,0
DA:327,1
DA:328,1
DA:331,1
DA:339,1
DA:340,1
DA:343,1
LF:153
LH:142
end_of_record
SF:lib\ui\views\profile\profile_view.dart
DA:9,2
DA:11,1
DA:14,1
DA:15,1
DA:16,0
DA:18,1
DA:21,1
DA:22,2
DA:23,1
DA:24,1
DA:25,1
DA:26,0
DA:28,1
DA:29,1
DA:30,1
DA:32,1
DA:33,1
DA:34,1
DA:35,1
DA:36,1
DA:39,1
DA:40,1
DA:41,1
DA:42,1
DA:44,1
DA:45,1
DA:46,0
DA:47,0
DA:49,1
DA:56,2
DA:59,2
DA:68,1
DA:69,1
DA:71,1
DA:73,1
DA:74,1
DA:75,1
DA:76,1
DA:78,1
DA:80,1
DA:83,1
DA:84,1
DA:85,1
DA:86,1
DA:87,1
DA:90,0
DA:93,2
DA:103,2
DA:105,1
DA:107,1
DA:108,1
DA:109,1
DA:110,1
DA:111,1
DA:112,2
DA:113,0
DA:114,0
DA:115,0
DA:125,2
DA:127,1
DA:129,1
DA:130,2
DA:131,1
DA:132,1
DA:133,0
DA:134,0
DA:136,1
DA:137,1
DA:138,1
DA:140,1
DA:142,1
DA:145,1
DA:146,1
DA:147,1
DA:149,1
DA:150,1
DA:151,1
DA:153,4
DA:154,1
DA:156,1
DA:157,3
DA:158,3
DA:159,3
DA:160,3
DA:161,3
DA:164,1
DA:165,1
DA:167,1
DA:168,1
DA:169,1
DA:171,1
DA:173,1
DA:175,1
DA:177,1
DA:178,4
DA:181,1
DA:183,1
DA:185,1
DA:187,4
DA:200,1
DA:201,1
DA:203,1
DA:207,1
DA:208,1
DA:209,1
DA:213,1
DA:219,1
DA:221,1
DA:223,1
DA:226,1
DA:227,1
DA:228,1
DA:230,1
DA:231,1
DA:232,1
DA:234,1
DA:236,1
DA:238,1
DA:240,1
DA:242,1
DA:246,1
DA:248,1
DA:249,1
DA:250,1
DA:252,1
DA:254,1
DA:256,1
DA:258,1
DA:260,1
DA:264,1
DA:266,1
DA:267,1
DA:268,1
DA:270,1
DA:272,1
DA:274,1
DA:276,1
DA:278,1
DA:282,1
DA:284,1
DA:285,1
DA:286,1
DA:288,1
DA:290,1
DA:292,1
DA:294,1
DA:296,1
DA:305,1
DA:306,1
DA:307,1
DA:308,1
DA:310,1
DA:312,1
DA:314,1
DA:321,1
DA:322,1
DA:325,1
DA:333,1
DA:334,1
DA:337,1
DA:345,1
DA:346,1
DA:349,1
DA:357,1
DA:358,1
DA:361,1
DA:369,1
DA:370,1
DA:373,1
DA:381,1
DA:382,1
DA:385,1
DA:397,2
DA:399,1
DA:401,3
DA:402,1
DA:403,1
DA:404,1
DA:405,1
DA:414,1
DA:416,3
DA:422,1
DA:423,1
DA:444,1
DA:445,1
DA:446,1
DA:447,1
DA:448,1
DA:450,1
DA:451,1
DA:452,1
DA:454,1
DA:457,1
DA:458,2
DA:459,2
DA:463,1
DA:464,1
DA:466,1
DA:467,1
DA:468,1
DA:469,1
DA:470,1
DA:472,1
DA:476,1
DA:478,1
DA:482,1
DA:484,1
DA:488,1
DA:490,1
DA:504,3
DA:507,1
DA:509,2
DA:510,1
DA:512,1
DA:514,1
DA:515,1
DA:517,1
DA:518,1
DA:519,1
DA:521,1
DA:523,1
DA:528,1
DA:530,1
DA:532,1
DA:535,1
DA:537,1
DA:538,1
DA:539,1
DA:541,1
DA:543,1
DA:544,1
DA:546,1
DA:548,1
DA:554,1
DA:555,1
DA:556,1
DA:557,1
DA:558,1
DA:561,1
DA:563,1
DA:564,1
DA:566,1
DA:568,1
DA:569,1
DA:571,1
DA:576,3
DA:578,1
DA:580,1
DA:581,1
DA:585,2
DA:586,1
DA:588,1
DA:590,1
DA:591,1
DA:593,1
DA:595,1
DA:601,1
DA:603,1
DA:605,1
DA:606,1
DA:608,1
DA:613,3
DA:614,1
DA:616,1
DA:617,1
DA:621,2
DA:622,1
DA:624,1
DA:626,1
DA:627,1
DA:629,1
DA:631,1
DA:637,1
DA:639,1
DA:640,1
DA:641,1
DA:643,1
DA:648,3
DA:649,1
DA:651,1
DA:652,1
DA:656,2
DA:657,1
DA:659,1
DA:661,1
DA:662,1
DA:664,1
DA:666,1
DA:677,3
DA:679,1
DA:680,1
DA:681,1
DA:682,1
DA:683,1
DA:687,1
LF:295
LH:285
end_of_record
SF:lib\ui\views\upload\upload_view.dart
DA:8,0
DA:10,0
DA:12,0
DA:13,0
DA:14,0
DA:15,0
DA:16,0
DA:17,0
DA:18,0
DA:22,0
DA:23,0
DA:26,0
DA:28,0
DA:29,0
DA:30,0
DA:31,0
DA:33,0
DA:34,0
DA:35,0
DA:37,0
DA:40,0
DA:45,0
DA:52,0
DA:54,0
DA:56,0
DA:57,0
DA:58,0
DA:59,0
DA:60,0
DA:61,0
DA:62,0
DA:63,0
DA:64,0
DA:65,0
DA:66,0
DA:75,0
DA:94,0
DA:100,0
DA:112,0
DA:130,0
DA:132,0
DA:134,0
DA:135,0
DA:136,0
DA:137,0
DA:138,0
DA:139,0
DA:140,0
DA:141,0
DA:144,0
DA:145,0
DA:146,0
DA:148,0
DA:150,0
DA:151,0
DA:154,0
DA:155,0
DA:156,0
DA:157,0
DA:158,0
DA:159,0
DA:160,0
DA:163,0
DA:164,0
DA:165,0
DA:167,0
DA:169,0
DA:170,0
DA:176,0
DA:194,0
DA:212,0
DA:230,0
DA:239,0
DA:241,0
DA:243,0
DA:244,0
DA:245,0
DA:246,0
DA:247,0
DA:248,0
DA:253,0
DA:254,0
DA:255,0
DA:257,0
DA:258,0
DA:260,0
DA:261,0
DA:262,0
DA:263,0
DA:265,0
DA:266,0
DA:269,0
DA:270,0
DA:273,0
DA:274,0
DA:276,0
DA:285,0
DA:287,0
DA:289,0
DA:290,0
DA:292,0
DA:293,0
DA:295,0
DA:296,0
DA:297,0
DA:306,0
DA:322,0
DA:323,0
DA:324,0
DA:326,0
DA:330,0
DA:331,0
DA:334,0
DA:343,0
DA:344,0
DA:347,0
DA:356,0
DA:357,0
DA:360,0
DA:369,0
DA:370,0
DA:373,0
DA:382,0
DA:383,0
DA:386,0
LF:125
LH:0
end_of_record
SF:lib\main.dart
DA:7,0
DA:8,0
DA:9,0
DA:14,0
DA:16,0
DA:18,0
DA:19,0
LF:7
LH:0
end_of_record
SF:lib\app\locator.iconfig.dart
DA:13,1
DA:14,1
DA:15,1
DA:16,0
DA:17,3
DA:18,1
DA:19,1
DA:20,2
DA:21,1
DA:22,0
DA:26,0
DA:27,0
DA:28,1
DA:29,1
DA:30,0
DA:31,0
LF:16
LH:10
end_of_record
SF:lib\services\api\fake_api.dart
DA:9,1
DA:10,1
DA:12,1
DA:26,1
DA:40,1
DA:54,1
DA:68,1
DA:81,1
DA:82,1
DA:83,1
DA:84,1
DA:85,1
DA:90,0
DA:91,0
DA:92,0
DA:97,0
DA:102,0
DA:107,0
DA:112,0
DA:117,0
DA:122,0
DA:127,0
DA:133,0
DA:134,0
DA:135,0
DA:136,0
DA:137,0
DA:138,0
DA:139,0
DA:140,0
DA:145,0
DA:146,0
DA:147,0
DA:148,0
DA:151,0
DA:152,0
DA:154,0
DA:156,0
DA:159,0
DA:167,1
DA:168,1
DA:178,1
DA:189,1
DA:199,1
DA:209,1
DA:219,1
DA:229,1
DA:230,1
DA:231,1
DA:232,1
DA:233,1
DA:234,1
DA:235,1
DA:241,0
DA:243,0
DA:247,0
DA:249,0
DA:253,1
DA:254,1
DA:264,1
DA:275,1
DA:285,1
DA:295,1
DA:305,1
DA:315,1
DA:316,1
DA:317,1
DA:318,1
DA:319,1
DA:320,1
DA:321,1
DA:327,0
DA:328,0
DA:329,0
DA:336,0
DA:343,0
DA:350,0
DA:357,0
DA:365,0
DA:366,0
DA:367,0
DA:368,0
DA:369,0
DA:374,1
DA:375,1
DA:376,1
DA:377,1
DA:378,1
DA:380,2
DA:384,0
DA:385,0
DA:386,0
DA:387,0
DA:388,0
DA:393,0
DA:399,1
DA:400,1
DA:405,0
DA:408,0
LF:99
LH:48
end_of_record
SF:lib\services\api\graphQL.dart
DA:9,0
DA:11,0
DA:15,0
DA:17,0
DA:21,0
DA:23,0
DA:27,0
DA:29,0
DA:33,0
DA:35,0
DA:39,0
DA:41,0
DA:45,0
DA:47,0
DA:51,0
DA:53,0
DA:56,0
DA:59,0
DA:62,0
DA:65,0
DA:68,0
DA:73,0
DA:76,0
DA:79,0
LF:24
LH:0
end_of_record
SF:lib\app\router.gr.dart
DA:50,0
DA:51,0
DA:65,0
DA:66,0
DA:169,0
DA:175,0
DA:181,0
DA:187,0
DA:193,0
DA:199,0
DA:205,0
DA:211,0
DA:217,0
DA:223,0
DA:229,0
LF:15
LH:0
end_of_record
SF:lib\ui\views\confirmed\confirmed_view.dart
DA:7,0
DA:9,0
DA:11,0
DA:12,0
DA:13,0
DA:14,0
DA:15,0
DA:16,0
DA:18,0
DA:19,0
DA:20,0
DA:21,0
DA:22,0
DA:26,0
DA:27,0
DA:28,0
DA:29,0
DA:30,0
DA:31,0
DA:37,0
DA:41,0
DA:46,0
DA:47,0
DA:48,0
DA:49,0
DA:50,0
DA:59,0
DA:61,0
DA:63,0
DA:64,0
DA:67,0
DA:68,0
DA:69,0
DA:71,0
DA:72,0
DA:74,0
DA:75,0
DA:76,0
DA:78,0
DA:79,0
DA:88,0
DA:90,0
DA:92,0
DA:96,0
DA:97,0
DA:98,0
DA:99,0
DA:100,0
DA:103,0
DA:104,0
DA:106,0
DA:107,0
DA:108,0
DA:109,0
DA:110,0
DA:111,0
DA:112,0
DA:113,0
DA:116,0
DA:117,0
DA:118,0
DA:119,0
DA:120,0
DA:123,0
DA:124,0
DA:125,0
DA:126,0
DA:128,0
DA:129,0
DA:130,0
DA:131,0
DA:132,0
DA:135,0
DA:136,0
DA:137,0
DA:138,0
DA:139,0
DA:140,0
DA:152,0
DA:154,0
DA:156,0
DA:157,0
DA:158,0
DA:159,0
DA:169,0
DA:171,0
DA:173,0
DA:174,0
DA:175,0
DA:176,0
DA:178,0
DA:180,0
DA:183,0
DA:184,0
DA:185,0
DA:187,0
DA:189,0
DA:190,0
DA:191,0
DA:192,0
DA:193,0
DA:194,0
DA:196,0
DA:197,0
DA:198,0
DA:204,0
DA:212,0
DA:214,0
DA:216,0
DA:217,0
DA:218,0
DA:219,0
DA:221,0
DA:222,0
DA:224,0
DA:225,0
DA:226,0
DA:227,0
DA:228,0
DA:241,0
DA:243,0
DA:245,0
DA:247,0
DA:248,0
DA:250,0
DA:254,0
DA:255,0
DA:256,0
DA:257,0
DA:258,0
DA:264,0
DA:265,0
DA:267,0
DA:269,0
DA:270,0
DA:271,0
DA:275,0
DA:281,0
DA:282,0
DA:284,0
DA:285,0
DA:286,0
DA:288,0
DA:291,0
DA:292,0
DA:293,0
DA:294,0
DA:295,0
DA:296,0
DA:297,0
DA:303,0
DA:315,0
DA:327,0
DA:328,0
DA:331,0
DA:334,0
DA:335,0
DA:336,0
DA:342,0
DA:343,0
DA:345,0
DA:346,0
DA:347,0
DA:349,0
DA:350,0
DA:351,0
DA:360,0
DA:361,0
DA:362,0
DA:363,0
DA:364,0
DA:365,0
DA:367,0
DA:371,0
DA:372,0
DA:373,0
DA:374,0
DA:379,0
DA:380,0
DA:381,0
DA:382,0
DA:383,0
DA:385,0
DA:388,0
DA:392,0
DA:393,0
DA:394,0
DA:396,0
DA:397,0
DA:404,0
DA:415,0
DA:416,0
DA:419,0
DA:428,0
DA:429,0
DA:432,0
DA:441,0
DA:442,0
DA:445,0
DA:454,0
DA:455,0
DA:458,0
DA:472,0
DA:474,0
DA:476,0
DA:477,0
DA:480,0
DA:481,0
DA:482,0
DA:483,0
DA:484,0
DA:486,0
DA:487,0
DA:488,0
DA:489,0
DA:490,0
DA:491,0
DA:494,0
DA:495,0
DA:497,0
DA:498,0
DA:500,0
LF:222
LH:0
end_of_record
SF:lib\ui\views\gallery\gallery_view.dart
DA:7,0
DA:9,0
DA:11,0
DA:12,0
DA:13,0
DA:14,0
DA:15,0
DA:16,0
DA:17,0
DA:18,0
DA:20,0
DA:21,0
DA:22,0
DA:23,0
DA:24,0
DA:28,0
DA:29,0
DA:30,0
DA:31,0
DA:34,0
DA:35,0
DA:36,0
DA:38,0
DA:39,0
DA:40,0
DA:41,0
DA:43,0
DA:44,0
DA:49,0
DA:53,0
DA:59,0
DA:60,0
DA:61,0
DA:62,0
DA:67,0
DA:68,0
DA:70,0
DA:71,0
DA:73,0
DA:74,0
DA:75,0
DA:76,0
DA:80,0
DA:92,0
DA:94,0
DA:96,0
DA:97,0
DA:98,0
DA:99,0
DA:100,0
DA:101,0
DA:102,0
DA:112,0
DA:113,0
DA:116,0
DA:125,0
DA:126,0
DA:129,0
LF:58
LH:0
end_of_record
SF:lib\ui\views\identification\identification_view.dart
DA:6,0
DA:8,0
DA:10,0
DA:11,0
DA:12,0
DA:14,0
LF:6
LH:0
end_of_record
SF:lib\ui\views\notconfirmed\notconfirmed_view.dart
DA:6,0
DA:8,0
DA:10,0
DA:11,0
DA:12,0
DA:13,0
DA:14,0
DA:15,0
DA:17,0
DA:18,0
DA:19,0
DA:20,0
DA:21,0
DA:25,0
DA:26,0
DA:27,0
DA:28,0
DA:29,0
DA:30,0
DA:36,0
DA:40,0
DA:45,0
DA:46,0
DA:47,0
DA:48,0
DA:49,0
DA:58,0
DA:60,0
DA:62,0
DA:63,0
DA:66,0
DA:67,0
DA:68,0
DA:70,0
DA:71,0
DA:73,0
DA:74,0
DA:75,0
DA:77,0
DA:78,0
DA:89,0
DA:91,0
DA:93,0
DA:94,0
DA:95,0
DA:96,0
DA:98,0
DA:100,0
DA:103,0
DA:104,0
DA:105,0
DA:107,0
DA:109,0
DA:110,0
DA:111,0
DA:112,0
DA:114,0
DA:115,0
DA:116,0
DA:122,0
DA:129,0
DA:153,0
DA:155,0
DA:157,0
DA:158,0
DA:159,0
DA:160,0
DA:162,0
DA:163,0
DA:165,0
DA:166,0
DA:167,0
DA:168,0
DA:169,0
DA:177,0
DA:179,0
DA:181,0
DA:185,0
DA:186,0
DA:187,0
DA:188,0
DA:189,0
DA:192,0
DA:193,0
DA:195,0
DA:196,0
DA:197,0
DA:198,0
DA:199,0
DA:200,0
DA:201,0
DA:203,0
DA:204,0
DA:205,0
DA:206,0
DA:207,0
DA:217,0
DA:229,0
DA:234,0
DA:235,0
DA:238,0
DA:247,0
DA:248,0
DA:251,0
DA:255,0
LF:105
LH:0
end_of_record
SF:lib\ui\views\information\information_view.dart
DA:7,0
DA:9,0
DA:11,0
DA:12,0
DA:13,0
DA:14,0
DA:15,0
DA:16,0
DA:17,0
DA:19,0
LF:10
LH:0
end_of_record
SF:lib\ui\views\login\login_view.dart
DA:6,0
DA:8,0
DA:10,0
DA:11,0
DA:12,0
DA:13,0
DA:15,0
LF:7
LH:0
end_of_record
SF:lib\ui\views\search\search_view.dart
DA:7,0
DA:9,0
DA:10,0
DA:12,0
DA:14,0
DA:16,0
DA:17,0
DA:18,0
DA:19,0
DA:20,0
DA:21,0
DA:22,0
DA:23,0
DA:24,0
DA:25,0
DA:26,0
DA:27,0
DA:28,0
DA:29,0
DA:30,0
DA:34,0
DA:36,0
DA:37,0
DA:39,0
DA:40,0
DA:41,0
DA:43,0
DA:44,0
DA:45,0
DA:46,0
DA:47,0
DA:48,0
DA:56,0
DA:60,0
DA:70,0
DA:72,0
DA:74,0
DA:75,0
DA:76,0
DA:77,0
DA:78,0
DA:79,0
DA:80,0
DA:81,0
DA:82,0
DA:84,0
DA:94,0
DA:96,0
DA:98,0
DA:99,0
DA:100,0
DA:101,0
DA:102,0
DA:103,0
DA:104,0
DA:105,0
DA:106,0
DA:114,0
DA:115,0
DA:116,0
DA:117,0
DA:119,0
DA:121,0
DA:123,0
DA:124,0
DA:125,0
DA:126,0
DA:134,0
DA:135,0
DA:139,0
DA:140,0
DA:141,0
DA:145,0
DA:153,0
DA:154,0
DA:157,0
DA:166,0
DA:167,0
DA:170,0
DA:179,0
DA:180,0
DA:183,0
DA:192,0
DA:193,0
DA:196,0
DA:205,0
DA:206,0
DA:209,0
DA:218,0
DA:219,0
DA:220,0
DA:221,0
DA:222,0
DA:223,0
DA:231,0
DA:232,0
DA:236,0
DA:237,0
DA:238,0
DA:244,0
DA:248,0
DA:249,0
DA:251,0
DA:253,0
DA:254,0
DA:259,0
DA:263,0
DA:266,0
DA:271,0
DA:272,0
DA:273,0
DA:275,0
DA:276,0
DA:277,0
DA:278,0
DA:279,0
DA:280,0
DA:281,0
DA:283,0
DA:285,0
DA:287,0
DA:288,0
DA:289,0
DA:290,0
LF:124
LH:0
end_of_record
SF:lib\ui\widgets\bottom_navigation\bottom_nav.dart
DA:10,1
DA:14,1
DA:15,1
DA:21,1
DA:25,1
DA:28,0
DA:29,0
DA:30,0
DA:32,0
DA:33,0
DA:35,0
DA:36,0
DA:38,0
DA:39,0
DA:41,0
DA:42,0
DA:50,0
DA:51,0
DA:52,0
DA:54,0
DA:55,0
DA:57,0
DA:58,0
DA:60,0
DA:61,0
DA:63,0
DA:64,0
DA:72,2
DA:73,0
DA:74,0
DA:90,0
DA:91,0
DA:99,0
DA:102,1
DA:103,1
DA:105,1
DA:106,1
DA:107,1
DA:108,2
DA:110,1
DA:111,1
DA:112,2
DA:114,1
DA:115,1
DA:116,2
DA:118,1
DA:119,1
DA:120,2
DA:124,1
DA:132,1
LF:50
LH:23
end_of_record
SF:lib\services\datamodels\api_models.dart
DA:11,1
DA:28,1
DA:36,1
DA:49,1
DA:57,1
DA:67,0
DA:75,0
DA:83,0
LF:8
LH:5
end_of_record
SF:lib\ui\views\animals\animal_viewmodel.dart
DA:13,0
DA:19,0
DA:21,1
DA:22,3
DA:23,1
DA:24,4
DA:25,6
DA:28,1
DA:29,4
DA:30,3
DA:31,1
DA:33,2
DA:36,0
DA:37,0
DA:40,0
DA:41,0
DA:44,0
DA:45,0
DA:48,0
DA:49,0
DA:50,0
DA:60,1
LF:22
LH:11
end_of_record
SF:lib\ui\views\confirmed\confirmed_viewmodel.dart
DA:16,0
DA:21,0
DA:30,0
DA:31,0
DA:34,0
DA:37,0
DA:39,0
DA:43,0
DA:44,0
DA:47,0
DA:48,0
DA:51,0
DA:52,0
DA:55,0
DA:56,0
DA:57,0
DA:58,0
DA:59,0
DA:60,0
DA:63,0
DA:64,0
DA:76,0
DA:82,0
LF:23
LH:0
end_of_record
SF:lib\ui\views\gallery\gallery_viewmodel.dart
DA:13,0
DA:19,0
DA:21,0
DA:22,0
DA:23,0
DA:24,0
DA:25,0
DA:27,0
DA:28,0
DA:29,0
DA:30,0
DA:31,0
DA:32,0
DA:35,0
DA:36,0
DA:39,0
DA:40,0
DA:41,0
DA:48,0
LF:19
LH:0
end_of_record
SF:lib\ui\views\home\home_viewmodel.dart
DA:17,1
DA:18,3
DA:22,0
DA:23,0
DA:26,0
DA:27,0
DA:30,0
DA:31,0
DA:34,0
DA:35,0
DA:38,0
DA:40,0
DA:42,0
DA:44,0
DA:45,0
DA:46,0
DA:48,0
DA:50,0
LF:18
LH:2
end_of_record
SF:lib\ui\views\identification\identification_viewmodel.dart
DA:12,0
LF:1
LH:0
end_of_record
SF:lib\ui\views\information\information_viewmodel.dart
DA:5,0
DA:8,0
DA:10,0
DA:11,0
DA:12,0
LF:5
LH:0
end_of_record
SF:lib\ui\views\login\login_viewmodel.dart
DA:5,0
DA:8,0
DA:10,0
DA:11,0
DA:12,0
LF:5
LH:0
end_of_record
SF:lib\ui\views\notconfirmed\notconfirmed_viewmodel.dart
DA:16,0
DA:17,0
DA:20,0
DA:22,0
DA:24,0
DA:28,0
DA:29,0
DA:31,0
LF:8
LH:0
end_of_record
SF:lib\ui\views\profile\profile_viewmodel.dart
DA:17,1
DA:18,3
DA:19,3
DA:20,1
DA:24,0
DA:25,0
DA:28,0
DA:29,0
DA:32,0
DA:33,0
DA:36,0
DA:37,0
DA:40,0
DA:43,0
DA:45,0
DA:47,0
DA:48,0
DA:49,0
DA:51,0
DA:53,0
DA:65,1
LF:21
LH:5
end_of_record
SF:lib\ui\views\search\search_viewmodel.dart
DA:16,0
DA:17,0
DA:18,0
DA:21,0
DA:22,0
DA:23,0
DA:24,0
DA:25,0
DA:27,0
DA:28,0
DA:30,0
DA:31,0
DA:33,0
DA:35,0
DA:36,0
DA:37,0
DA:38,0
DA:39,0
DA:41,0
DA:42,0
DA:43,0
DA:44,0
DA:50,0
DA:51,0
DA:53,0
DA:54,0
DA:55,0
DA:56,0
DA:57,0
DA:59,0
DA:60,0
DA:61,0
DA:62,0
DA:68,0
DA:69,0
DA:70,0
DA:72,0
DA:76,0
DA:77,0
DA:80,0
DA:81,0
DA:91,0
LF:42
LH:0
end_of_record
SF:lib\ui\views\upload\upload_viewmodel.dart
DA:17,0
DA:20,0
DA:25,0
DA:26,0
DA:29,0
DA:30,0
DA:33,0
DA:34,0
DA:37,0
DA:38,0
DA:41,0
DA:42,0
DA:45,0
DA:48,0
DA:50,0
DA:52,0
DA:53,0
DA:54,0
DA:56,0
DA:58,0
DA:63,0
DA:65,0
DA:66,0
DA:68,0
DA:69,0
DA:70,0
DA:72,0
DA:77,0
DA:79,0
DA:80,0
DA:82,0
DA:83,0
DA:84,0
DA:86,0
LF:34
LH:0
end_of_record
